Using pre-set license
Built from '2022.3/staging' branch; Version is '2022.3.11f1 (d00248457e15) revision 13632072'; Using compiler version '192829333'; Build Type 'Release'
OS: 'Windows 10  (10.0.19045) 64bit Professional' Language: 'ru' Physical Memory: 32688 MB
BatchMode: 1, IsHumanControllingUs: 0, StartBugReporterOnCrash: 0, Is64bit: 1, IsPro: 1

COMMAND LINE ARGUMENTS:
N:\UnityHUB\UnityVer\2022.3.11f1\Editor\Unity.exe
-adb2
-batchMode
-noUpm
-name
AssetImportWorker1
-projectPath
N:/UnityHUB/Projects/TZ
-logFile
Logs/AssetImportWorker1.log
-srvPort
64083
Successfully changed project path to: N:/UnityHUB/Projects/TZ
N:/UnityHUB/Projects/TZ
[UnityMemory] Configuration Parameters - Can be set up in boot.config
    "memorysetup-bucket-allocator-granularity=16"
    "memorysetup-bucket-allocator-bucket-count=8"
    "memorysetup-bucket-allocator-block-size=33554432"
    "memorysetup-bucket-allocator-block-count=8"
    "memorysetup-main-allocator-block-size=16777216"
    "memorysetup-thread-allocator-block-size=16777216"
    "memorysetup-gfx-main-allocator-block-size=16777216"
    "memorysetup-gfx-thread-allocator-block-size=16777216"
    "memorysetup-cache-allocator-block-size=4194304"
    "memorysetup-typetree-allocator-block-size=2097152"
    "memorysetup-profiler-bucket-allocator-granularity=16"
    "memorysetup-profiler-bucket-allocator-bucket-count=8"
    "memorysetup-profiler-bucket-allocator-block-size=33554432"
    "memorysetup-profiler-bucket-allocator-block-count=8"
    "memorysetup-profiler-allocator-block-size=16777216"
    "memorysetup-profiler-editor-allocator-block-size=1048576"
    "memorysetup-temp-allocator-size-main=16777216"
    "memorysetup-job-temp-allocator-block-size=2097152"
    "memorysetup-job-temp-allocator-block-size-background=1048576"
    "memorysetup-job-temp-allocator-reduction-small-platforms=262144"
    "memorysetup-allocator-temp-initial-block-size-main=262144"
    "memorysetup-allocator-temp-initial-block-size-worker=262144"
    "memorysetup-temp-allocator-size-background-worker=32768"
    "memorysetup-temp-allocator-size-job-worker=262144"
    "memorysetup-temp-allocator-size-preload-manager=33554432"
    "memorysetup-temp-allocator-size-nav-mesh-worker=65536"
    "memorysetup-temp-allocator-size-audio-worker=65536"
    "memorysetup-temp-allocator-size-cloud-worker=32768"
    "memorysetup-temp-allocator-size-gi-baking-worker=262144"
    "memorysetup-temp-allocator-size-gfx=262144"
Player connection [20472] Host "[IP] 26.163.23.61 [Port] 0 [Flags] 2 [Guid] 308286598 [EditorId] 308286598 [Version] 1048832 [Id] WindowsEditor(7,DESKTOP-8SUV858) [Debug] 1 [PackageName] WindowsEditor [ProjectName] Editor" joined multi-casting on [225.0.0.222:54997]...

Player connection [20472] Host "[IP] 26.163.23.61 [Port] 0 [Flags] 2 [Guid] 308286598 [EditorId] 308286598 [Version] 1048832 [Id] WindowsEditor(7,DESKTOP-8SUV858) [Debug] 1 [PackageName] WindowsEditor [ProjectName] Editor" joined alternative multi-casting on [225.0.0.222:34997]...

[Physics::Module] Initialized MultithreadedJobDispatcher with 15 workers.
Refreshing native plugins compatible for Editor in 16.11 ms, found 3 plugins.
Preloading 0 native plugins for Editor in 0.00 ms.
Initialize engine version: 2022.3.11f1 (d00248457e15)
[Subsystems] Discovering subsystems at path N:/UnityHUB/UnityVer/2022.3.11f1/Editor/Data/Resources/UnitySubsystems
[Subsystems] Discovering subsystems at path N:/UnityHUB/Projects/TZ/Assets
GfxDevice: creating device client; threaded=0; jobified=0
Direct3D:
    Version:  Direct3D 11.0 [level 11.1]
    Renderer: AMD Radeon RX 6600 (ID=0x73ff)
    Vendor:   ATI
    VRAM:     8147 MB
    Driver:   31.0.21031.1005
Initialize mono
Mono path[0] = 'N:/UnityHUB/UnityVer/2022.3.11f1/Editor/Data/Managed'
Mono path[1] = 'N:/UnityHUB/UnityVer/2022.3.11f1/Editor/Data/MonoBleedingEdge/lib/mono/unityjit-win32'
Mono config path = 'N:/UnityHUB/UnityVer/2022.3.11f1/Editor/Data/MonoBleedingEdge/etc'
Using monoOptions --debugger-agent=transport=dt_socket,embedding=1,server=y,suspend=n,address=127.0.0.1:56924
Begin MonoManager ReloadAssembly
Registering precompiled unity dll's ...
Register platform support module: N:/UnityHUB/UnityVer/2022.3.11f1/Editor/Data/PlaybackEngines/WebGLSupport/UnityEditor.WebGL.Extensions.dll
Register platform support module: N:/UnityHUB/UnityVer/2022.3.11f1/Editor/Data/PlaybackEngines/WindowsStandaloneSupport/UnityEditor.WindowsStandalone.Extensions.dll
Registered in 0.017682 seconds.
- Loaded All Assemblies, in  0.765 seconds
Native extension for WindowsStandalone target not found
Native extension for WebGL target not found
Mono: successfully reloaded assembly
- Finished resetting the current domain, in  0.481 seconds
Domain Reload Profiling: 1245ms
	BeginReloadAssembly (245ms)
		ExecutionOrderSort (0ms)
		DisableScriptedObjects (0ms)
		BackupInstance (0ms)
		ReleaseScriptingObjects (0ms)
		CreateAndSetChildDomain (1ms)
	RebuildCommonClasses (81ms)
	RebuildNativeTypeToScriptingClass (27ms)
	initialDomainReloadingComplete (113ms)
	LoadAllAssembliesAndSetupDomain (299ms)
		LoadAssemblies (243ms)
		RebuildTransferFunctionScriptingTraits (0ms)
		AnalyzeDomain (296ms)
			TypeCache.Refresh (293ms)
				TypeCache.ScanAssembly (268ms)
			ScanForSourceGeneratedMonoScriptInfo (1ms)
			ResolveRequiredComponents (1ms)
	FinalizeReload (481ms)
		ReleaseScriptCaches (0ms)
		RebuildScriptCaches (0ms)
		SetupLoadedEditorAssemblies (368ms)
			LogAssemblyErrors (0ms)
			InitializePlatformSupportModulesInManaged (16ms)
			SetLoadedEditorAssemblies (9ms)
			RefreshPlugins (0ms)
			BeforeProcessingInitializeOnLoad (4ms)
			ProcessInitializeOnLoadAttributes (242ms)
			ProcessInitializeOnLoadMethodAttributes (95ms)
			AfterProcessingInitializeOnLoad (0ms)
			EditorAssembliesLoaded (0ms)
		ExecutionOrderSort2 (0ms)
		AwakeInstancesAfterBackupRestoration (0ms)
========================================================================
Worker process is ready to serve import requests
Begin MonoManager ReloadAssembly
- Loaded All Assemblies, in  1.145 seconds
Refreshing native plugins compatible for Editor in 3.96 ms, found 3 plugins.
Native extension for WindowsStandalone target not found
Native extension for WebGL target not found
Package Manager log level set to [2]
[Package Manager] Server::EnsureServerProcessIsRunning -- launch failed, reason: Unity was launched with the -noUpm command-line argument
[Package Manager] UpmClient::Send -- Unable to send message (not connected to UPM process).
[Package Manager] Cannot connect to Unity Package Manager local server
Mono: successfully reloaded assembly
- Finished resetting the current domain, in  1.058 seconds
Domain Reload Profiling: 2203ms
	BeginReloadAssembly (279ms)
		ExecutionOrderSort (0ms)
		DisableScriptedObjects (14ms)
		BackupInstance (0ms)
		ReleaseScriptingObjects (0ms)
		CreateAndSetChildDomain (33ms)
	RebuildCommonClasses (66ms)
	RebuildNativeTypeToScriptingClass (22ms)
	initialDomainReloadingComplete (71ms)
	LoadAllAssembliesAndSetupDomain (706ms)
		LoadAssemblies (511ms)
		RebuildTransferFunctionScriptingTraits (0ms)
		AnalyzeDomain (361ms)
			TypeCache.Refresh (320ms)
				TypeCache.ScanAssembly (293ms)
			ScanForSourceGeneratedMonoScriptInfo (29ms)
			ResolveRequiredComponents (10ms)
	FinalizeReload (1059ms)
		ReleaseScriptCaches (0ms)
		RebuildScriptCaches (0ms)
		SetupLoadedEditorAssemblies (758ms)
			LogAssemblyErrors (0ms)
			InitializePlatformSupportModulesInManaged (14ms)
			SetLoadedEditorAssemblies (7ms)
			RefreshPlugins (0ms)
			BeforeProcessingInitializeOnLoad (104ms)
			ProcessInitializeOnLoadAttributes (582ms)
			ProcessInitializeOnLoadMethodAttributes (43ms)
			AfterProcessingInitializeOnLoad (7ms)
			EditorAssembliesLoaded (0ms)
		ExecutionOrderSort2 (0ms)
		AwakeInstancesAfterBackupRestoration (20ms)
Launched and connected shader compiler UnityShaderCompiler.exe after 0.06 seconds
Refreshing native plugins compatible for Editor in 3.73 ms, found 3 plugins.
Preloading 0 native plugins for Editor in 0.00 ms.
Unloading 3083 Unused Serialized files (Serialized files now loaded: 0)
Unloading 32 unused Assets / (56.9 KB). Loaded Objects now: 3544.
Memory consumption went from 121.5 MB to 121.5 MB.
Total: 4.678800 ms (FindLiveObjects: 0.348400 ms CreateObjectMapping: 0.177500 ms MarkObjects: 3.880100 ms  DeleteObjects: 0.248900 ms)

AssetImportParameters requested are different than current active one (requested -> active):
  custom:container-demuxer-ogg: 62fdf1f143b41e24485cea50d1cbac27 -> 
  custom:video-decoder-ogg-theora: a1e56fd34408186e4bbccfd4996cb3dc -> 
  custom:framework-win-MediaFoundation: 216162199b28c13a410421893ffa2e32 -> 
  custom:CustomObjectIndexerAttribute: 756ad292c208cfabdd7b50bc23989ffe -> 
  custom:container-demuxer-webm: 4f35f7cbe854078d1ac9338744f61a02 -> 
  custom:container-muxer-webm: aa71ff27fc2769a1b78a27578f13a17b -> 
  custom:video-decoder-webm-vp8: 9c59270c3fd7afecdb556c50c9e8de78 -> 
  custom:SearchIndexIgnoredProperties: e643bd26f0fe6173181afceb89e7c659 -> 
  custom:AudioImporter_EditorPlatform: d09bf68614088b80899f8185d706f6e7 -> 
  custom:video-encoder-webm-vp8: eb34c28f22e8b96e1ab97ce403110664 -> 
  custom:audio-decoder-ogg-vorbis: bf7c407c2cedff20999df2af8eb42d56 -> 
  custom:audio-encoder-webm-vorbis: bf7c407c2cedff20999df2af8eb42d56 -> 
========================================================================
Received Import Request.
  Time since last request: 204492.176921 seconds.
  path: Assets/WoodsLifestyle/Prefabs/Cabins/Cabin_02.prefab
  artifactKey: Guid(36ebaa25b1c08964b99fdbb5a236580b) Importer(815301076,1909f56bfc062723c751e8b465ee728b)
Start importing Assets/WoodsLifestyle/Prefabs/Cabins/Cabin_02.prefab using Guid(36ebaa25b1c08964b99fdbb5a236580b) Importer(815301076,1909f56bfc062723c751e8b465ee728b)  -> (artifact id: '9e7df23f98f73d4beadd3f0c41621648') in 0.185314 seconds
Number of updated asset objects reloaded before import = 0
Number of asset objects unloaded after import = 36
========================================================================
Received Prepare
Begin MonoManager ReloadAssembly
- Loaded All Assemblies, in  0.742 seconds
Refreshing native plugins compatible for Editor in 4.01 ms, found 3 plugins.
Native extension for WindowsStandalone target not found
Native extension for WebGL target not found
[Package Manager] Server::EnsureServerProcessIsRunning -- launch failed, reason: Unity was launched with the -noUpm command-line argument
[Package Manager] UpmClient::Send -- Unable to send message (not connected to UPM process).
[Package Manager] Cannot connect to Unity Package Manager local server
Mono: successfully reloaded assembly
- Finished resetting the current domain, in  1.518 seconds
Domain Reload Profiling: 2258ms
	BeginReloadAssembly (271ms)
		ExecutionOrderSort (0ms)
		DisableScriptedObjects (9ms)
		BackupInstance (0ms)
		ReleaseScriptingObjects (0ms)
		CreateAndSetChildDomain (53ms)
	RebuildCommonClasses (70ms)
	RebuildNativeTypeToScriptingClass (22ms)
	initialDomainReloadingComplete (45ms)
	LoadAllAssembliesAndSetupDomain (332ms)
		LoadAssemblies (476ms)
		RebuildTransferFunctionScriptingTraits (0ms)
		AnalyzeDomain (20ms)
			TypeCache.Refresh (10ms)
				TypeCache.ScanAssembly (0ms)
			ScanForSourceGeneratedMonoScriptInfo (0ms)
			ResolveRequiredComponents (8ms)
	FinalizeReload (1518ms)
		ReleaseScriptCaches (0ms)
		RebuildScriptCaches (0ms)
		SetupLoadedEditorAssemblies (707ms)
			LogAssemblyErrors (0ms)
			InitializePlatformSupportModulesInManaged (13ms)
			SetLoadedEditorAssemblies (7ms)
			RefreshPlugins (0ms)
			BeforeProcessingInitializeOnLoad (111ms)
			ProcessInitializeOnLoadAttributes (526ms)
			ProcessInitializeOnLoadMethodAttributes (42ms)
			AfterProcessingInitializeOnLoad (8ms)
			EditorAssembliesLoaded (0ms)
		ExecutionOrderSort2 (0ms)
		AwakeInstancesAfterBackupRestoration (21ms)
Refreshing native plugins compatible for Editor in 4.78 ms, found 3 plugins.
Preloading 0 native plugins for Editor in 0.00 ms.
Unloading 3075 Unused Serialized files (Serialized files now loaded: 0)
Unloading 23 unused Assets / (31.0 KB). Loaded Objects now: 3555.
Memory consumption went from 126.2 MB to 126.1 MB.
Total: 4.801400 ms (FindLiveObjects: 0.389900 ms CreateObjectMapping: 0.152000 ms MarkObjects: 4.188500 ms  DeleteObjects: 0.068900 ms)

Prepare: number of updated asset objects reloaded= 0
AssetImportParameters requested are different than current active one (requested -> active):
  custom:container-demuxer-ogg: 62fdf1f143b41e24485cea50d1cbac27 -> 
  custom:video-decoder-ogg-theora: a1e56fd34408186e4bbccfd4996cb3dc -> 
  custom:framework-win-MediaFoundation: 216162199b28c13a410421893ffa2e32 -> 
  custom:CustomObjectIndexerAttribute: 756ad292c208cfabdd7b50bc23989ffe -> 
  custom:container-demuxer-webm: 4f35f7cbe854078d1ac9338744f61a02 -> 
  custom:container-muxer-webm: aa71ff27fc2769a1b78a27578f13a17b -> 
  custom:video-decoder-webm-vp8: 9c59270c3fd7afecdb556c50c9e8de78 -> 
  custom:SearchIndexIgnoredProperties: e643bd26f0fe6173181afceb89e7c659 -> 
  custom:AudioImporter_EditorPlatform: d09bf68614088b80899f8185d706f6e7 -> 
  custom:video-encoder-webm-vp8: eb34c28f22e8b96e1ab97ce403110664 -> 
  custom:audio-decoder-ogg-vorbis: bf7c407c2cedff20999df2af8eb42d56 -> 
  custom:audio-encoder-webm-vorbis: bf7c407c2cedff20999df2af8eb42d56 -> 
========================================================================
Received Import Request.
  Time since last request: 806.429462 seconds.
  path: Assets/VanillaArt_MeadevilPack_FREE/Prefabs/ReadyToGame/7planks_01.prefab
  artifactKey: Guid(cf2e2f2a20611e448a6f744afda63faf) Importer(815301076,1909f56bfc062723c751e8b465ee728b)
Start importing Assets/VanillaArt_MeadevilPack_FREE/Prefabs/ReadyToGame/7planks_01.prefab using Guid(cf2e2f2a20611e448a6f744afda63faf) Importer(815301076,1909f56bfc062723c751e8b465ee728b)  -> (artifact id: 'eb441292f4ef4b9961b9bde62a8721f1') in 0.130282 seconds
Number of updated asset objects reloaded before import = 0
Number of asset objects unloaded after import = 40
========================================================================
Received Import Request.
  Time since last request: 0.000036 seconds.
  path: Assets/VanillaArt_MeadevilPack_FREE/Prefabs/ReadyToGame/house_01.prefab
  artifactKey: Guid(254bd85c722f56a45b620ef7ca823317) Importer(815301076,1909f56bfc062723c751e8b465ee728b)
Start importing Assets/VanillaArt_MeadevilPack_FREE/Prefabs/ReadyToGame/house_01.prefab using Guid(254bd85c722f56a45b620ef7ca823317) Importer(815301076,1909f56bfc062723c751e8b465ee728b)  -> (artifact id: 'eeac97cfffcbbb45ceb86d3086c353dc') in 0.059822 seconds
Number of updated asset objects reloaded before import = 0
Number of asset objects unloaded after import = 233
========================================================================
Received Import Request.
  Time since last request: 0.000027 seconds.
  path: Assets/VanillaArt_MeadevilPack_FREE/Prefabs/ReadyToGame/fence_08.prefab
  artifactKey: Guid(b7803faee2893e9488d3c943ba5944ca) Importer(815301076,1909f56bfc062723c751e8b465ee728b)
Start importing Assets/VanillaArt_MeadevilPack_FREE/Prefabs/ReadyToGame/fence_08.prefab using Guid(b7803faee2893e9488d3c943ba5944ca) Importer(815301076,1909f56bfc062723c751e8b465ee728b)  -> (artifact id: 'f8ebc059225730da767db10b61b15a7a') in 0.019203 seconds
Number of updated asset objects reloaded before import = 0
Number of asset objects unloaded after import = 20
========================================================================
Received Import Request.
  Time since last request: 0.000036 seconds.
  path: Assets/VanillaArt_MeadevilPack_FREE/Prefabs/ReadyToGame/stone_01.prefab
  artifactKey: Guid(a0a878f902f347242a034838ad481be3) Importer(815301076,1909f56bfc062723c751e8b465ee728b)
Start importing Assets/VanillaArt_MeadevilPack_FREE/Prefabs/ReadyToGame/stone_01.prefab using Guid(a0a878f902f347242a034838ad481be3) Importer(815301076,1909f56bfc062723c751e8b465ee728b)  -> (artifact id: '1a631142aa90d88fab5214a3bce3c06f') in 0.016730 seconds
Number of updated asset objects reloaded before import = 0
Number of asset objects unloaded after import = 8
========================================================================
Received Import Request.
  Time since last request: 0.000025 seconds.
  path: Assets/VanillaArt_MeadevilPack_FREE/Prefabs/ReadyToGame/tree_05.prefab
  artifactKey: Guid(21018057991ff104ea7eb7f63ed94174) Importer(815301076,1909f56bfc062723c751e8b465ee728b)
Start importing Assets/VanillaArt_MeadevilPack_FREE/Prefabs/ReadyToGame/tree_05.prefab using Guid(21018057991ff104ea7eb7f63ed94174) Importer(815301076,1909f56bfc062723c751e8b465ee728b)  -> (artifact id: '7f959772829586f0c174db6c65d49dfa') in 0.016942 seconds
Number of updated asset objects reloaded before import = 0
Number of asset objects unloaded after import = 16
========================================================================
Received Import Request.
  Time since last request: 0.000020 seconds.
  path: Assets/VanillaArt_MeadevilPack_FREE/Prefabs/ReadyToGame/grass_01.prefab
  artifactKey: Guid(2e6db8cb049e41842b2d71a4bf267e28) Importer(815301076,1909f56bfc062723c751e8b465ee728b)
Start importing Assets/VanillaArt_MeadevilPack_FREE/Prefabs/ReadyToGame/grass_01.prefab using Guid(2e6db8cb049e41842b2d71a4bf267e28) Importer(815301076,1909f56bfc062723c751e8b465ee728b)  -> (artifact id: '1bea0017482318c43a494bad31e6eef9') in 0.016068 seconds
Number of updated asset objects reloaded before import = 0
Number of asset objects unloaded after import = 8
========================================================================
Received Import Request.
  Time since last request: 0.000024 seconds.
  path: Assets/VanillaArt_MeadevilPack_FREE/Prefabs/ReadyToGame/stone_06.prefab
  artifactKey: Guid(d9ad1c471a9c2dd47802fd6a681ecd3d) Importer(815301076,1909f56bfc062723c751e8b465ee728b)
Start importing Assets/VanillaArt_MeadevilPack_FREE/Prefabs/ReadyToGame/stone_06.prefab using Guid(d9ad1c471a9c2dd47802fd6a681ecd3d) Importer(815301076,1909f56bfc062723c751e8b465ee728b)  -> (artifact id: '231e89326a0d458de1582d4f3033a3cf') in 0.015391 seconds
Number of updated asset objects reloaded before import = 0
Number of asset objects unloaded after import = 8
========================================================================
Received Import Request.
  Time since last request: 0.000026 seconds.
  path: Assets/VanillaArt_MeadevilPack_FREE/Prefabs/ReadyToGame/tree_01.prefab
  artifactKey: Guid(d6c768eebc3e3324bb2e364c4375f7d9) Importer(815301076,1909f56bfc062723c751e8b465ee728b)
Start importing Assets/VanillaArt_MeadevilPack_FREE/Prefabs/ReadyToGame/tree_01.prefab using Guid(d6c768eebc3e3324bb2e364c4375f7d9) Importer(815301076,1909f56bfc062723c751e8b465ee728b)  -> (artifact id: '518c9e0d68728b8cdf9b9ef2e8dfd04c') in 0.019497 seconds
Number of updated asset objects reloaded before import = 0
Number of asset objects unloaded after import = 16
========================================================================
Received Import Request.
  Time since last request: 0.000023 seconds.
  path: Assets/VanillaArt_MeadevilPack_FREE/Prefabs/ReadyToGame/stone_03.prefab
  artifactKey: Guid(9298fd130b9a22545a727f0f4bea9e2c) Importer(815301076,1909f56bfc062723c751e8b465ee728b)
Start importing Assets/VanillaArt_MeadevilPack_FREE/Prefabs/ReadyToGame/stone_03.prefab using Guid(9298fd130b9a22545a727f0f4bea9e2c) Importer(815301076,1909f56bfc062723c751e8b465ee728b)  -> (artifact id: 'e89d67902f160dd79a8a2ba3a36d861e') in 0.016850 seconds
Number of updated asset objects reloaded before import = 0
Number of asset objects unloaded after import = 8
========================================================================
Received Import Request.
  Time since last request: 0.000024 seconds.
  path: Assets/VanillaArt_MeadevilPack_FREE/Prefabs/ReadyToGame/fence_06.prefab
  artifactKey: Guid(b9ffbd1ea71ffcc40b9a601fbb5a7ceb) Importer(815301076,1909f56bfc062723c751e8b465ee728b)
Start importing Assets/VanillaArt_MeadevilPack_FREE/Prefabs/ReadyToGame/fence_06.prefab using Guid(b9ffbd1ea71ffcc40b9a601fbb5a7ceb) Importer(815301076,1909f56bfc062723c751e8b465ee728b)  -> (artifact id: '2308111926550b471180390aa00df78e') in 0.019451 seconds
Number of updated asset objects reloaded before import = 0
Number of asset objects unloaded after import = 20
========================================================================
Received Import Request.
  Time since last request: 0.000061 seconds.
  path: Assets/VanillaArt_MeadevilPack_FREE/Prefabs/ReadyToGame/grass_02.prefab
  artifactKey: Guid(82283b9f91bc48a409e19206bb89d528) Importer(815301076,1909f56bfc062723c751e8b465ee728b)
Start importing Assets/VanillaArt_MeadevilPack_FREE/Prefabs/ReadyToGame/grass_02.prefab using Guid(82283b9f91bc48a409e19206bb89d528) Importer(815301076,1909f56bfc062723c751e8b465ee728b)  -> (artifact id: '4ed58ce0f825d031126f95816e1d4db3') in 0.019238 seconds
Number of updated asset objects reloaded before import = 0
Number of asset objects unloaded after import = 8
========================================================================
Received Import Request.
  Time since last request: 0.000025 seconds.
  path: Assets/VanillaArt_MeadevilPack_FREE/Prefabs/ReadyToGame/cart_01.prefab
  artifactKey: Guid(f5bd1b648c2766b40805fae6cab6f017) Importer(815301076,1909f56bfc062723c751e8b465ee728b)
Start importing Assets/VanillaArt_MeadevilPack_FREE/Prefabs/ReadyToGame/cart_01.prefab using Guid(f5bd1b648c2766b40805fae6cab6f017) Importer(815301076,1909f56bfc062723c751e8b465ee728b)  -> (artifact id: '2697cadbfe63b3870c1af1a8103cbb09') in 0.022203 seconds
Number of updated asset objects reloaded before import = 0
Number of asset objects unloaded after import = 38
========================================================================
Received Import Request.
  Time since last request: 0.000020 seconds.
  path: Assets/VanillaArt_MeadevilPack_FREE/Prefabs/ReadyToGame/little_stone_02.prefab
  artifactKey: Guid(a383b0693fd86554b874d1292f822a41) Importer(815301076,1909f56bfc062723c751e8b465ee728b)
Start importing Assets/VanillaArt_MeadevilPack_FREE/Prefabs/ReadyToGame/little_stone_02.prefab using Guid(a383b0693fd86554b874d1292f822a41) Importer(815301076,1909f56bfc062723c751e8b465ee728b)  -> (artifact id: 'e9bbf805068c3fa62b2777baf2190505') in 0.017469 seconds
Number of updated asset objects reloaded before import = 0
Number of asset objects unloaded after import = 8
========================================================================
Received Import Request.
  Time since last request: 0.000030 seconds.
  path: Assets/VanillaArt_MeadevilPack_FREE/Prefabs/ReadyToGame/flower_02.prefab
  artifactKey: Guid(bc8fd101120683c478ba6672d19545d3) Importer(815301076,1909f56bfc062723c751e8b465ee728b)
Start importing Assets/VanillaArt_MeadevilPack_FREE/Prefabs/ReadyToGame/flower_02.prefab using Guid(bc8fd101120683c478ba6672d19545d3) Importer(815301076,1909f56bfc062723c751e8b465ee728b)  -> (artifact id: '82e6c265d866585cde867f11228d8dc2') in 0.021580 seconds
Number of updated asset objects reloaded before import = 0
Number of asset objects unloaded after import = 20
========================================================================
Received Import Request.
  Time since last request: 0.000028 seconds.
  path: Assets/VanillaArt_MeadevilPack_FREE/Prefabs/ReadyToGame/little_stone_03.prefab
  artifactKey: Guid(91c7395fc87581b4ab2ca025640d786c) Importer(815301076,1909f56bfc062723c751e8b465ee728b)
Start importing Assets/VanillaArt_MeadevilPack_FREE/Prefabs/ReadyToGame/little_stone_03.prefab using Guid(91c7395fc87581b4ab2ca025640d786c) Importer(815301076,1909f56bfc062723c751e8b465ee728b)  -> (artifact id: '55e28122a5fcb8f72e2ce501c9be3015') in 0.019655 seconds
Number of updated asset objects reloaded before import = 0
Number of asset objects unloaded after import = 8
========================================================================
Received Import Request.
  Time since last request: 0.000036 seconds.
  path: Assets/VanillaArt_MeadevilPack_FREE/Prefabs/ReadyToGame/barrel_01.prefab
  artifactKey: Guid(3bec5058743290f4c884ed6e3a440d08) Importer(815301076,1909f56bfc062723c751e8b465ee728b)
Start importing Assets/VanillaArt_MeadevilPack_FREE/Prefabs/ReadyToGame/barrel_01.prefab using Guid(3bec5058743290f4c884ed6e3a440d08) Importer(815301076,1909f56bfc062723c751e8b465ee728b)  -> (artifact id: 'a0c5eacfec9e8332b42fb9f180a112e9') in 0.019417 seconds
Number of updated asset objects reloaded before import = 0
Number of asset objects unloaded after import = 25
========================================================================
Received Import Request.
  Time since last request: 0.000029 seconds.
  path: Assets/VanillaArt_MeadevilPack_FREE/Prefabs/ReadyToGame/stone_04.prefab
  artifactKey: Guid(36ba605db8dae1943822caa918a58644) Importer(815301076,1909f56bfc062723c751e8b465ee728b)
Start importing Assets/VanillaArt_MeadevilPack_FREE/Prefabs/ReadyToGame/stone_04.prefab using Guid(36ba605db8dae1943822caa918a58644) Importer(815301076,1909f56bfc062723c751e8b465ee728b)  -> (artifact id: '84ef0ff70fbee2919f380c0eb189e6cf') in 0.019535 seconds
Number of updated asset objects reloaded before import = 0
Number of asset objects unloaded after import = 8
========================================================================
Received Import Request.
  Time since last request: 5.342675 seconds.
  path: Assets/VanillaArt_MeadevilPack_FREE/Prefabs/SoloObjects/landscape_03.prefab
  artifactKey: Guid(941f97f2515ff104d9041d90526a17f8) Importer(815301076,1909f56bfc062723c751e8b465ee728b)
Start importing Assets/VanillaArt_MeadevilPack_FREE/Prefabs/SoloObjects/landscape_03.prefab using Guid(941f97f2515ff104d9041d90526a17f8) Importer(815301076,1909f56bfc062723c751e8b465ee728b)  -> (artifact id: 'fd1d3720a257ead97657ae499520e8c7') in 0.016809 seconds
Number of updated asset objects reloaded before import = 0
Number of asset objects unloaded after import = 8
========================================================================
Received Import Request.
  Time since last request: 0.000032 seconds.
  path: Assets/VanillaArt_MeadevilPack_FREE/Prefabs/SoloObjects/plank_02.prefab
  artifactKey: Guid(a3617302c91e4fc438c43b22e4a4e805) Importer(815301076,1909f56bfc062723c751e8b465ee728b)
Start importing Assets/VanillaArt_MeadevilPack_FREE/Prefabs/SoloObjects/plank_02.prefab using Guid(a3617302c91e4fc438c43b22e4a4e805) Importer(815301076,1909f56bfc062723c751e8b465ee728b)  -> (artifact id: 'fcab60aa408a3e343ac387726b76a2c2') in 0.017562 seconds
Number of updated asset objects reloaded before import = 0
Number of asset objects unloaded after import = 8
========================================================================
Received Import Request.
  Time since last request: 0.000044 seconds.
  path: Assets/VanillaArt_MeadevilPack_FREE/Prefabs/SoloObjects/plank_05.prefab
  artifactKey: Guid(579dc985001cd4d4e93be6391fd912b5) Importer(815301076,1909f56bfc062723c751e8b465ee728b)
Start importing Assets/VanillaArt_MeadevilPack_FREE/Prefabs/SoloObjects/plank_05.prefab using Guid(579dc985001cd4d4e93be6391fd912b5) Importer(815301076,1909f56bfc062723c751e8b465ee728b)  -> (artifact id: 'f6f81756f0b3ece649b88f9f86f69e9c') in 0.017209 seconds
Number of updated asset objects reloaded before import = 0
Number of asset objects unloaded after import = 8
========================================================================
Received Import Request.
  Time since last request: 0.000022 seconds.
  path: Assets/VanillaArt_MeadevilPack_FREE/Prefabs/SoloObjects/plank_03.prefab
  artifactKey: Guid(160b32b8fc314f447b92b7072963936c) Importer(815301076,1909f56bfc062723c751e8b465ee728b)
Start importing Assets/VanillaArt_MeadevilPack_FREE/Prefabs/SoloObjects/plank_03.prefab using Guid(160b32b8fc314f447b92b7072963936c) Importer(815301076,1909f56bfc062723c751e8b465ee728b)  -> (artifact id: '0b4c910a5902e9646de6c5eb52a964c9') in 0.017421 seconds
Number of updated asset objects reloaded before import = 0
Number of asset objects unloaded after import = 8
========================================================================
Received Import Request.
  Time since last request: 0.000027 seconds.
  path: Assets/VanillaArt_MeadevilPack_FREE/Prefabs/SoloObjects/trailway_01_closed.prefab
  artifactKey: Guid(9efe041706d1c2749bfbc45dab67d18e) Importer(815301076,1909f56bfc062723c751e8b465ee728b)
Start importing Assets/VanillaArt_MeadevilPack_FREE/Prefabs/SoloObjects/trailway_01_closed.prefab using Guid(9efe041706d1c2749bfbc45dab67d18e) Importer(815301076,1909f56bfc062723c751e8b465ee728b)  -> (artifact id: '99cd652f0ede7e406e52bd935c58fc76') in 0.017011 seconds
Number of updated asset objects reloaded before import = 0
Number of asset objects unloaded after import = 8
========================================================================
Received Import Request.
  Time since last request: 0.000023 seconds.
  path: Assets/VanillaArt_MeadevilPack_FREE/Prefabs/SoloObjects/trailway_02.prefab
  artifactKey: Guid(7260cea2cdebe7b42aa736197382eeb6) Importer(815301076,1909f56bfc062723c751e8b465ee728b)
Start importing Assets/VanillaArt_MeadevilPack_FREE/Prefabs/SoloObjects/trailway_02.prefab using Guid(7260cea2cdebe7b42aa736197382eeb6) Importer(815301076,1909f56bfc062723c751e8b465ee728b)  -> (artifact id: '64bdd1f0a8e1e460bc438da211a1ec52') in 0.017653 seconds
Number of updated asset objects reloaded before import = 0
Number of asset objects unloaded after import = 8
========================================================================
Received Import Request.
  Time since last request: 0.000022 seconds.
  path: Assets/VanillaArt_MeadevilPack_FREE/Prefabs/SoloObjects/trailway_03.prefab
  artifactKey: Guid(81c7dfdea6864b147b2483f406e0f41f) Importer(815301076,1909f56bfc062723c751e8b465ee728b)
Start importing Assets/VanillaArt_MeadevilPack_FREE/Prefabs/SoloObjects/trailway_03.prefab using Guid(81c7dfdea6864b147b2483f406e0f41f) Importer(815301076,1909f56bfc062723c751e8b465ee728b)  -> (artifact id: 'a71dd48d9679fc2f440bc8da1c8e8d6f') in 0.017805 seconds
Number of updated asset objects reloaded before import = 0
Number of asset objects unloaded after import = 8
========================================================================
Received Import Request.
  Time since last request: 0.000028 seconds.
  path: Assets/VanillaArt_MeadevilPack_FREE/Prefabs/SoloObjects/trailway_02_closed_02.prefab
  artifactKey: Guid(3af6d9aca89c81a47927cd9857c97282) Importer(815301076,1909f56bfc062723c751e8b465ee728b)
Start importing Assets/VanillaArt_MeadevilPack_FREE/Prefabs/SoloObjects/trailway_02_closed_02.prefab using Guid(3af6d9aca89c81a47927cd9857c97282) Importer(815301076,1909f56bfc062723c751e8b465ee728b)  -> (artifact id: '1c5fb27bace73e1773ad404bd6d6bc3b') in 0.017598 seconds
Number of updated asset objects reloaded before import = 0
Number of asset objects unloaded after import = 8
Editor requested this worker to shutdown with reason: Scaling down because of idle timeout
TcpMessagingSession - receive error: operation aborted. errorcode: 995, details: ќпераци€ ввода/вывода была прервана из-за завершени€ потока команд или по запросу приложени€.
AssetImportWorker is now disconnected from the server
Process exiting
Exiting without the bug reporter. Application will terminate with return code 0