Using pre-set license
Built from '2022.3/staging' branch; Version is '2022.3.11f1 (d00248457e15) revision 13632072'; Using compiler version '192829333'; Build Type 'Release'
OS: 'Windows 10  (10.0.19045) 64bit Professional' Language: 'ru' Physical Memory: 32688 MB
BatchMode: 1, IsHumanControllingUs: 0, StartBugReporterOnCrash: 0, Is64bit: 1, IsPro: 1

COMMAND LINE ARGUMENTS:
N:\UnityHUB\UnityVer\2022.3.11f1\Editor\Unity.exe
-adb2
-batchMode
-noUpm
-name
AssetImportWorker2
-projectPath
N:/UnityHUB/Projects/TZ
-logFile
Logs/AssetImportWorker2.log
-srvPort
64083
Successfully changed project path to: N:/UnityHUB/Projects/TZ
N:/UnityHUB/Projects/TZ
[UnityMemory] Configuration Parameters - Can be set up in boot.config
    "memorysetup-bucket-allocator-granularity=16"
    "memorysetup-bucket-allocator-bucket-count=8"
    "memorysetup-bucket-allocator-block-size=33554432"
    "memorysetup-bucket-allocator-block-count=8"
    "memorysetup-main-allocator-block-size=16777216"
    "memorysetup-thread-allocator-block-size=16777216"
    "memorysetup-gfx-main-allocator-block-size=16777216"
    "memorysetup-gfx-thread-allocator-block-size=16777216"
    "memorysetup-cache-allocator-block-size=4194304"
    "memorysetup-typetree-allocator-block-size=2097152"
    "memorysetup-profiler-bucket-allocator-granularity=16"
    "memorysetup-profiler-bucket-allocator-bucket-count=8"
    "memorysetup-profiler-bucket-allocator-block-size=33554432"
    "memorysetup-profiler-bucket-allocator-block-count=8"
    "memorysetup-profiler-allocator-block-size=16777216"
    "memorysetup-profiler-editor-allocator-block-size=1048576"
    "memorysetup-temp-allocator-size-main=16777216"
    "memorysetup-job-temp-allocator-block-size=2097152"
    "memorysetup-job-temp-allocator-block-size-background=1048576"
    "memorysetup-job-temp-allocator-reduction-small-platforms=262144"
    "memorysetup-allocator-temp-initial-block-size-main=262144"
    "memorysetup-allocator-temp-initial-block-size-worker=262144"
    "memorysetup-temp-allocator-size-background-worker=32768"
    "memorysetup-temp-allocator-size-job-worker=262144"
    "memorysetup-temp-allocator-size-preload-manager=33554432"
    "memorysetup-temp-allocator-size-nav-mesh-worker=65536"
    "memorysetup-temp-allocator-size-audio-worker=65536"
    "memorysetup-temp-allocator-size-cloud-worker=32768"
    "memorysetup-temp-allocator-size-gi-baking-worker=262144"
    "memorysetup-temp-allocator-size-gfx=262144"
Player connection [17316] Host "[IP] 26.163.23.61 [Port] 0 [Flags] 2 [Guid] 3900585260 [EditorId] 3900585260 [Version] 1048832 [Id] WindowsEditor(7,DESKTOP-8SUV858) [Debug] 1 [PackageName] WindowsEditor [ProjectName] Editor" joined multi-casting on [225.0.0.222:54997]...

Player connection [17316] Host "[IP] 26.163.23.61 [Port] 0 [Flags] 2 [Guid] 3900585260 [EditorId] 3900585260 [Version] 1048832 [Id] WindowsEditor(7,DESKTOP-8SUV858) [Debug] 1 [PackageName] WindowsEditor [ProjectName] Editor" joined alternative multi-casting on [225.0.0.222:34997]...

[Physics::Module] Initialized MultithreadedJobDispatcher with 15 workers.
Refreshing native plugins compatible for Editor in 18.73 ms, found 3 plugins.
Preloading 0 native plugins for Editor in 0.00 ms.
Initialize engine version: 2022.3.11f1 (d00248457e15)
[Subsystems] Discovering subsystems at path N:/UnityHUB/UnityVer/2022.3.11f1/Editor/Data/Resources/UnitySubsystems
[Subsystems] Discovering subsystems at path N:/UnityHUB/Projects/TZ/Assets
GfxDevice: creating device client; threaded=0; jobified=0
Direct3D:
    Version:  Direct3D 11.0 [level 11.1]
    Renderer: AMD Radeon RX 6600 (ID=0x73ff)
    Vendor:   ATI
    VRAM:     8147 MB
    Driver:   31.0.21031.1005
Initialize mono
Mono path[0] = 'N:/UnityHUB/UnityVer/2022.3.11f1/Editor/Data/Managed'
Mono path[1] = 'N:/UnityHUB/UnityVer/2022.3.11f1/Editor/Data/MonoBleedingEdge/lib/mono/unityjit-win32'
Mono config path = 'N:/UnityHUB/UnityVer/2022.3.11f1/Editor/Data/MonoBleedingEdge/etc'
Using monoOptions --debugger-agent=transport=dt_socket,embedding=1,server=y,suspend=n,address=127.0.0.1:56420
Begin MonoManager ReloadAssembly
Registering precompiled unity dll's ...
Register platform support module: N:/UnityHUB/UnityVer/2022.3.11f1/Editor/Data/PlaybackEngines/WebGLSupport/UnityEditor.WebGL.Extensions.dll
Register platform support module: N:/UnityHUB/UnityVer/2022.3.11f1/Editor/Data/PlaybackEngines/WindowsStandaloneSupport/UnityEditor.WindowsStandalone.Extensions.dll
Registered in 0.015415 seconds.
- Loaded All Assemblies, in  0.611 seconds
Native extension for WindowsStandalone target not found
Native extension for WebGL target not found
Mono: successfully reloaded assembly
- Finished resetting the current domain, in  0.447 seconds
Domain Reload Profiling: 1057ms
	BeginReloadAssembly (190ms)
		ExecutionOrderSort (0ms)
		DisableScriptedObjects (0ms)
		BackupInstance (0ms)
		ReleaseScriptingObjects (0ms)
		CreateAndSetChildDomain (1ms)
	RebuildCommonClasses (65ms)
	RebuildNativeTypeToScriptingClass (18ms)
	initialDomainReloadingComplete (94ms)
	LoadAllAssembliesAndSetupDomain (242ms)
		LoadAssemblies (190ms)
		RebuildTransferFunctionScriptingTraits (0ms)
		AnalyzeDomain (238ms)
			TypeCache.Refresh (235ms)
				TypeCache.ScanAssembly (214ms)
			ScanForSourceGeneratedMonoScriptInfo (1ms)
			ResolveRequiredComponents (1ms)
	FinalizeReload (447ms)
		ReleaseScriptCaches (0ms)
		RebuildScriptCaches (0ms)
		SetupLoadedEditorAssemblies (346ms)
			LogAssemblyErrors (0ms)
			InitializePlatformSupportModulesInManaged (16ms)
			SetLoadedEditorAssemblies (8ms)
			RefreshPlugins (0ms)
			BeforeProcessingInitializeOnLoad (3ms)
			ProcessInitializeOnLoadAttributes (224ms)
			ProcessInitializeOnLoadMethodAttributes (95ms)
			AfterProcessingInitializeOnLoad (0ms)
			EditorAssembliesLoaded (0ms)
		ExecutionOrderSort2 (0ms)
		AwakeInstancesAfterBackupRestoration (0ms)
========================================================================
Worker process is ready to serve import requests
Begin MonoManager ReloadAssembly
- Loaded All Assemblies, in  1.002 seconds
Refreshing native plugins compatible for Editor in 4.58 ms, found 3 plugins.
Native extension for WindowsStandalone target not found
Native extension for WebGL target not found
Package Manager log level set to [2]
[Package Manager] Server::EnsureServerProcessIsRunning -- launch failed, reason: Unity was launched with the -noUpm command-line argument
[Package Manager] UpmClient::Send -- Unable to send message (not connected to UPM process).
[Package Manager] Cannot connect to Unity Package Manager local server
Mono: successfully reloaded assembly
- Finished resetting the current domain, in  0.907 seconds
Domain Reload Profiling: 1908ms
	BeginReloadAssembly (250ms)
		ExecutionOrderSort (0ms)
		DisableScriptedObjects (10ms)
		BackupInstance (0ms)
		ReleaseScriptingObjects (0ms)
		CreateAndSetChildDomain (29ms)
	RebuildCommonClasses (61ms)
	RebuildNativeTypeToScriptingClass (19ms)
	initialDomainReloadingComplete (66ms)
	LoadAllAssembliesAndSetupDomain (604ms)
		LoadAssemblies (459ms)
		RebuildTransferFunctionScriptingTraits (0ms)
		AnalyzeDomain (296ms)
			TypeCache.Refresh (264ms)
				TypeCache.ScanAssembly (240ms)
			ScanForSourceGeneratedMonoScriptInfo (23ms)
			ResolveRequiredComponents (7ms)
	FinalizeReload (908ms)
		ReleaseScriptCaches (0ms)
		RebuildScriptCaches (0ms)
		SetupLoadedEditorAssemblies (651ms)
			LogAssemblyErrors (0ms)
			InitializePlatformSupportModulesInManaged (11ms)
			SetLoadedEditorAssemblies (7ms)
			RefreshPlugins (0ms)
			BeforeProcessingInitializeOnLoad (92ms)
			ProcessInitializeOnLoadAttributes (496ms)
			ProcessInitializeOnLoadMethodAttributes (38ms)
			AfterProcessingInitializeOnLoad (7ms)
			EditorAssembliesLoaded (0ms)
		ExecutionOrderSort2 (0ms)
		AwakeInstancesAfterBackupRestoration (19ms)
Launched and connected shader compiler UnityShaderCompiler.exe after 0.06 seconds
Refreshing native plugins compatible for Editor in 3.79 ms, found 3 plugins.
Preloading 0 native plugins for Editor in 0.00 ms.
Unloading 3083 Unused Serialized files (Serialized files now loaded: 0)
Unloading 32 unused Assets / (56.9 KB). Loaded Objects now: 3544.
Memory consumption went from 121.6 MB to 121.5 MB.
Total: 6.489600 ms (FindLiveObjects: 0.368500 ms CreateObjectMapping: 0.191800 ms MarkObjects: 5.795500 ms  DeleteObjects: 0.132300 ms)

AssetImportParameters requested are different than current active one (requested -> active):
  custom:container-demuxer-ogg: 62fdf1f143b41e24485cea50d1cbac27 -> 
  custom:video-decoder-ogg-theora: a1e56fd34408186e4bbccfd4996cb3dc -> 
  custom:framework-win-MediaFoundation: 216162199b28c13a410421893ffa2e32 -> 
  custom:CustomObjectIndexerAttribute: 756ad292c208cfabdd7b50bc23989ffe -> 
  custom:container-demuxer-webm: 4f35f7cbe854078d1ac9338744f61a02 -> 
  custom:container-muxer-webm: aa71ff27fc2769a1b78a27578f13a17b -> 
  custom:video-decoder-webm-vp8: 9c59270c3fd7afecdb556c50c9e8de78 -> 
  custom:SearchIndexIgnoredProperties: e643bd26f0fe6173181afceb89e7c659 -> 
  custom:AudioImporter_EditorPlatform: d09bf68614088b80899f8185d706f6e7 -> 
  custom:video-encoder-webm-vp8: eb34c28f22e8b96e1ab97ce403110664 -> 
  custom:audio-decoder-ogg-vorbis: bf7c407c2cedff20999df2af8eb42d56 -> 
  custom:audio-encoder-webm-vorbis: bf7c407c2cedff20999df2af8eb42d56 -> 
========================================================================
Received Import Request.
  Time since last request: 205304.602463 seconds.
  path: Assets/VanillaArt_MeadevilPack_FREE/Prefabs/SoloObjects
  artifactKey: Guid(9d7a95bf527a4a641b1947afe1f4507f) Importer(815301076,1909f56bfc062723c751e8b465ee728b)
Start importing Assets/VanillaArt_MeadevilPack_FREE/Prefabs/SoloObjects using Guid(9d7a95bf527a4a641b1947afe1f4507f) Importer(815301076,1909f56bfc062723c751e8b465ee728b)  -> (artifact id: 'aca5dd407b8c62d5ea2d4f19e2cde970') in 0.002301 seconds
Number of updated asset objects reloaded before import = 0
Number of asset objects unloaded after import = 0
========================================================================
Received Import Request.
  Time since last request: 0.023017 seconds.
  path: Assets/VanillaArt_MeadevilPack_FREE/Prefabs/SoloObjects/landscape_01.prefab
  artifactKey: Guid(bc2a2d2cea686b94b9a5d935732119c6) Importer(815301076,1909f56bfc062723c751e8b465ee728b)
Start importing Assets/VanillaArt_MeadevilPack_FREE/Prefabs/SoloObjects/landscape_01.prefab using Guid(bc2a2d2cea686b94b9a5d935732119c6) Importer(815301076,1909f56bfc062723c751e8b465ee728b)  -> (artifact id: 'b3d59cf3ac0dff34374d378291b91376') in 0.160024 seconds
Number of updated asset objects reloaded before import = 0
Number of asset objects unloaded after import = 8
========================================================================
Received Import Request.
  Time since last request: 99.181374 seconds.
  path: Assets/VanillaArt_MeadevilPack_FREE/Models
  artifactKey: Guid(bed6da463590fa649b8a7655e3e1c8e6) Importer(815301076,1909f56bfc062723c751e8b465ee728b)
Start importing Assets/VanillaArt_MeadevilPack_FREE/Models using Guid(bed6da463590fa649b8a7655e3e1c8e6) Importer(815301076,1909f56bfc062723c751e8b465ee728b)  -> (artifact id: '5e86afa19b5290f5933c9d0a0eeef318') in 0.000723 seconds
Number of updated asset objects reloaded before import = 0
Number of asset objects unloaded after import = 0
========================================================================
Received Import Request.
  Time since last request: 0.034871 seconds.
  path: Assets/VanillaArt_MeadevilPack_FREE/Models/barrel_01.fbx
  artifactKey: Guid(9c6137d15694f5d46b0629929ae01273) Importer(815301076,1909f56bfc062723c751e8b465ee728b)
Start importing Assets/VanillaArt_MeadevilPack_FREE/Models/barrel_01.fbx using Guid(9c6137d15694f5d46b0629929ae01273) Importer(815301076,1909f56bfc062723c751e8b465ee728b)  -> (artifact id: 'cc776090f6d199554c3b57bd6c447956') in 0.137827 seconds
Number of updated asset objects reloaded before import = 0
Number of asset objects unloaded after import = 23
========================================================================
Received Import Request.
  Time since last request: 0.000027 seconds.
  path: Assets/VanillaArt_MeadevilPack_FREE/Models/trailway_01.fbx
  artifactKey: Guid(f67a5b37bea489940a7a92ebf6768157) Importer(815301076,1909f56bfc062723c751e8b465ee728b)
Start importing Assets/VanillaArt_MeadevilPack_FREE/Models/trailway_01.fbx using Guid(f67a5b37bea489940a7a92ebf6768157) Importer(815301076,1909f56bfc062723c751e8b465ee728b)  -> (artifact id: 'f6defb7b73ad22d7f1c83ea9dea6e613') in 0.026130 seconds
Number of updated asset objects reloaded before import = 0
Number of asset objects unloaded after import = 8
========================================================================
Received Import Request.
  Time since last request: 0.000025 seconds.
  path: Assets/VanillaArt_MeadevilPack_FREE/Models/grass_02.fbx
  artifactKey: Guid(8fc067e640c71a54188cc9a775622eb8) Importer(815301076,1909f56bfc062723c751e8b465ee728b)
Start importing Assets/VanillaArt_MeadevilPack_FREE/Models/grass_02.fbx using Guid(8fc067e640c71a54188cc9a775622eb8) Importer(815301076,1909f56bfc062723c751e8b465ee728b)  -> (artifact id: 'faebd7494b8ba988f3b1d889e8b15f77') in 0.022949 seconds
Number of updated asset objects reloaded before import = 0
Number of asset objects unloaded after import = 7
========================================================================
Received Import Request.
  Time since last request: 0.000031 seconds.
  path: Assets/VanillaArt_MeadevilPack_FREE/Models/fences_horizontal_part_02.fbx
  artifactKey: Guid(a9566b2d61cbb724bb315bc9a8737c0e) Importer(815301076,1909f56bfc062723c751e8b465ee728b)
Start importing Assets/VanillaArt_MeadevilPack_FREE/Models/fences_horizontal_part_02.fbx using Guid(a9566b2d61cbb724bb315bc9a8737c0e) Importer(815301076,1909f56bfc062723c751e8b465ee728b)  -> (artifact id: 'ccd82b02df17b1f1bce8d71a0769e4da') in 0.022682 seconds
Number of updated asset objects reloaded before import = 0
Number of asset objects unloaded after import = 7
========================================================================
Received Import Request.
  Time since last request: 0.000024 seconds.
  path: Assets/VanillaArt_MeadevilPack_FREE/Models/fences_horizontal_part_04.fbx
  artifactKey: Guid(40ec9cfcdc5c1924b8046ce9b97525b6) Importer(815301076,1909f56bfc062723c751e8b465ee728b)
Start importing Assets/VanillaArt_MeadevilPack_FREE/Models/fences_horizontal_part_04.fbx using Guid(40ec9cfcdc5c1924b8046ce9b97525b6) Importer(815301076,1909f56bfc062723c751e8b465ee728b)  -> (artifact id: 'cd360b7af36fedf69b007d540a375fc1') in 0.021970 seconds
Number of updated asset objects reloaded before import = 0
Number of asset objects unloaded after import = 7
========================================================================
Received Import Request.
  Time since last request: 0.000025 seconds.
  path: Assets/VanillaArt_MeadevilPack_FREE/Models/fences_vertical_part_04.fbx
  artifactKey: Guid(28f4158f0ebbb6046984f1158aeca0e9) Importer(815301076,1909f56bfc062723c751e8b465ee728b)
Start importing Assets/VanillaArt_MeadevilPack_FREE/Models/fences_vertical_part_04.fbx using Guid(28f4158f0ebbb6046984f1158aeca0e9) Importer(815301076,1909f56bfc062723c751e8b465ee728b)  -> (artifact id: 'd4f8bca77f4f244922d6ff78d8d7a11a') in 0.023770 seconds
Number of updated asset objects reloaded before import = 0
Number of asset objects unloaded after import = 7
========================================================================
Received Import Request.
  Time since last request: 0.000022 seconds.
  path: Assets/VanillaArt_MeadevilPack_FREE/Models/flower_02.fbx
  artifactKey: Guid(bb10ad058288afb4baf0e8111627bfd4) Importer(815301076,1909f56bfc062723c751e8b465ee728b)
Start importing Assets/VanillaArt_MeadevilPack_FREE/Models/flower_02.fbx using Guid(bb10ad058288afb4baf0e8111627bfd4) Importer(815301076,1909f56bfc062723c751e8b465ee728b)  -> (artifact id: '2ccf637e66e25929588fcbff758b737f') in 0.039239 seconds
Number of updated asset objects reloaded before import = 0
Number of asset objects unloaded after import = 17
========================================================================
Received Import Request.
  Time since last request: 0.000032 seconds.
  path: Assets/VanillaArt_MeadevilPack_FREE/Models/plank_07.fbx
  artifactKey: Guid(73398d0dfbecec841a069f575f1db305) Importer(815301076,1909f56bfc062723c751e8b465ee728b)
Start importing Assets/VanillaArt_MeadevilPack_FREE/Models/plank_07.fbx using Guid(73398d0dfbecec841a069f575f1db305) Importer(815301076,1909f56bfc062723c751e8b465ee728b)  -> (artifact id: '9043a213d6fc59b85529345be7a04629') in 0.028486 seconds
Number of updated asset objects reloaded before import = 0
Number of asset objects unloaded after import = 8
========================================================================
Received Import Request.
  Time since last request: 0.000039 seconds.
  path: Assets/VanillaArt_MeadevilPack_FREE/Models/tree_02.fbx
  artifactKey: Guid(8c2ebf7365479d44a9634adae53f7c84) Importer(815301076,1909f56bfc062723c751e8b465ee728b)
Start importing Assets/VanillaArt_MeadevilPack_FREE/Models/tree_02.fbx using Guid(8c2ebf7365479d44a9634adae53f7c84) Importer(815301076,1909f56bfc062723c751e8b465ee728b)  -> (artifact id: '8f0d84e225c3a8d1424441fa3e7a2676') in 0.038019 seconds
Number of updated asset objects reloaded before import = 0
Number of asset objects unloaded after import = 14
========================================================================
Received Import Request.
  Time since last request: 0.000026 seconds.
  path: Assets/VanillaArt_MeadevilPack_FREE/Models/stone_01.fbx
  artifactKey: Guid(95a06f06a0ae78a45b998f0dbccbf94a) Importer(815301076,1909f56bfc062723c751e8b465ee728b)
Start importing Assets/VanillaArt_MeadevilPack_FREE/Models/stone_01.fbx using Guid(95a06f06a0ae78a45b998f0dbccbf94a) Importer(815301076,1909f56bfc062723c751e8b465ee728b)  -> (artifact id: '2e3e4f8f892023bcd1b840a234cc58e0') in 0.022588 seconds
Number of updated asset objects reloaded before import = 0
Number of asset objects unloaded after import = 7
========================================================================
Received Import Request.
  Time since last request: 0.000027 seconds.
  path: Assets/VanillaArt_MeadevilPack_FREE/Models/plank_06.fbx
  artifactKey: Guid(c4b476cde40d1b94cb40966e3fbaed5e) Importer(815301076,1909f56bfc062723c751e8b465ee728b)
Start importing Assets/VanillaArt_MeadevilPack_FREE/Models/plank_06.fbx using Guid(c4b476cde40d1b94cb40966e3fbaed5e) Importer(815301076,1909f56bfc062723c751e8b465ee728b)  -> (artifact id: 'b3eb8d5809c8f2ad2f6414d0b3b7ce89') in 0.026971 seconds
Number of updated asset objects reloaded before import = 0
Number of asset objects unloaded after import = 8
========================================================================
Received Import Request.
  Time since last request: 0.000022 seconds.
  path: Assets/VanillaArt_MeadevilPack_FREE/Models/trailway_02_closed_01.fbx
  artifactKey: Guid(cca806a1c4c8a2c44812c40988f1a721) Importer(815301076,1909f56bfc062723c751e8b465ee728b)
Start importing Assets/VanillaArt_MeadevilPack_FREE/Models/trailway_02_closed_01.fbx using Guid(cca806a1c4c8a2c44812c40988f1a721) Importer(815301076,1909f56bfc062723c751e8b465ee728b)  -> (artifact id: '4782bd539ae59579db15d88f96ebaad4') in 0.027461 seconds
Number of updated asset objects reloaded before import = 0
Number of asset objects unloaded after import = 8
========================================================================
Received Import Request.
  Time since last request: 0.000049 seconds.
  path: Assets/VanillaArt_MeadevilPack_FREE/Models/little_stone_02.fbx
  artifactKey: Guid(a3e12c2100d0f6d4ca18d8d242957433) Importer(815301076,1909f56bfc062723c751e8b465ee728b)
Start importing Assets/VanillaArt_MeadevilPack_FREE/Models/little_stone_02.fbx using Guid(a3e12c2100d0f6d4ca18d8d242957433) Importer(815301076,1909f56bfc062723c751e8b465ee728b)  -> (artifact id: '3f704ff828cc242535505df3dc37c0db') in 0.025660 seconds
Number of updated asset objects reloaded before import = 0
Number of asset objects unloaded after import = 7
========================================================================
Received Import Request.
  Time since last request: 0.000019 seconds.
  path: Assets/VanillaArt_MeadevilPack_FREE/Models/trailway_03.fbx
  artifactKey: Guid(9185bebce5c8f0d408b00be13300f23b) Importer(815301076,1909f56bfc062723c751e8b465ee728b)
Start importing Assets/VanillaArt_MeadevilPack_FREE/Models/trailway_03.fbx using Guid(9185bebce5c8f0d408b00be13300f23b) Importer(815301076,1909f56bfc062723c751e8b465ee728b)  -> (artifact id: '742b75515fa3ffd8d771fe6b36982780') in 0.029710 seconds
Number of updated asset objects reloaded before import = 0
Number of asset objects unloaded after import = 8
========================================================================
Received Import Request.
  Time since last request: 0.000025 seconds.
  path: Assets/VanillaArt_MeadevilPack_FREE/Models/trailway_03_closed_01.fbx
  artifactKey: Guid(cd23df12058bcc3498107666ba9cf5c8) Importer(815301076,1909f56bfc062723c751e8b465ee728b)
Start importing Assets/VanillaArt_MeadevilPack_FREE/Models/trailway_03_closed_01.fbx using Guid(cd23df12058bcc3498107666ba9cf5c8) Importer(815301076,1909f56bfc062723c751e8b465ee728b)  -> (artifact id: '36f5a9932208ed936e8ffc09f999fd60') in 0.032143 seconds
Number of updated asset objects reloaded before import = 0
Number of asset objects unloaded after import = 8
========================================================================
Received Import Request.
  Time since last request: 0.000027 seconds.
  path: Assets/VanillaArt_MeadevilPack_FREE/Models/trailway_01_closed.fbx
  artifactKey: Guid(c068edddd51ebd547866c70986fe9574) Importer(815301076,1909f56bfc062723c751e8b465ee728b)
Start importing Assets/VanillaArt_MeadevilPack_FREE/Models/trailway_01_closed.fbx using Guid(c068edddd51ebd547866c70986fe9574) Importer(815301076,1909f56bfc062723c751e8b465ee728b)  -> (artifact id: '28d50dc3b737639a71c06929460ec953') in 0.031837 seconds
Number of updated asset objects reloaded before import = 0
Number of asset objects unloaded after import = 8
========================================================================
Received Import Request.
  Time since last request: 0.000022 seconds.
  path: Assets/VanillaArt_MeadevilPack_FREE/Models/fences_vertical_part_02.fbx
  artifactKey: Guid(7f75d36ee7242974e9b16b6c330ea7e0) Importer(815301076,1909f56bfc062723c751e8b465ee728b)
Start importing Assets/VanillaArt_MeadevilPack_FREE/Models/fences_vertical_part_02.fbx using Guid(7f75d36ee7242974e9b16b6c330ea7e0) Importer(815301076,1909f56bfc062723c751e8b465ee728b)  -> (artifact id: '03142a22ea98c06a1a1d3464519f9e1a') in 0.025654 seconds
Number of updated asset objects reloaded before import = 0
Number of asset objects unloaded after import = 7
========================================================================
Received Import Request.
  Time since last request: 0.000033 seconds.
  path: Assets/VanillaArt_MeadevilPack_FREE/Models/stairs_01.fbx
  artifactKey: Guid(12016aeb73968c5458f00447a7ca749d) Importer(815301076,1909f56bfc062723c751e8b465ee728b)
Start importing Assets/VanillaArt_MeadevilPack_FREE/Models/stairs_01.fbx using Guid(12016aeb73968c5458f00447a7ca749d) Importer(815301076,1909f56bfc062723c751e8b465ee728b)  -> (artifact id: '7226e2f11f9186bd492947f8eea4eaf1') in 0.025210 seconds
Number of updated asset objects reloaded before import = 0
Number of asset objects unloaded after import = 7
========================================================================
Received Import Request.
  Time since last request: 0.000024 seconds.
  path: Assets/VanillaArt_MeadevilPack_FREE/Models/fences_vertical_part_01.fbx
  artifactKey: Guid(42cc7c328a14b6841ba09e11b9afb363) Importer(815301076,1909f56bfc062723c751e8b465ee728b)
Start importing Assets/VanillaArt_MeadevilPack_FREE/Models/fences_vertical_part_01.fbx using Guid(42cc7c328a14b6841ba09e11b9afb363) Importer(815301076,1909f56bfc062723c751e8b465ee728b)  -> (artifact id: 'ff90fec19d142fc1b364ac5063663cff') in 0.025477 seconds
Number of updated asset objects reloaded before import = 0
Number of asset objects unloaded after import = 7
========================================================================
Received Import Request.
  Time since last request: 0.000034 seconds.
  path: Assets/VanillaArt_MeadevilPack_FREE/Models/stone_05.fbx
  artifactKey: Guid(7de61137bdb0b0d42befc2e277c0597c) Importer(815301076,1909f56bfc062723c751e8b465ee728b)
Start importing Assets/VanillaArt_MeadevilPack_FREE/Models/stone_05.fbx using Guid(7de61137bdb0b0d42befc2e277c0597c) Importer(815301076,1909f56bfc062723c751e8b465ee728b)  -> (artifact id: '694a802622954227fc73fb6f94bf63a5') in 0.025475 seconds
Number of updated asset objects reloaded before import = 0
Number of asset objects unloaded after import = 7
========================================================================
Received Import Request.
  Time since last request: 0.000036 seconds.
  path: Assets/VanillaArt_MeadevilPack_FREE/Models/plank_05.fbx
  artifactKey: Guid(5fb7981100db6c343ac02566e0581e77) Importer(815301076,1909f56bfc062723c751e8b465ee728b)
Start importing Assets/VanillaArt_MeadevilPack_FREE/Models/plank_05.fbx using Guid(5fb7981100db6c343ac02566e0581e77) Importer(815301076,1909f56bfc062723c751e8b465ee728b)  -> (artifact id: '3097ebb769488a4c0ebf4ad4515479af') in 0.030756 seconds
Number of updated asset objects reloaded before import = 0
Number of asset objects unloaded after import = 8
========================================================================
Received Import Request.
  Time since last request: 0.000031 seconds.
  path: Assets/VanillaArt_MeadevilPack_FREE/Models/little_stone_04.fbx
  artifactKey: Guid(03d7e0d37cdd0934097cc002920e244c) Importer(815301076,1909f56bfc062723c751e8b465ee728b)
Start importing Assets/VanillaArt_MeadevilPack_FREE/Models/little_stone_04.fbx using Guid(03d7e0d37cdd0934097cc002920e244c) Importer(815301076,1909f56bfc062723c751e8b465ee728b)  -> (artifact id: 'afaf83947188ffe1618d8b70647b06d0') in 0.024879 seconds
Number of updated asset objects reloaded before import = 0
Number of asset objects unloaded after import = 7
========================================================================
Received Import Request.
  Time since last request: 0.000052 seconds.
  path: Assets/VanillaArt_MeadevilPack_FREE/Models/flower_03.fbx
  artifactKey: Guid(761822da1aa35af48a8594c95b112bf0) Importer(815301076,1909f56bfc062723c751e8b465ee728b)
Start importing Assets/VanillaArt_MeadevilPack_FREE/Models/flower_03.fbx using Guid(761822da1aa35af48a8594c95b112bf0) Importer(815301076,1909f56bfc062723c751e8b465ee728b)  -> (artifact id: 'c7dbe8f8c5f4145aef8769e43ace2749') in 0.059541 seconds
Number of updated asset objects reloaded before import = 0
Number of asset objects unloaded after import = 22
========================================================================
Received Import Request.
  Time since last request: 0.000025 seconds.
  path: Assets/VanillaArt_MeadevilPack_FREE/Models/stone_04.fbx
  artifactKey: Guid(03a9d27e89c5b0943bd833274469527e) Importer(815301076,1909f56bfc062723c751e8b465ee728b)
Start importing Assets/VanillaArt_MeadevilPack_FREE/Models/stone_04.fbx using Guid(03a9d27e89c5b0943bd833274469527e) Importer(815301076,1909f56bfc062723c751e8b465ee728b)  -> (artifact id: '939f550d7a181ebf88b3ada192bae188') in 0.027081 seconds
Number of updated asset objects reloaded before import = 0
Number of asset objects unloaded after import = 7
========================================================================
Received Import Request.
  Time since last request: 0.000023 seconds.
  path: Assets/VanillaArt_MeadevilPack_FREE/Models/fences_vertical_part_03.fbx
  artifactKey: Guid(fe29b2d556a49684ebbfa9c4e6d5735c) Importer(815301076,1909f56bfc062723c751e8b465ee728b)
Start importing Assets/VanillaArt_MeadevilPack_FREE/Models/fences_vertical_part_03.fbx using Guid(fe29b2d556a49684ebbfa9c4e6d5735c) Importer(815301076,1909f56bfc062723c751e8b465ee728b)  -> (artifact id: 'c9830d5f71645b21ef2b89f58892c4f9') in 0.026171 seconds
Number of updated asset objects reloaded before import = 0
Number of asset objects unloaded after import = 7
========================================================================
Received Import Request.
  Time since last request: 0.000023 seconds.
  path: Assets/VanillaArt_MeadevilPack_FREE/Models/flower_01.fbx
  artifactKey: Guid(ef910aff3f044b14caf601370a353ec3) Importer(815301076,1909f56bfc062723c751e8b465ee728b)
Start importing Assets/VanillaArt_MeadevilPack_FREE/Models/flower_01.fbx using Guid(ef910aff3f044b14caf601370a353ec3) Importer(815301076,1909f56bfc062723c751e8b465ee728b)  -> (artifact id: 'f36818049120ee6352c4628b6cc058c4') in 0.065058 seconds
Number of updated asset objects reloaded before import = 0
Number of asset objects unloaded after import = 22
========================================================================
Received Import Request.
  Time since last request: 0.000037 seconds.
  path: Assets/VanillaArt_MeadevilPack_FREE/Models/plank_04.fbx
  artifactKey: Guid(06bf7876729e20146b434d1a43fe9197) Importer(815301076,1909f56bfc062723c751e8b465ee728b)
Start importing Assets/VanillaArt_MeadevilPack_FREE/Models/plank_04.fbx using Guid(06bf7876729e20146b434d1a43fe9197) Importer(815301076,1909f56bfc062723c751e8b465ee728b)  -> (artifact id: 'f2f31c9d4325e85f6936e6579d3c7f4b') in 0.029490 seconds
Number of updated asset objects reloaded before import = 0
Number of asset objects unloaded after import = 8
========================================================================
Received Import Request.
  Time since last request: 0.000038 seconds.
  path: Assets/VanillaArt_MeadevilPack_FREE/Models/tree_05.fbx
  artifactKey: Guid(40ddd02c6bf614a45b99b61c12c5399c) Importer(815301076,1909f56bfc062723c751e8b465ee728b)
Start importing Assets/VanillaArt_MeadevilPack_FREE/Models/tree_05.fbx using Guid(40ddd02c6bf614a45b99b61c12c5399c) Importer(815301076,1909f56bfc062723c751e8b465ee728b)  -> (artifact id: 'fa8bb419d1735fafa6dacb0d5204a9da') in 0.040454 seconds
Number of updated asset objects reloaded before import = 0
Number of asset objects unloaded after import = 14
========================================================================
Received Import Request.
  Time since last request: 2.746592 seconds.
  path: Assets/VanillaArt_MeadevilPack_FREE/Scenes
  artifactKey: Guid(5c264a21f05fb4d24be7b83eadd1cdc6) Importer(815301076,1909f56bfc062723c751e8b465ee728b)
Start importing Assets/VanillaArt_MeadevilPack_FREE/Scenes using Guid(5c264a21f05fb4d24be7b83eadd1cdc6) Importer(815301076,1909f56bfc062723c751e8b465ee728b)  -> (artifact id: 'da8bdaf7430fe0705e0d4b614e6adc5d') in 0.000855 seconds
Number of updated asset objects reloaded before import = 0
Number of asset objects unloaded after import = 0
========================================================================
Received Import Request.
  Time since last request: 1.116252 seconds.
  path: Assets/VanillaArt_MeadevilPack_FREE/Textures
  artifactKey: Guid(c61dfcd77274d1548b6cd56da490529a) Importer(815301076,1909f56bfc062723c751e8b465ee728b)
Start importing Assets/VanillaArt_MeadevilPack_FREE/Textures using Guid(c61dfcd77274d1548b6cd56da490529a) Importer(815301076,1909f56bfc062723c751e8b465ee728b)  -> (artifact id: '35229a17825a6bd1776f4554bd48cfb2') in 0.000641 seconds
Number of updated asset objects reloaded before import = 0
Number of asset objects unloaded after import = 0
========================================================================
Received Import Request.
  Time since last request: 0.027911 seconds.
  path: Assets/VanillaArt_MeadevilPack_FREE/Textures/barrel_01_AO.png
  artifactKey: Guid(40d4b0fd12c051a48a77b5d1bdeabf8c) Importer(815301076,1909f56bfc062723c751e8b465ee728b)
Start importing Assets/VanillaArt_MeadevilPack_FREE/Textures/barrel_01_AO.png using Guid(40d4b0fd12c051a48a77b5d1bdeabf8c) Importer(815301076,1909f56bfc062723c751e8b465ee728b)  -> (artifact id: '2713a96c9e32dd66d36cc851e895ffe7') in 0.036020 seconds
Number of updated asset objects reloaded before import = 0
Number of asset objects unloaded after import = 2
========================================================================
Received Import Request.
  Time since last request: 0.000022 seconds.
  path: Assets/VanillaArt_MeadevilPack_FREE/Textures/emission.png
  artifactKey: Guid(5963cbb39cf3666458e50da5b492b1c6) Importer(815301076,1909f56bfc062723c751e8b465ee728b)
Start importing Assets/VanillaArt_MeadevilPack_FREE/Textures/emission.png using Guid(5963cbb39cf3666458e50da5b492b1c6) Importer(815301076,1909f56bfc062723c751e8b465ee728b)  -> (artifact id: '20b817750cd3ec93bd4ebe2c50c08c51') in 0.026149 seconds
Number of updated asset objects reloaded before import = 0
Number of asset objects unloaded after import = 2
========================================================================
Received Import Request.
  Time since last request: 0.000027 seconds.
  path: Assets/VanillaArt_MeadevilPack_FREE/Textures/flower_03_Albedo.png
  artifactKey: Guid(2731f16465f22014f8ac841379d31887) Importer(815301076,1909f56bfc062723c751e8b465ee728b)
Start importing Assets/VanillaArt_MeadevilPack_FREE/Textures/flower_03_Albedo.png using Guid(2731f16465f22014f8ac841379d31887) Importer(815301076,1909f56bfc062723c751e8b465ee728b)  -> (artifact id: 'e79168983c6037aadb6d7f590081b4bf') in 0.028460 seconds
Number of updated asset objects reloaded before import = 0
Number of asset objects unloaded after import = 2
========================================================================
Received Import Request.
  Time since last request: 2.087278 seconds.
  path: Assets/VanillaArt_MeadevilPack_FREE/Materials/barrel_01_metal.mat
  artifactKey: Guid(538267a94aa5b00488fb25df219252fc) Importer(815301076,1909f56bfc062723c751e8b465ee728b)
Start importing Assets/VanillaArt_MeadevilPack_FREE/Materials/barrel_01_metal.mat using Guid(538267a94aa5b00488fb25df219252fc) Importer(815301076,1909f56bfc062723c751e8b465ee728b)  -> (artifact id: 'fd39765c35b7baaa89d84b8005292e92') in 0.038152 seconds
Number of updated asset objects reloaded before import = 0
Number of asset objects unloaded after import = 2
========================================================================
Received Import Request.
  Time since last request: 0.000030 seconds.
  path: Assets/VanillaArt_MeadevilPack_FREE/Materials/house_01_logs.mat
  artifactKey: Guid(6b73aea3458bd7a4ab497c4b8aca7c5b) Importer(815301076,1909f56bfc062723c751e8b465ee728b)
Start importing Assets/VanillaArt_MeadevilPack_FREE/Materials/house_01_logs.mat using Guid(6b73aea3458bd7a4ab497c4b8aca7c5b) Importer(815301076,1909f56bfc062723c751e8b465ee728b)  -> (artifact id: 'd4226e44be22b2877baa85c581536ac9') in 0.009153 seconds
Number of updated asset objects reloaded before import = 0
Number of asset objects unloaded after import = 2
========================================================================
Received Import Request.
  Time since last request: 0.000021 seconds.
  path: Assets/VanillaArt_MeadevilPack_FREE/Materials/flower_02_top.mat
  artifactKey: Guid(49587e57e69ceb049a4aa657205dacd1) Importer(815301076,1909f56bfc062723c751e8b465ee728b)
Start importing Assets/VanillaArt_MeadevilPack_FREE/Materials/flower_02_top.mat using Guid(49587e57e69ceb049a4aa657205dacd1) Importer(815301076,1909f56bfc062723c751e8b465ee728b)  -> (artifact id: 'faf007ebd9fb9c687a49aa020b540baf') in 0.008158 seconds
Number of updated asset objects reloaded before import = 0
Number of asset objects unloaded after import = 1
========================================================================
Received Import Request.
  Time since last request: 0.000022 seconds.
  path: Assets/VanillaArt_MeadevilPack_FREE/Materials/LeafAndGrass.mat
  artifactKey: Guid(2e1f4f8b4e5215f4890a4e42d3914941) Importer(815301076,1909f56bfc062723c751e8b465ee728b)
Start importing Assets/VanillaArt_MeadevilPack_FREE/Materials/LeafAndGrass.mat using Guid(2e1f4f8b4e5215f4890a4e42d3914941) Importer(815301076,1909f56bfc062723c751e8b465ee728b)  -> (artifact id: '000d2432539b3896f9c171290bd4c203') in 0.008223 seconds
Number of updated asset objects reloaded before import = 0
Number of asset objects unloaded after import = 1
========================================================================
Received Import Request.
  Time since last request: 0.000020 seconds.
  path: Assets/VanillaArt_MeadevilPack_FREE/Materials/trailway.mat
  artifactKey: Guid(9136449bef2d2c942a08e20a7809c2dc) Importer(815301076,1909f56bfc062723c751e8b465ee728b)
Start importing Assets/VanillaArt_MeadevilPack_FREE/Materials/trailway.mat using Guid(9136449bef2d2c942a08e20a7809c2dc) Importer(815301076,1909f56bfc062723c751e8b465ee728b)  -> (artifact id: 'aef063d820b6d2cb228fedf166895b94') in 0.007234 seconds
Number of updated asset objects reloaded before import = 0
Number of asset objects unloaded after import = 1
========================================================================
Received Import Request.
  Time since last request: 0.000020 seconds.
  path: Assets/VanillaArt_MeadevilPack_FREE/Materials/cart_01_secondary.mat
  artifactKey: Guid(b2e30ea042cc66d4dae0b668b75bdae2) Importer(815301076,1909f56bfc062723c751e8b465ee728b)
Start importing Assets/VanillaArt_MeadevilPack_FREE/Materials/cart_01_secondary.mat using Guid(b2e30ea042cc66d4dae0b668b75bdae2) Importer(815301076,1909f56bfc062723c751e8b465ee728b)  -> (artifact id: '4ef932ca803602a851e39a505675af92') in 0.009959 seconds
Number of updated asset objects reloaded before import = 0
Number of asset objects unloaded after import = 2
========================================================================
Received Import Request.
  Time since last request: 0.000020 seconds.
  path: Assets/VanillaArt_MeadevilPack_FREE/Materials/flower_01_top.mat
  artifactKey: Guid(9dac8c4109475fb46b0d42c0c058e0bd) Importer(815301076,1909f56bfc062723c751e8b465ee728b)
Start importing Assets/VanillaArt_MeadevilPack_FREE/Materials/flower_01_top.mat using Guid(9dac8c4109475fb46b0d42c0c058e0bd) Importer(815301076,1909f56bfc062723c751e8b465ee728b)  -> (artifact id: '3deed11bfbb76023bd70b9c6721f7b40') in 0.008311 seconds
Number of updated asset objects reloaded before import = 0
Number of asset objects unloaded after import = 1
========================================================================
Received Import Request.
  Time since last request: 0.000019 seconds.
  path: Assets/VanillaArt_MeadevilPack_FREE/Materials/landscape.mat
  artifactKey: Guid(2442ce0cd8f6a534c842e7c4c8b4e935) Importer(815301076,1909f56bfc062723c751e8b465ee728b)
Start importing Assets/VanillaArt_MeadevilPack_FREE/Materials/landscape.mat using Guid(2442ce0cd8f6a534c842e7c4c8b4e935) Importer(815301076,1909f56bfc062723c751e8b465ee728b)  -> (artifact id: 'cbf4632eac7d2b357c07c868106faba1') in 0.008643 seconds
Number of updated asset objects reloaded before import = 0
Number of asset objects unloaded after import = 1
========================================================================
Received Import Request.
  Time since last request: 0.000023 seconds.
  path: Assets/VanillaArt_MeadevilPack_FREE/Materials/house_01_roof.mat
  artifactKey: Guid(a9189838ce0966b449746ed7a129a7a2) Importer(815301076,1909f56bfc062723c751e8b465ee728b)
Start importing Assets/VanillaArt_MeadevilPack_FREE/Materials/house_01_roof.mat using Guid(a9189838ce0966b449746ed7a129a7a2) Importer(815301076,1909f56bfc062723c751e8b465ee728b)  -> (artifact id: '8a66b35771b444319687ebc606df356c') in 0.015519 seconds
Number of updated asset objects reloaded before import = 0
Number of asset objects unloaded after import = 2
========================================================================
Received Import Request.
  Time since last request: 0.000021 seconds.
  path: Assets/VanillaArt_MeadevilPack_FREE/Materials/Podium.mat
  artifactKey: Guid(d901ff455a2cf4a789bbb9906e84b5ec) Importer(815301076,1909f56bfc062723c751e8b465ee728b)
Start importing Assets/VanillaArt_MeadevilPack_FREE/Materials/Podium.mat using Guid(d901ff455a2cf4a789bbb9906e84b5ec) Importer(815301076,1909f56bfc062723c751e8b465ee728b)  -> (artifact id: '0f736c4743106f562977c78cc559c5fc') in 0.008866 seconds
Number of updated asset objects reloaded before import = 0
Number of asset objects unloaded after import = 1
========================================================================
Received Import Request.
  Time since last request: 0.000026 seconds.
  path: Assets/VanillaArt_MeadevilPack_FREE/Materials/stairs_01.mat
  artifactKey: Guid(26c951f1ebdcbbc46a9fc064f0da613e) Importer(815301076,1909f56bfc062723c751e8b465ee728b)
Start importing Assets/VanillaArt_MeadevilPack_FREE/Materials/stairs_01.mat using Guid(26c951f1ebdcbbc46a9fc064f0da613e) Importer(815301076,1909f56bfc062723c751e8b465ee728b)  -> (artifact id: '024cd2c9be35109bfb064253a9968fcd') in 0.007925 seconds
Number of updated asset objects reloaded before import = 0
Number of asset objects unloaded after import = 1
========================================================================
Received Import Request.
  Time since last request: 0.000021 seconds.
  path: Assets/VanillaArt_MeadevilPack_FREE/Materials/house_01_light_wood.mat
  artifactKey: Guid(08fec52d580ccab4487541c9e6276f6c) Importer(815301076,1909f56bfc062723c751e8b465ee728b)
Start importing Assets/VanillaArt_MeadevilPack_FREE/Materials/house_01_light_wood.mat using Guid(08fec52d580ccab4487541c9e6276f6c) Importer(815301076,1909f56bfc062723c751e8b465ee728b)  -> (artifact id: 'bb53a8695de151e6cbf604281ab9613b') in 0.007787 seconds
Number of updated asset objects reloaded before import = 0
Number of asset objects unloaded after import = 2
========================================================================
Received Import Request.
  Time since last request: 0.000019 seconds.
  path: Assets/VanillaArt_MeadevilPack_FREE/Materials/flower_center.mat
  artifactKey: Guid(084a8e0b8bc1d5142a434c5f70dd89d8) Importer(815301076,1909f56bfc062723c751e8b465ee728b)
Start importing Assets/VanillaArt_MeadevilPack_FREE/Materials/flower_center.mat using Guid(084a8e0b8bc1d5142a434c5f70dd89d8) Importer(815301076,1909f56bfc062723c751e8b465ee728b)  -> (artifact id: '50f2b03d560d4383beb5c53f7a37fa7c') in 0.008367 seconds
Number of updated asset objects reloaded before import = 0
Number of asset objects unloaded after import = 1
========================================================================
Received Import Request.
  Time since last request: 0.000021 seconds.
  path: Assets/VanillaArt_MeadevilPack_FREE/Materials/stones.mat
  artifactKey: Guid(822f476ca3b34b743b52c359fc26200f) Importer(815301076,1909f56bfc062723c751e8b465ee728b)
Start importing Assets/VanillaArt_MeadevilPack_FREE/Materials/stones.mat using Guid(822f476ca3b34b743b52c359fc26200f) Importer(815301076,1909f56bfc062723c751e8b465ee728b)  -> (artifact id: '7cf323dbd7ec81e96218c96c0799b29f') in 0.007685 seconds
Number of updated asset objects reloaded before import = 0
Number of asset objects unloaded after import = 1
========================================================================
Received Import Request.
  Time since last request: 0.000039 seconds.
  path: Assets/VanillaArt_MeadevilPack_FREE/Materials/house_01_pipe.mat
  artifactKey: Guid(35bca24f9c1901a488a923d8e55e5756) Importer(815301076,1909f56bfc062723c751e8b465ee728b)
Start importing Assets/VanillaArt_MeadevilPack_FREE/Materials/house_01_pipe.mat using Guid(35bca24f9c1901a488a923d8e55e5756) Importer(815301076,1909f56bfc062723c751e8b465ee728b)  -> (artifact id: '58bbcd6ca808aca1fbf32598bb4f3ccb') in 0.008949 seconds
Number of updated asset objects reloaded before import = 0
Number of asset objects unloaded after import = 2
========================================================================
Received Import Request.
  Time since last request: 0.000021 seconds.
  path: Assets/VanillaArt_MeadevilPack_FREE/Materials/house_01_emission.mat
  artifactKey: Guid(17fa94891ad6e1a4e96185e77427f72b) Importer(815301076,1909f56bfc062723c751e8b465ee728b)
Start importing Assets/VanillaArt_MeadevilPack_FREE/Materials/house_01_emission.mat using Guid(17fa94891ad6e1a4e96185e77427f72b) Importer(815301076,1909f56bfc062723c751e8b465ee728b)  -> (artifact id: 'ba7499cbaac969ce48bac97721c05599') in 0.007669 seconds
Number of updated asset objects reloaded before import = 0
Number of asset objects unloaded after import = 2
Editor requested this worker to shutdown with reason: Scaling down because of idle timeout
TcpMessagingSession - receive error: operation aborted. errorcode: 995, details: ќпераци€ ввода/вывода была прервана из-за завершени€ потока команд или по запросу приложени€.
AssetImportWorker is now disconnected from the server
Process exiting
Exiting without the bug reporter. Application will terminate with return code 0