Using pre-set license
Built from '2022.3/staging' branch; Version is '2022.3.11f1 (d00248457e15) revision 13632072'; Using compiler version '192829333'; Build Type 'Release'
OS: 'Windows 10  (10.0.19045) 64bit Professional' Language: 'ru' Physical Memory: 32688 MB
BatchMode: 1, IsHumanControllingUs: 0, StartBugReporterOnCrash: 0, Is64bit: 1, IsPro: 1

COMMAND LINE ARGUMENTS:
N:\UnityHUB\UnityVer\2022.3.11f1\Editor\Unity.exe
-adb2
-batchMode
-noUpm
-name
AssetImportWorker0
-projectPath
N:/UnityHUB/Projects/TZ
-logFile
Logs/AssetImportWorker0.log
-srvPort
64083
Successfully changed project path to: N:/UnityHUB/Projects/TZ
N:/UnityHUB/Projects/TZ
[UnityMemory] Configuration Parameters - Can be set up in boot.config
    "memorysetup-bucket-allocator-granularity=16"
    "memorysetup-bucket-allocator-bucket-count=8"
    "memorysetup-bucket-allocator-block-size=33554432"
    "memorysetup-bucket-allocator-block-count=8"
    "memorysetup-main-allocator-block-size=16777216"
    "memorysetup-thread-allocator-block-size=16777216"
    "memorysetup-gfx-main-allocator-block-size=16777216"
    "memorysetup-gfx-thread-allocator-block-size=16777216"
    "memorysetup-cache-allocator-block-size=4194304"
    "memorysetup-typetree-allocator-block-size=2097152"
    "memorysetup-profiler-bucket-allocator-granularity=16"
    "memorysetup-profiler-bucket-allocator-bucket-count=8"
    "memorysetup-profiler-bucket-allocator-block-size=33554432"
    "memorysetup-profiler-bucket-allocator-block-count=8"
    "memorysetup-profiler-allocator-block-size=16777216"
    "memorysetup-profiler-editor-allocator-block-size=1048576"
    "memorysetup-temp-allocator-size-main=16777216"
    "memorysetup-job-temp-allocator-block-size=2097152"
    "memorysetup-job-temp-allocator-block-size-background=1048576"
    "memorysetup-job-temp-allocator-reduction-small-platforms=262144"
    "memorysetup-allocator-temp-initial-block-size-main=262144"
    "memorysetup-allocator-temp-initial-block-size-worker=262144"
    "memorysetup-temp-allocator-size-background-worker=32768"
    "memorysetup-temp-allocator-size-job-worker=262144"
    "memorysetup-temp-allocator-size-preload-manager=33554432"
    "memorysetup-temp-allocator-size-nav-mesh-worker=65536"
    "memorysetup-temp-allocator-size-audio-worker=65536"
    "memorysetup-temp-allocator-size-cloud-worker=32768"
    "memorysetup-temp-allocator-size-gi-baking-worker=262144"
    "memorysetup-temp-allocator-size-gfx=262144"
Player connection [14988] Host "[IP] 26.163.23.61 [Port] 0 [Flags] 2 [Guid] 2630297986 [EditorId] 2630297986 [Version] 1048832 [Id] WindowsEditor(7,DESKTOP-8SUV858) [Debug] 1 [PackageName] WindowsEditor [ProjectName] Editor" joined multi-casting on [225.0.0.222:54997]...

Player connection [14988] Host "[IP] 26.163.23.61 [Port] 0 [Flags] 2 [Guid] 2630297986 [EditorId] 2630297986 [Version] 1048832 [Id] WindowsEditor(7,DESKTOP-8SUV858) [Debug] 1 [PackageName] WindowsEditor [ProjectName] Editor" joined alternative multi-casting on [225.0.0.222:34997]...

[Physics::Module] Initialized MultithreadedJobDispatcher with 15 workers.
Refreshing native plugins compatible for Editor in 17.46 ms, found 3 plugins.
Preloading 0 native plugins for Editor in 0.00 ms.
Initialize engine version: 2022.3.11f1 (d00248457e15)
[Subsystems] Discovering subsystems at path N:/UnityHUB/UnityVer/2022.3.11f1/Editor/Data/Resources/UnitySubsystems
[Subsystems] Discovering subsystems at path N:/UnityHUB/Projects/TZ/Assets
GfxDevice: creating device client; threaded=0; jobified=0
Direct3D:
    Version:  Direct3D 11.0 [level 11.1]
    Renderer: AMD Radeon RX 6600 (ID=0x73ff)
    Vendor:   ATI
    VRAM:     8147 MB
    Driver:   31.0.21031.1005
Initialize mono
Mono path[0] = 'N:/UnityHUB/UnityVer/2022.3.11f1/Editor/Data/Managed'
Mono path[1] = 'N:/UnityHUB/UnityVer/2022.3.11f1/Editor/Data/MonoBleedingEdge/lib/mono/unityjit-win32'
Mono config path = 'N:/UnityHUB/UnityVer/2022.3.11f1/Editor/Data/MonoBleedingEdge/etc'
Using monoOptions --debugger-agent=transport=dt_socket,embedding=1,server=y,suspend=n,address=127.0.0.1:56832
Begin MonoManager ReloadAssembly
Registering precompiled unity dll's ...
Register platform support module: N:/UnityHUB/UnityVer/2022.3.11f1/Editor/Data/PlaybackEngines/WebGLSupport/UnityEditor.WebGL.Extensions.dll
Register platform support module: N:/UnityHUB/UnityVer/2022.3.11f1/Editor/Data/PlaybackEngines/WindowsStandaloneSupport/UnityEditor.WindowsStandalone.Extensions.dll
Registered in 0.017044 seconds.
- Loaded All Assemblies, in  0.758 seconds
Native extension for WindowsStandalone target not found
Native extension for WebGL target not found
Mono: successfully reloaded assembly
- Finished resetting the current domain, in  0.489 seconds
Domain Reload Profiling: 1246ms
	BeginReloadAssembly (247ms)
		ExecutionOrderSort (0ms)
		DisableScriptedObjects (0ms)
		BackupInstance (0ms)
		ReleaseScriptingObjects (0ms)
		CreateAndSetChildDomain (1ms)
	RebuildCommonClasses (77ms)
	RebuildNativeTypeToScriptingClass (26ms)
	initialDomainReloadingComplete (112ms)
	LoadAllAssembliesAndSetupDomain (295ms)
		LoadAssemblies (247ms)
		RebuildTransferFunctionScriptingTraits (0ms)
		AnalyzeDomain (291ms)
			TypeCache.Refresh (288ms)
				TypeCache.ScanAssembly (262ms)
			ScanForSourceGeneratedMonoScriptInfo (1ms)
			ResolveRequiredComponents (1ms)
	FinalizeReload (490ms)
		ReleaseScriptCaches (0ms)
		RebuildScriptCaches (0ms)
		SetupLoadedEditorAssemblies (375ms)
			LogAssemblyErrors (0ms)
			InitializePlatformSupportModulesInManaged (17ms)
			SetLoadedEditorAssemblies (9ms)
			RefreshPlugins (0ms)
			BeforeProcessingInitializeOnLoad (4ms)
			ProcessInitializeOnLoadAttributes (248ms)
			ProcessInitializeOnLoadMethodAttributes (98ms)
			AfterProcessingInitializeOnLoad (0ms)
			EditorAssembliesLoaded (0ms)
		ExecutionOrderSort2 (0ms)
		AwakeInstancesAfterBackupRestoration (0ms)
========================================================================
Worker process is ready to serve import requests
Begin MonoManager ReloadAssembly
- Loaded All Assemblies, in  1.146 seconds
Refreshing native plugins compatible for Editor in 3.69 ms, found 3 plugins.
Native extension for WindowsStandalone target not found
Native extension for WebGL target not found
Package Manager log level set to [2]
[Package Manager] Server::EnsureServerProcessIsRunning -- launch failed, reason: Unity was launched with the -noUpm command-line argument
[Package Manager] UpmClient::Send -- Unable to send message (not connected to UPM process).
[Package Manager] Cannot connect to Unity Package Manager local server
Mono: successfully reloaded assembly
- Finished resetting the current domain, in  1.057 seconds
Domain Reload Profiling: 2202ms
	BeginReloadAssembly (280ms)
		ExecutionOrderSort (0ms)
		DisableScriptedObjects (15ms)
		BackupInstance (0ms)
		ReleaseScriptingObjects (0ms)
		CreateAndSetChildDomain (33ms)
	RebuildCommonClasses (68ms)
	RebuildNativeTypeToScriptingClass (22ms)
	initialDomainReloadingComplete (68ms)
	LoadAllAssembliesAndSetupDomain (706ms)
		LoadAssemblies (511ms)
		RebuildTransferFunctionScriptingTraits (0ms)
		AnalyzeDomain (362ms)
			TypeCache.Refresh (322ms)
				TypeCache.ScanAssembly (295ms)
			ScanForSourceGeneratedMonoScriptInfo (28ms)
			ResolveRequiredComponents (9ms)
	FinalizeReload (1057ms)
		ReleaseScriptCaches (0ms)
		RebuildScriptCaches (0ms)
		SetupLoadedEditorAssemblies (761ms)
			LogAssemblyErrors (0ms)
			InitializePlatformSupportModulesInManaged (13ms)
			SetLoadedEditorAssemblies (8ms)
			RefreshPlugins (0ms)
			BeforeProcessingInitializeOnLoad (103ms)
			ProcessInitializeOnLoadAttributes (588ms)
			ProcessInitializeOnLoadMethodAttributes (41ms)
			AfterProcessingInitializeOnLoad (8ms)
			EditorAssembliesLoaded (0ms)
		ExecutionOrderSort2 (0ms)
		AwakeInstancesAfterBackupRestoration (19ms)
Launched and connected shader compiler UnityShaderCompiler.exe after 0.07 seconds
Refreshing native plugins compatible for Editor in 4.34 ms, found 3 plugins.
Preloading 0 native plugins for Editor in 0.00 ms.
Unloading 3083 Unused Serialized files (Serialized files now loaded: 0)
Unloading 32 unused Assets / (56.8 KB). Loaded Objects now: 3544.
Memory consumption went from 121.6 MB to 121.5 MB.
Total: 6.523500 ms (FindLiveObjects: 0.339700 ms CreateObjectMapping: 0.152400 ms MarkObjects: 5.874600 ms  DeleteObjects: 0.154900 ms)

AssetImportParameters requested are different than current active one (requested -> active):
  custom:container-demuxer-ogg: 62fdf1f143b41e24485cea50d1cbac27 -> 
  custom:video-decoder-ogg-theora: a1e56fd34408186e4bbccfd4996cb3dc -> 
  custom:framework-win-MediaFoundation: 216162199b28c13a410421893ffa2e32 -> 
  custom:CustomObjectIndexerAttribute: 756ad292c208cfabdd7b50bc23989ffe -> 
  custom:container-demuxer-webm: 4f35f7cbe854078d1ac9338744f61a02 -> 
  custom:container-muxer-webm: aa71ff27fc2769a1b78a27578f13a17b -> 
  custom:video-decoder-webm-vp8: 9c59270c3fd7afecdb556c50c9e8de78 -> 
  custom:SearchIndexIgnoredProperties: e643bd26f0fe6173181afceb89e7c659 -> 
  custom:AudioImporter_EditorPlatform: d09bf68614088b80899f8185d706f6e7 -> 
  custom:video-encoder-webm-vp8: eb34c28f22e8b96e1ab97ce403110664 -> 
  custom:audio-decoder-ogg-vorbis: bf7c407c2cedff20999df2af8eb42d56 -> 
  custom:audio-encoder-webm-vorbis: bf7c407c2cedff20999df2af8eb42d56 -> 
========================================================================
Received Import Request.
  Time since last request: 204492.172521 seconds.
  path: Assets/WoodsLifestyle/Prefabs/Cabins/Cabin_01.prefab
  artifactKey: Guid(a653d3366756c8641befacf512a2be62) Importer(815301076,1909f56bfc062723c751e8b465ee728b)
Start importing Assets/WoodsLifestyle/Prefabs/Cabins/Cabin_01.prefab using Guid(a653d3366756c8641befacf512a2be62) Importer(815301076,1909f56bfc062723c751e8b465ee728b)  -> (artifact id: 'd678feb014c75ca25e56f410c409748a') in 0.185287 seconds
Number of updated asset objects reloaded before import = 0
Number of asset objects unloaded after import = 36
========================================================================
Received Import Request.
  Time since last request: 0.000044 seconds.
  path: Assets/WoodsLifestyle/Prefabs/Cabins/Cabin_03.prefab
  artifactKey: Guid(a611ef0d3e2e6bd4d8d7aa5deeedec15) Importer(815301076,1909f56bfc062723c751e8b465ee728b)
Start importing Assets/WoodsLifestyle/Prefabs/Cabins/Cabin_03.prefab using Guid(a611ef0d3e2e6bd4d8d7aa5deeedec15) Importer(815301076,1909f56bfc062723c751e8b465ee728b)  -> (artifact id: 'd4129d759c1291e3dc33164c37f93822') in 0.023087 seconds
Number of updated asset objects reloaded before import = 0
Number of asset objects unloaded after import = 35
========================================================================
Received Prepare
Begin MonoManager ReloadAssembly
- Loaded All Assemblies, in  0.749 seconds
Refreshing native plugins compatible for Editor in 4.45 ms, found 3 plugins.
Native extension for WindowsStandalone target not found
Native extension for WebGL target not found
[Package Manager] Server::EnsureServerProcessIsRunning -- launch failed, reason: Unity was launched with the -noUpm command-line argument
[Package Manager] UpmClient::Send -- Unable to send message (not connected to UPM process).
[Package Manager] Cannot connect to Unity Package Manager local server
Mono: successfully reloaded assembly
- Finished resetting the current domain, in  1.516 seconds
Domain Reload Profiling: 2264ms
	BeginReloadAssembly (273ms)
		ExecutionOrderSort (0ms)
		DisableScriptedObjects (10ms)
		BackupInstance (0ms)
		ReleaseScriptingObjects (0ms)
		CreateAndSetChildDomain (54ms)
	RebuildCommonClasses (67ms)
	RebuildNativeTypeToScriptingClass (22ms)
	initialDomainReloadingComplete (46ms)
	LoadAllAssembliesAndSetupDomain (338ms)
		LoadAssemblies (477ms)
		RebuildTransferFunctionScriptingTraits (0ms)
		AnalyzeDomain (21ms)
			TypeCache.Refresh (10ms)
				TypeCache.ScanAssembly (0ms)
			ScanForSourceGeneratedMonoScriptInfo (0ms)
			ResolveRequiredComponents (8ms)
	FinalizeReload (1517ms)
		ReleaseScriptCaches (0ms)
		RebuildScriptCaches (0ms)
		SetupLoadedEditorAssemblies (704ms)
			LogAssemblyErrors (0ms)
			InitializePlatformSupportModulesInManaged (13ms)
			SetLoadedEditorAssemblies (8ms)
			RefreshPlugins (0ms)
			BeforeProcessingInitializeOnLoad (112ms)
			ProcessInitializeOnLoadAttributes (521ms)
			ProcessInitializeOnLoadMethodAttributes (42ms)
			AfterProcessingInitializeOnLoad (8ms)
			EditorAssembliesLoaded (0ms)
		ExecutionOrderSort2 (0ms)
		AwakeInstancesAfterBackupRestoration (20ms)
Refreshing native plugins compatible for Editor in 4.20 ms, found 3 plugins.
Preloading 0 native plugins for Editor in 0.00 ms.
Unloading 3075 Unused Serialized files (Serialized files now loaded: 0)
Unloading 23 unused Assets / (31.0 KB). Loaded Objects now: 3555.
Memory consumption went from 126.2 MB to 126.2 MB.
Total: 5.758100 ms (FindLiveObjects: 0.380800 ms CreateObjectMapping: 0.199200 ms MarkObjects: 5.109100 ms  DeleteObjects: 0.067200 ms)

Prepare: number of updated asset objects reloaded= 0
AssetImportParameters requested are different than current active one (requested -> active):
  custom:container-demuxer-ogg: 62fdf1f143b41e24485cea50d1cbac27 -> 
  custom:video-decoder-ogg-theora: a1e56fd34408186e4bbccfd4996cb3dc -> 
  custom:framework-win-MediaFoundation: 216162199b28c13a410421893ffa2e32 -> 
  custom:CustomObjectIndexerAttribute: 756ad292c208cfabdd7b50bc23989ffe -> 
  custom:container-demuxer-webm: 4f35f7cbe854078d1ac9338744f61a02 -> 
  custom:container-muxer-webm: aa71ff27fc2769a1b78a27578f13a17b -> 
  custom:video-decoder-webm-vp8: 9c59270c3fd7afecdb556c50c9e8de78 -> 
  custom:SearchIndexIgnoredProperties: e643bd26f0fe6173181afceb89e7c659 -> 
  custom:AudioImporter_EditorPlatform: d09bf68614088b80899f8185d706f6e7 -> 
  custom:video-encoder-webm-vp8: eb34c28f22e8b96e1ab97ce403110664 -> 
  custom:audio-decoder-ogg-vorbis: bf7c407c2cedff20999df2af8eb42d56 -> 
  custom:audio-encoder-webm-vorbis: bf7c407c2cedff20999df2af8eb42d56 -> 
========================================================================
Received Import Request.
  Time since last request: 804.306761 seconds.
  path: Assets/VanillaArt_MeadevilPack_FREE
  artifactKey: Guid(4b5020fc584c6144aab4d431888e9dad) Importer(815301076,1909f56bfc062723c751e8b465ee728b)
Start importing Assets/VanillaArt_MeadevilPack_FREE using Guid(4b5020fc584c6144aab4d431888e9dad) Importer(815301076,1909f56bfc062723c751e8b465ee728b)  -> (artifact id: 'caa4512e49b3106b9d7ede82861ea06f') in 0.002940 seconds
Number of updated asset objects reloaded before import = 0
Number of asset objects unloaded after import = 0
========================================================================
Received Import Request.
  Time since last request: 0.893491 seconds.
  path: Assets/VanillaArt_MeadevilPack_FREE/Prefabs
  artifactKey: Guid(d68519dbe90a78f4fb266bbb9efe921e) Importer(815301076,1909f56bfc062723c751e8b465ee728b)
Start importing Assets/VanillaArt_MeadevilPack_FREE/Prefabs using Guid(d68519dbe90a78f4fb266bbb9efe921e) Importer(815301076,1909f56bfc062723c751e8b465ee728b)  -> (artifact id: 'a5dd309c15c9ba214c935de3740e7b00') in 0.000589 seconds
Number of updated asset objects reloaded before import = 0
Number of asset objects unloaded after import = 0
========================================================================
Received Import Request.
  Time since last request: 1.165501 seconds.
  path: Assets/VanillaArt_MeadevilPack_FREE/Prefabs/ReadyToGame
  artifactKey: Guid(1881cd91d01b05c47bb2c48869d8c3b3) Importer(815301076,1909f56bfc062723c751e8b465ee728b)
Start importing Assets/VanillaArt_MeadevilPack_FREE/Prefabs/ReadyToGame using Guid(1881cd91d01b05c47bb2c48869d8c3b3) Importer(815301076,1909f56bfc062723c751e8b465ee728b)  -> (artifact id: 'd0c403a752d3b0182479aadf03b86914') in 0.000585 seconds
Number of updated asset objects reloaded before import = 0
Number of asset objects unloaded after import = 0
========================================================================
Received Import Request.
  Time since last request: 0.034552 seconds.
  path: Assets/VanillaArt_MeadevilPack_FREE/Prefabs/ReadyToGame/3planks_01.prefab
  artifactKey: Guid(c0192026fedc71147bba86c7caa25cd3) Importer(815301076,1909f56bfc062723c751e8b465ee728b)
Start importing Assets/VanillaArt_MeadevilPack_FREE/Prefabs/ReadyToGame/3planks_01.prefab using Guid(c0192026fedc71147bba86c7caa25cd3) Importer(815301076,1909f56bfc062723c751e8b465ee728b)  -> (artifact id: '43614825ef2999417b2f984c40c1c987') in 0.121721 seconds
Number of updated asset objects reloaded before import = 0
Number of asset objects unloaded after import = 20
========================================================================
Received Import Request.
  Time since last request: 0.000031 seconds.
  path: Assets/VanillaArt_MeadevilPack_FREE/Prefabs/ReadyToGame/flower_01.prefab
  artifactKey: Guid(a6b5d41519eefeb46be3660d3a128ead) Importer(815301076,1909f56bfc062723c751e8b465ee728b)
Start importing Assets/VanillaArt_MeadevilPack_FREE/Prefabs/ReadyToGame/flower_01.prefab using Guid(a6b5d41519eefeb46be3660d3a128ead) Importer(815301076,1909f56bfc062723c751e8b465ee728b)  -> (artifact id: 'e1e2d36f630ffdc7c6cd87b3f54fa6e3') in 0.019492 seconds
Number of updated asset objects reloaded before import = 0
Number of asset objects unloaded after import = 26
========================================================================
Received Import Request.
  Time since last request: 0.000037 seconds.
  path: Assets/VanillaArt_MeadevilPack_FREE/Prefabs/ReadyToGame/tree_02.prefab
  artifactKey: Guid(af0bed822f9e6d04ca3a89c011d44142) Importer(815301076,1909f56bfc062723c751e8b465ee728b)
Start importing Assets/VanillaArt_MeadevilPack_FREE/Prefabs/ReadyToGame/tree_02.prefab using Guid(af0bed822f9e6d04ca3a89c011d44142) Importer(815301076,1909f56bfc062723c751e8b465ee728b)  -> (artifact id: 'fe265879948776a32cd297d57223c78c') in 0.019862 seconds
Number of updated asset objects reloaded before import = 0
Number of asset objects unloaded after import = 16
========================================================================
Received Import Request.
  Time since last request: 0.000036 seconds.
  path: Assets/VanillaArt_MeadevilPack_FREE/Prefabs/ReadyToGame/fence_01.prefab
  artifactKey: Guid(da7330704dfc5a14f833e91c2d78faef) Importer(815301076,1909f56bfc062723c751e8b465ee728b)
Start importing Assets/VanillaArt_MeadevilPack_FREE/Prefabs/ReadyToGame/fence_01.prefab using Guid(da7330704dfc5a14f833e91c2d78faef) Importer(815301076,1909f56bfc062723c751e8b465ee728b)  -> (artifact id: '11c2e2313074f791304a4f0c361c8b2a') in 0.022006 seconds
Number of updated asset objects reloaded before import = 0
Number of asset objects unloaded after import = 25
========================================================================
Received Import Request.
  Time since last request: 0.000026 seconds.
  path: Assets/VanillaArt_MeadevilPack_FREE/Prefabs/ReadyToGame/fence_02.prefab
  artifactKey: Guid(b4a9b0d76dca37b4084ab518f93f7a4b) Importer(815301076,1909f56bfc062723c751e8b465ee728b)
Start importing Assets/VanillaArt_MeadevilPack_FREE/Prefabs/ReadyToGame/fence_02.prefab using Guid(b4a9b0d76dca37b4084ab518f93f7a4b) Importer(815301076,1909f56bfc062723c751e8b465ee728b)  -> (artifact id: '6c1ff05706f19d8466be84afca95d9f0') in 0.019843 seconds
Number of updated asset objects reloaded before import = 0
Number of asset objects unloaded after import = 25
========================================================================
Received Import Request.
  Time since last request: 0.000022 seconds.
  path: Assets/VanillaArt_MeadevilPack_FREE/Prefabs/ReadyToGame/stone_02.prefab
  artifactKey: Guid(df1e8373c1c992745bcb12a63bb4ddad) Importer(815301076,1909f56bfc062723c751e8b465ee728b)
Start importing Assets/VanillaArt_MeadevilPack_FREE/Prefabs/ReadyToGame/stone_02.prefab using Guid(df1e8373c1c992745bcb12a63bb4ddad) Importer(815301076,1909f56bfc062723c751e8b465ee728b)  -> (artifact id: '7220e33dcca378d74ed3826f6219b2cd') in 0.018810 seconds
Number of updated asset objects reloaded before import = 0
Number of asset objects unloaded after import = 8
========================================================================
Received Import Request.
  Time since last request: 0.000026 seconds.
  path: Assets/VanillaArt_MeadevilPack_FREE/Prefabs/ReadyToGame/stairs_01.prefab
  artifactKey: Guid(86d67c8980bc4cd4f847b3877b973f07) Importer(815301076,1909f56bfc062723c751e8b465ee728b)
Start importing Assets/VanillaArt_MeadevilPack_FREE/Prefabs/ReadyToGame/stairs_01.prefab using Guid(86d67c8980bc4cd4f847b3877b973f07) Importer(815301076,1909f56bfc062723c751e8b465ee728b)  -> (artifact id: '56d0f423290e83cb7fd58ea69d4268d3') in 0.018054 seconds
Number of updated asset objects reloaded before import = 0
Number of asset objects unloaded after import = 8
========================================================================
Received Import Request.
  Time since last request: 0.000022 seconds.
  path: Assets/VanillaArt_MeadevilPack_FREE/Prefabs/ReadyToGame/flower_03.prefab
  artifactKey: Guid(dff9d0bdb58139842bb1e36810f81a3f) Importer(815301076,1909f56bfc062723c751e8b465ee728b)
Start importing Assets/VanillaArt_MeadevilPack_FREE/Prefabs/ReadyToGame/flower_03.prefab using Guid(dff9d0bdb58139842bb1e36810f81a3f) Importer(815301076,1909f56bfc062723c751e8b465ee728b)  -> (artifact id: '6239666f961309c7661f66fff0fa1dda') in 0.018879 seconds
Number of updated asset objects reloaded before import = 0
Number of asset objects unloaded after import = 27
========================================================================
Received Import Request.
  Time since last request: 0.000028 seconds.
  path: Assets/VanillaArt_MeadevilPack_FREE/Prefabs/ReadyToGame/little_stone_01.prefab
  artifactKey: Guid(502c111240dcc8347b74d82f997d35a6) Importer(815301076,1909f56bfc062723c751e8b465ee728b)
Start importing Assets/VanillaArt_MeadevilPack_FREE/Prefabs/ReadyToGame/little_stone_01.prefab using Guid(502c111240dcc8347b74d82f997d35a6) Importer(815301076,1909f56bfc062723c751e8b465ee728b)  -> (artifact id: 'f2202907ede8cd18c97825b84bea6168') in 0.016161 seconds
Number of updated asset objects reloaded before import = 0
Number of asset objects unloaded after import = 8
========================================================================
Received Import Request.
  Time since last request: 0.000023 seconds.
  path: Assets/VanillaArt_MeadevilPack_FREE/Prefabs/ReadyToGame/tree_03.prefab
  artifactKey: Guid(44a2d0d7c8cc07a479a75703582f7700) Importer(815301076,1909f56bfc062723c751e8b465ee728b)
Start importing Assets/VanillaArt_MeadevilPack_FREE/Prefabs/ReadyToGame/tree_03.prefab using Guid(44a2d0d7c8cc07a479a75703582f7700) Importer(815301076,1909f56bfc062723c751e8b465ee728b)  -> (artifact id: 'e144466eaa3412e5f8df63bfb8369654') in 0.019113 seconds
Number of updated asset objects reloaded before import = 0
Number of asset objects unloaded after import = 16
========================================================================
Received Import Request.
  Time since last request: 0.000034 seconds.
  path: Assets/VanillaArt_MeadevilPack_FREE/Prefabs/ReadyToGame/fence_03.prefab
  artifactKey: Guid(495f91368d81cca4499246edbd1c847e) Importer(815301076,1909f56bfc062723c751e8b465ee728b)
Start importing Assets/VanillaArt_MeadevilPack_FREE/Prefabs/ReadyToGame/fence_03.prefab using Guid(495f91368d81cca4499246edbd1c847e) Importer(815301076,1909f56bfc062723c751e8b465ee728b)  -> (artifact id: '0105d730e8feb5b8704efbc8392a5a2f') in 0.017257 seconds
Number of updated asset objects reloaded before import = 0
Number of asset objects unloaded after import = 25
========================================================================
Received Import Request.
  Time since last request: 0.000020 seconds.
  path: Assets/VanillaArt_MeadevilPack_FREE/Prefabs/ReadyToGame/fence_07.prefab
  artifactKey: Guid(26ce4e99725dfcb49b7579d135424f9c) Importer(815301076,1909f56bfc062723c751e8b465ee728b)
Start importing Assets/VanillaArt_MeadevilPack_FREE/Prefabs/ReadyToGame/fence_07.prefab using Guid(26ce4e99725dfcb49b7579d135424f9c) Importer(815301076,1909f56bfc062723c751e8b465ee728b)  -> (artifact id: 'd6d828dccfa95a505cefac703ea223ba') in 0.018976 seconds
Number of updated asset objects reloaded before import = 0
Number of asset objects unloaded after import = 20
========================================================================
Received Import Request.
  Time since last request: 0.000021 seconds.
  path: Assets/VanillaArt_MeadevilPack_FREE/Prefabs/ReadyToGame/fence_04.prefab
  artifactKey: Guid(86eb686f90eb89c4483e7f05a0bb902f) Importer(815301076,1909f56bfc062723c751e8b465ee728b)
Start importing Assets/VanillaArt_MeadevilPack_FREE/Prefabs/ReadyToGame/fence_04.prefab using Guid(86eb686f90eb89c4483e7f05a0bb902f) Importer(815301076,1909f56bfc062723c751e8b465ee728b)  -> (artifact id: '9e25919dea2c963151391d636d945f5c') in 0.018881 seconds
Number of updated asset objects reloaded before import = 0
Number of asset objects unloaded after import = 20
========================================================================
Received Import Request.
  Time since last request: 0.000038 seconds.
  path: Assets/VanillaArt_MeadevilPack_FREE/Prefabs/ReadyToGame/little_stone_04.prefab
  artifactKey: Guid(2cdb24b0a70d9e64a979e2a9ed55f7a5) Importer(815301076,1909f56bfc062723c751e8b465ee728b)
Start importing Assets/VanillaArt_MeadevilPack_FREE/Prefabs/ReadyToGame/little_stone_04.prefab using Guid(2cdb24b0a70d9e64a979e2a9ed55f7a5) Importer(815301076,1909f56bfc062723c751e8b465ee728b)  -> (artifact id: 'dcd816b0e622f2059a3127f9153ceb74') in 0.020184 seconds
Number of updated asset objects reloaded before import = 0
Number of asset objects unloaded after import = 8
========================================================================
Received Import Request.
  Time since last request: 0.000040 seconds.
  path: Assets/VanillaArt_MeadevilPack_FREE/Prefabs/ReadyToGame/fence_09.prefab
  artifactKey: Guid(655be39acd0faeb4090016940203e592) Importer(815301076,1909f56bfc062723c751e8b465ee728b)
Start importing Assets/VanillaArt_MeadevilPack_FREE/Prefabs/ReadyToGame/fence_09.prefab using Guid(655be39acd0faeb4090016940203e592) Importer(815301076,1909f56bfc062723c751e8b465ee728b)  -> (artifact id: '56f338a81bbcfdddb9b737755ac59cce') in 0.019681 seconds
Number of updated asset objects reloaded before import = 0
Number of asset objects unloaded after import = 20
========================================================================
Received Import Request.
  Time since last request: 0.000029 seconds.
  path: Assets/VanillaArt_MeadevilPack_FREE/Prefabs/ReadyToGame/tree_04.prefab
  artifactKey: Guid(04170d48deaefc84b854ff023892abb9) Importer(815301076,1909f56bfc062723c751e8b465ee728b)
Start importing Assets/VanillaArt_MeadevilPack_FREE/Prefabs/ReadyToGame/tree_04.prefab using Guid(04170d48deaefc84b854ff023892abb9) Importer(815301076,1909f56bfc062723c751e8b465ee728b)  -> (artifact id: '86309c817df460433045db206edfd464') in 0.020198 seconds
Number of updated asset objects reloaded before import = 0
Number of asset objects unloaded after import = 16
========================================================================
Received Import Request.
  Time since last request: 0.000032 seconds.
  path: Assets/VanillaArt_MeadevilPack_FREE/Prefabs/ReadyToGame/fance_11.prefab
  artifactKey: Guid(98e3619974dd73b4096091fd08c93b88) Importer(815301076,1909f56bfc062723c751e8b465ee728b)
Start importing Assets/VanillaArt_MeadevilPack_FREE/Prefabs/ReadyToGame/fance_11.prefab using Guid(98e3619974dd73b4096091fd08c93b88) Importer(815301076,1909f56bfc062723c751e8b465ee728b)  -> (artifact id: 'bc5e7f4c984b1f064c7aea42cc27b30d') in 0.021022 seconds
Number of updated asset objects reloaded before import = 0
Number of asset objects unloaded after import = 20
========================================================================
Received Import Request.
  Time since last request: 0.000031 seconds.
  path: Assets/VanillaArt_MeadevilPack_FREE/Prefabs/ReadyToGame/fence_05.prefab
  artifactKey: Guid(dcff0303240db084abfe409d9d186f43) Importer(815301076,1909f56bfc062723c751e8b465ee728b)
Start importing Assets/VanillaArt_MeadevilPack_FREE/Prefabs/ReadyToGame/fence_05.prefab using Guid(dcff0303240db084abfe409d9d186f43) Importer(815301076,1909f56bfc062723c751e8b465ee728b)  -> (artifact id: '182ecd6384ec2af047fe548aae7660f2') in 0.019355 seconds
Number of updated asset objects reloaded before import = 0
Number of asset objects unloaded after import = 20
========================================================================
Received Import Request.
  Time since last request: 0.000030 seconds.
  path: Assets/VanillaArt_MeadevilPack_FREE/Prefabs/ReadyToGame/fence_10.prefab
  artifactKey: Guid(6f384c885341c7b499cc29581cede1d7) Importer(815301076,1909f56bfc062723c751e8b465ee728b)
Start importing Assets/VanillaArt_MeadevilPack_FREE/Prefabs/ReadyToGame/fence_10.prefab using Guid(6f384c885341c7b499cc29581cede1d7) Importer(815301076,1909f56bfc062723c751e8b465ee728b)  -> (artifact id: '164e56a273f9ee485ccde0f20dacebfa') in 0.019942 seconds
Number of updated asset objects reloaded before import = 0
Number of asset objects unloaded after import = 20
========================================================================
Received Import Request.
  Time since last request: 0.000033 seconds.
  path: Assets/VanillaArt_MeadevilPack_FREE/Prefabs/ReadyToGame/stone_05.prefab
  artifactKey: Guid(7e33217e41d0c724ea714e3afbefc971) Importer(815301076,1909f56bfc062723c751e8b465ee728b)
Start importing Assets/VanillaArt_MeadevilPack_FREE/Prefabs/ReadyToGame/stone_05.prefab using Guid(7e33217e41d0c724ea714e3afbefc971) Importer(815301076,1909f56bfc062723c751e8b465ee728b)  -> (artifact id: '840abaf22c19613c1e3fb0868a87624c') in 0.020404 seconds
Number of updated asset objects reloaded before import = 0
Number of asset objects unloaded after import = 8
========================================================================
Received Import Request.
  Time since last request: 5.320767 seconds.
  path: Assets/VanillaArt_MeadevilPack_FREE/Prefabs/SoloObjects/landscape_02.prefab
  artifactKey: Guid(38e80406f81d2cd4db0986b686361fb3) Importer(815301076,1909f56bfc062723c751e8b465ee728b)
Start importing Assets/VanillaArt_MeadevilPack_FREE/Prefabs/SoloObjects/landscape_02.prefab using Guid(38e80406f81d2cd4db0986b686361fb3) Importer(815301076,1909f56bfc062723c751e8b465ee728b)  -> (artifact id: 'e7d81bcb9da69871934d7f5133ff7ae1') in 0.017354 seconds
Number of updated asset objects reloaded before import = 0
Number of asset objects unloaded after import = 8
========================================================================
Received Import Request.
  Time since last request: 0.000024 seconds.
  path: Assets/VanillaArt_MeadevilPack_FREE/Prefabs/SoloObjects/trailway_03_closed_02.prefab
  artifactKey: Guid(5c544efed2677384cb3cb6123f68ed45) Importer(815301076,1909f56bfc062723c751e8b465ee728b)
Start importing Assets/VanillaArt_MeadevilPack_FREE/Prefabs/SoloObjects/trailway_03_closed_02.prefab using Guid(5c544efed2677384cb3cb6123f68ed45) Importer(815301076,1909f56bfc062723c751e8b465ee728b)  -> (artifact id: 'cf2a549bea0c0e897039f6debaaf1154') in 0.017368 seconds
Number of updated asset objects reloaded before import = 0
Number of asset objects unloaded after import = 8
========================================================================
Received Import Request.
  Time since last request: 0.000030 seconds.
  path: Assets/VanillaArt_MeadevilPack_FREE/Prefabs/SoloObjects/trailway_02_closed_01.prefab
  artifactKey: Guid(92e32177790b43645a09f4f18fe01a77) Importer(815301076,1909f56bfc062723c751e8b465ee728b)
Start importing Assets/VanillaArt_MeadevilPack_FREE/Prefabs/SoloObjects/trailway_02_closed_01.prefab using Guid(92e32177790b43645a09f4f18fe01a77) Importer(815301076,1909f56bfc062723c751e8b465ee728b)  -> (artifact id: 'c13848bb46f179e8af65501d6222741e') in 0.016618 seconds
Number of updated asset objects reloaded before import = 0
Number of asset objects unloaded after import = 8
========================================================================
Received Import Request.
  Time since last request: 0.000027 seconds.
  path: Assets/VanillaArt_MeadevilPack_FREE/Prefabs/SoloObjects/trailway_03_closed_01.prefab
  artifactKey: Guid(11ec96e9817421441b9748b5c20783ee) Importer(815301076,1909f56bfc062723c751e8b465ee728b)
Start importing Assets/VanillaArt_MeadevilPack_FREE/Prefabs/SoloObjects/trailway_03_closed_01.prefab using Guid(11ec96e9817421441b9748b5c20783ee) Importer(815301076,1909f56bfc062723c751e8b465ee728b)  -> (artifact id: '590d92ca42cc7fd8aa57db43738f83ef') in 0.017697 seconds
Number of updated asset objects reloaded before import = 0
Number of asset objects unloaded after import = 8
========================================================================
Received Import Request.
  Time since last request: 0.000026 seconds.
  path: Assets/VanillaArt_MeadevilPack_FREE/Prefabs/SoloObjects/plank_06.prefab
  artifactKey: Guid(96a29a13e2b3b794dade49b14dc84fa1) Importer(815301076,1909f56bfc062723c751e8b465ee728b)
Start importing Assets/VanillaArt_MeadevilPack_FREE/Prefabs/SoloObjects/plank_06.prefab using Guid(96a29a13e2b3b794dade49b14dc84fa1) Importer(815301076,1909f56bfc062723c751e8b465ee728b)  -> (artifact id: 'ca7366894e78545834ce383b4d38980b') in 0.016536 seconds
Number of updated asset objects reloaded before import = 0
Number of asset objects unloaded after import = 8
========================================================================
Received Import Request.
  Time since last request: 0.000036 seconds.
  path: Assets/VanillaArt_MeadevilPack_FREE/Prefabs/SoloObjects/plank_07.prefab
  artifactKey: Guid(fe7f4b8622f50874c8838a6606d4b6a2) Importer(815301076,1909f56bfc062723c751e8b465ee728b)
Start importing Assets/VanillaArt_MeadevilPack_FREE/Prefabs/SoloObjects/plank_07.prefab using Guid(fe7f4b8622f50874c8838a6606d4b6a2) Importer(815301076,1909f56bfc062723c751e8b465ee728b)  -> (artifact id: 'fc952173d25c6e69e84c85803c981e8e') in 0.017893 seconds
Number of updated asset objects reloaded before import = 0
Number of asset objects unloaded after import = 8
========================================================================
Received Import Request.
  Time since last request: 0.000028 seconds.
  path: Assets/VanillaArt_MeadevilPack_FREE/Prefabs/SoloObjects/plank_04.prefab
  artifactKey: Guid(cc1d660d1529050428fcb5bf78e24965) Importer(815301076,1909f56bfc062723c751e8b465ee728b)
Start importing Assets/VanillaArt_MeadevilPack_FREE/Prefabs/SoloObjects/plank_04.prefab using Guid(cc1d660d1529050428fcb5bf78e24965) Importer(815301076,1909f56bfc062723c751e8b465ee728b)  -> (artifact id: '35862ed594b05cdfedd34855ebe1e926') in 0.018020 seconds
Number of updated asset objects reloaded before import = 0
Number of asset objects unloaded after import = 8
========================================================================
Received Import Request.
  Time since last request: 0.000027 seconds.
  path: Assets/VanillaArt_MeadevilPack_FREE/Prefabs/SoloObjects/trailway_01.prefab
  artifactKey: Guid(a63212f11356af64bb8604c90dbab474) Importer(815301076,1909f56bfc062723c751e8b465ee728b)
Start importing Assets/VanillaArt_MeadevilPack_FREE/Prefabs/SoloObjects/trailway_01.prefab using Guid(a63212f11356af64bb8604c90dbab474) Importer(815301076,1909f56bfc062723c751e8b465ee728b)  -> (artifact id: '1d127d1323052cc8c027bad8822fb174') in 0.018004 seconds
Number of updated asset objects reloaded before import = 0
Number of asset objects unloaded after import = 8
Editor requested this worker to shutdown with reason: Scaling down because of idle timeout
TcpMessagingSession - receive error: operation aborted. errorcode: 995, details: ќпераци€ ввода/вывода была прервана из-за завершени€ потока команд или по запросу приложени€.
AssetImportWorker is now disconnected from the server
Process exiting
Exiting without the bug reporter. Application will terminate with return code 0