Using pre-set license
Built from '2022.3/staging' branch; Version is '2022.3.11f1 (d00248457e15) revision 13632072'; Using compiler version '192829333'; Build Type 'Release'
OS: 'Windows 10  (10.0.19045) 64bit Professional' Language: 'ru' Physical Memory: 32688 MB
BatchMode: 1, IsHumanControllingUs: 0, StartBugReporterOnCrash: 0, Is64bit: 1, IsPro: 1

COMMAND LINE ARGUMENTS:
N:\UnityHUB\UnityVer\2022.3.11f1\Editor\Unity.exe
-adb2
-batchMode
-noUpm
-name
AssetImportWorker3
-projectPath
N:/UnityHUB/Projects/TZ
-logFile
Logs/AssetImportWorker3.log
-srvPort
64083
Successfully changed project path to: N:/UnityHUB/Projects/TZ
N:/UnityHUB/Projects/TZ
[UnityMemory] Configuration Parameters - Can be set up in boot.config
    "memorysetup-bucket-allocator-granularity=16"
    "memorysetup-bucket-allocator-bucket-count=8"
    "memorysetup-bucket-allocator-block-size=33554432"
    "memorysetup-bucket-allocator-block-count=8"
    "memorysetup-main-allocator-block-size=16777216"
    "memorysetup-thread-allocator-block-size=16777216"
    "memorysetup-gfx-main-allocator-block-size=16777216"
    "memorysetup-gfx-thread-allocator-block-size=16777216"
    "memorysetup-cache-allocator-block-size=4194304"
    "memorysetup-typetree-allocator-block-size=2097152"
    "memorysetup-profiler-bucket-allocator-granularity=16"
    "memorysetup-profiler-bucket-allocator-bucket-count=8"
    "memorysetup-profiler-bucket-allocator-block-size=33554432"
    "memorysetup-profiler-bucket-allocator-block-count=8"
    "memorysetup-profiler-allocator-block-size=16777216"
    "memorysetup-profiler-editor-allocator-block-size=1048576"
    "memorysetup-temp-allocator-size-main=16777216"
    "memorysetup-job-temp-allocator-block-size=2097152"
    "memorysetup-job-temp-allocator-block-size-background=1048576"
    "memorysetup-job-temp-allocator-reduction-small-platforms=262144"
    "memorysetup-allocator-temp-initial-block-size-main=262144"
    "memorysetup-allocator-temp-initial-block-size-worker=262144"
    "memorysetup-temp-allocator-size-background-worker=32768"
    "memorysetup-temp-allocator-size-job-worker=262144"
    "memorysetup-temp-allocator-size-preload-manager=33554432"
    "memorysetup-temp-allocator-size-nav-mesh-worker=65536"
    "memorysetup-temp-allocator-size-audio-worker=65536"
    "memorysetup-temp-allocator-size-cloud-worker=32768"
    "memorysetup-temp-allocator-size-gi-baking-worker=262144"
    "memorysetup-temp-allocator-size-gfx=262144"
Player connection [24244] Host "[IP] 26.163.23.61 [Port] 0 [Flags] 2 [Guid] 770463057 [EditorId] 770463057 [Version] 1048832 [Id] WindowsEditor(7,DESKTOP-8SUV858) [Debug] 1 [PackageName] WindowsEditor [ProjectName] Editor" joined multi-casting on [225.0.0.222:54997]...

Player connection [24244] Host "[IP] 26.163.23.61 [Port] 0 [Flags] 2 [Guid] 770463057 [EditorId] 770463057 [Version] 1048832 [Id] WindowsEditor(7,DESKTOP-8SUV858) [Debug] 1 [PackageName] WindowsEditor [ProjectName] Editor" joined alternative multi-casting on [225.0.0.222:34997]...

[Physics::Module] Initialized MultithreadedJobDispatcher with 15 workers.
Refreshing native plugins compatible for Editor in 19.30 ms, found 3 plugins.
Preloading 0 native plugins for Editor in 0.00 ms.
Initialize engine version: 2022.3.11f1 (d00248457e15)
[Subsystems] Discovering subsystems at path N:/UnityHUB/UnityVer/2022.3.11f1/Editor/Data/Resources/UnitySubsystems
[Subsystems] Discovering subsystems at path N:/UnityHUB/Projects/TZ/Assets
GfxDevice: creating device client; threaded=0; jobified=0
Direct3D:
    Version:  Direct3D 11.0 [level 11.1]
    Renderer: AMD Radeon RX 6600 (ID=0x73ff)
    Vendor:   ATI
    VRAM:     8147 MB
    Driver:   31.0.21031.1005
Initialize mono
Mono path[0] = 'N:/UnityHUB/UnityVer/2022.3.11f1/Editor/Data/Managed'
Mono path[1] = 'N:/UnityHUB/UnityVer/2022.3.11f1/Editor/Data/MonoBleedingEdge/lib/mono/unityjit-win32'
Mono config path = 'N:/UnityHUB/UnityVer/2022.3.11f1/Editor/Data/MonoBleedingEdge/etc'
Using monoOptions --debugger-agent=transport=dt_socket,embedding=1,server=y,suspend=n,address=127.0.0.1:56308
Begin MonoManager ReloadAssembly
Registering precompiled unity dll's ...
Register platform support module: N:/UnityHUB/UnityVer/2022.3.11f1/Editor/Data/PlaybackEngines/WebGLSupport/UnityEditor.WebGL.Extensions.dll
Register platform support module: N:/UnityHUB/UnityVer/2022.3.11f1/Editor/Data/PlaybackEngines/WindowsStandaloneSupport/UnityEditor.WindowsStandalone.Extensions.dll
Registered in 0.013738 seconds.
- Loaded All Assemblies, in  0.614 seconds
Native extension for WindowsStandalone target not found
Native extension for WebGL target not found
Mono: successfully reloaded assembly
- Finished resetting the current domain, in  0.445 seconds
Domain Reload Profiling: 1058ms
	BeginReloadAssembly (193ms)
		ExecutionOrderSort (0ms)
		DisableScriptedObjects (0ms)
		BackupInstance (0ms)
		ReleaseScriptingObjects (0ms)
		CreateAndSetChildDomain (1ms)
	RebuildCommonClasses (63ms)
	RebuildNativeTypeToScriptingClass (19ms)
	initialDomainReloadingComplete (98ms)
	LoadAllAssembliesAndSetupDomain (240ms)
		LoadAssemblies (191ms)
		RebuildTransferFunctionScriptingTraits (0ms)
		AnalyzeDomain (237ms)
			TypeCache.Refresh (235ms)
				TypeCache.ScanAssembly (214ms)
			ScanForSourceGeneratedMonoScriptInfo (0ms)
			ResolveRequiredComponents (1ms)
	FinalizeReload (446ms)
		ReleaseScriptCaches (0ms)
		RebuildScriptCaches (0ms)
		SetupLoadedEditorAssemblies (347ms)
			LogAssemblyErrors (0ms)
			InitializePlatformSupportModulesInManaged (16ms)
			SetLoadedEditorAssemblies (8ms)
			RefreshPlugins (0ms)
			BeforeProcessingInitializeOnLoad (4ms)
			ProcessInitializeOnLoadAttributes (226ms)
			ProcessInitializeOnLoadMethodAttributes (92ms)
			AfterProcessingInitializeOnLoad (0ms)
			EditorAssembliesLoaded (0ms)
		ExecutionOrderSort2 (0ms)
		AwakeInstancesAfterBackupRestoration (0ms)
========================================================================
Worker process is ready to serve import requests
Begin MonoManager ReloadAssembly
- Loaded All Assemblies, in  1.000 seconds
Refreshing native plugins compatible for Editor in 4.41 ms, found 3 plugins.
Native extension for WindowsStandalone target not found
Native extension for WebGL target not found
Package Manager log level set to [2]
[Package Manager] Server::EnsureServerProcessIsRunning -- launch failed, reason: Unity was launched with the -noUpm command-line argument
[Package Manager] UpmClient::Send -- Unable to send message (not connected to UPM process).
[Package Manager] Cannot connect to Unity Package Manager local server
Mono: successfully reloaded assembly
- Finished resetting the current domain, in  0.907 seconds
Domain Reload Profiling: 1907ms
	BeginReloadAssembly (248ms)
		ExecutionOrderSort (0ms)
		DisableScriptedObjects (10ms)
		BackupInstance (0ms)
		ReleaseScriptingObjects (0ms)
		CreateAndSetChildDomain (29ms)
	RebuildCommonClasses (60ms)
	RebuildNativeTypeToScriptingClass (19ms)
	initialDomainReloadingComplete (67ms)
	LoadAllAssembliesAndSetupDomain (605ms)
		LoadAssemblies (460ms)
		RebuildTransferFunctionScriptingTraits (0ms)
		AnalyzeDomain (296ms)
			TypeCache.Refresh (263ms)
				TypeCache.ScanAssembly (241ms)
			ScanForSourceGeneratedMonoScriptInfo (24ms)
			ResolveRequiredComponents (7ms)
	FinalizeReload (908ms)
		ReleaseScriptCaches (0ms)
		RebuildScriptCaches (0ms)
		SetupLoadedEditorAssemblies (649ms)
			LogAssemblyErrors (0ms)
			InitializePlatformSupportModulesInManaged (11ms)
			SetLoadedEditorAssemblies (7ms)
			RefreshPlugins (0ms)
			BeforeProcessingInitializeOnLoad (89ms)
			ProcessInitializeOnLoadAttributes (497ms)
			ProcessInitializeOnLoadMethodAttributes (37ms)
			AfterProcessingInitializeOnLoad (7ms)
			EditorAssembliesLoaded (0ms)
		ExecutionOrderSort2 (0ms)
		AwakeInstancesAfterBackupRestoration (19ms)
Launched and connected shader compiler UnityShaderCompiler.exe after 0.06 seconds
Refreshing native plugins compatible for Editor in 3.78 ms, found 3 plugins.
Preloading 0 native plugins for Editor in 0.00 ms.
Unloading 3083 Unused Serialized files (Serialized files now loaded: 0)
Unloading 32 unused Assets / (56.9 KB). Loaded Objects now: 3544.
Memory consumption went from 121.6 MB to 121.5 MB.
Total: 5.464400 ms (FindLiveObjects: 0.345400 ms CreateObjectMapping: 0.158800 ms MarkObjects: 4.814700 ms  DeleteObjects: 0.143400 ms)

AssetImportParameters requested are different than current active one (requested -> active):
  custom:container-demuxer-ogg: 62fdf1f143b41e24485cea50d1cbac27 -> 
  custom:video-decoder-ogg-theora: a1e56fd34408186e4bbccfd4996cb3dc -> 
  custom:framework-win-MediaFoundation: 216162199b28c13a410421893ffa2e32 -> 
  custom:CustomObjectIndexerAttribute: 756ad292c208cfabdd7b50bc23989ffe -> 
  custom:container-demuxer-webm: 4f35f7cbe854078d1ac9338744f61a02 -> 
  custom:container-muxer-webm: aa71ff27fc2769a1b78a27578f13a17b -> 
  custom:video-decoder-webm-vp8: 9c59270c3fd7afecdb556c50c9e8de78 -> 
  custom:SearchIndexIgnoredProperties: e643bd26f0fe6173181afceb89e7c659 -> 
  custom:AudioImporter_EditorPlatform: d09bf68614088b80899f8185d706f6e7 -> 
  custom:video-encoder-webm-vp8: eb34c28f22e8b96e1ab97ce403110664 -> 
  custom:audio-decoder-ogg-vorbis: bf7c407c2cedff20999df2af8eb42d56 -> 
  custom:audio-encoder-webm-vorbis: bf7c407c2cedff20999df2af8eb42d56 -> 
========================================================================
Received Import Request.
  Time since last request: 205304.630550 seconds.
  path: Assets/VanillaArt_MeadevilPack_FREE/Prefabs/SoloObjects/plank_01.prefab
  artifactKey: Guid(819046b4e90d9c24e93ec241ae2315c5) Importer(815301076,1909f56bfc062723c751e8b465ee728b)
Start importing Assets/VanillaArt_MeadevilPack_FREE/Prefabs/SoloObjects/plank_01.prefab using Guid(819046b4e90d9c24e93ec241ae2315c5) Importer(815301076,1909f56bfc062723c751e8b465ee728b)  -> (artifact id: '9ed8792eb513b140de168e7e09c6d01a') in 0.160782 seconds
Number of updated asset objects reloaded before import = 0
Number of asset objects unloaded after import = 8
========================================================================
Received Import Request.
  Time since last request: 99.218732 seconds.
  path: Assets/VanillaArt_MeadevilPack_FREE/Models/cart_01.fbx
  artifactKey: Guid(2f70be416e73fa2488391e9750218495) Importer(815301076,1909f56bfc062723c751e8b465ee728b)
Start importing Assets/VanillaArt_MeadevilPack_FREE/Models/cart_01.fbx using Guid(2f70be416e73fa2488391e9750218495) Importer(815301076,1909f56bfc062723c751e8b465ee728b)  -> (artifact id: '9ec6c3252c9f77d901b6a6c4159e8814') in 0.115084 seconds
Number of updated asset objects reloaded before import = 0
Number of asset objects unloaded after import = 34
========================================================================
Received Import Request.
  Time since last request: 0.000033 seconds.
  path: Assets/VanillaArt_MeadevilPack_FREE/Models/fences_horizontal_part_03.fbx
  artifactKey: Guid(1b39412ee519873478ef05bcd2117f7b) Importer(815301076,1909f56bfc062723c751e8b465ee728b)
Start importing Assets/VanillaArt_MeadevilPack_FREE/Models/fences_horizontal_part_03.fbx using Guid(1b39412ee519873478ef05bcd2117f7b) Importer(815301076,1909f56bfc062723c751e8b465ee728b)  -> (artifact id: 'ce9e2de63713defee0299d8442f37368') in 0.019922 seconds
Number of updated asset objects reloaded before import = 0
Number of asset objects unloaded after import = 7
========================================================================
Received Import Request.
  Time since last request: 0.000036 seconds.
  path: Assets/VanillaArt_MeadevilPack_FREE/Models/plank_03.fbx
  artifactKey: Guid(5a7d76fa813310245a9a6c8684370f8f) Importer(815301076,1909f56bfc062723c751e8b465ee728b)
Start importing Assets/VanillaArt_MeadevilPack_FREE/Models/plank_03.fbx using Guid(5a7d76fa813310245a9a6c8684370f8f) Importer(815301076,1909f56bfc062723c751e8b465ee728b)  -> (artifact id: '43407b6e00c23cbe29cdb8cce1a56e65') in 0.052110 seconds
Number of updated asset objects reloaded before import = 0
Number of asset objects unloaded after import = 8
========================================================================
Received Import Request.
  Time since last request: 0.000026 seconds.
  path: Assets/VanillaArt_MeadevilPack_FREE/Models/fences_horizontal_part_01.fbx
  artifactKey: Guid(5fc6609b30586114bb281ca5ffdc0822) Importer(815301076,1909f56bfc062723c751e8b465ee728b)
Start importing Assets/VanillaArt_MeadevilPack_FREE/Models/fences_horizontal_part_01.fbx using Guid(5fc6609b30586114bb281ca5ffdc0822) Importer(815301076,1909f56bfc062723c751e8b465ee728b)  -> (artifact id: '6476212347941c81c892e2f064bb8633') in 0.023090 seconds
Number of updated asset objects reloaded before import = 0
Number of asset objects unloaded after import = 7
========================================================================
Received Import Request.
  Time since last request: 0.000029 seconds.
  path: Assets/VanillaArt_MeadevilPack_FREE/Models/landscape_03.fbx
  artifactKey: Guid(7be2942267ca8df44adb41be8fb8a144) Importer(815301076,1909f56bfc062723c751e8b465ee728b)
Start importing Assets/VanillaArt_MeadevilPack_FREE/Models/landscape_03.fbx using Guid(7be2942267ca8df44adb41be8fb8a144) Importer(815301076,1909f56bfc062723c751e8b465ee728b)  -> (artifact id: '1ea4f062116d617f7959f799f1e4b8df') in 0.023224 seconds
Number of updated asset objects reloaded before import = 0
Number of asset objects unloaded after import = 7
========================================================================
Received Import Request.
  Time since last request: 0.000030 seconds.
  path: Assets/VanillaArt_MeadevilPack_FREE/Models/trailway_03_closed_02.fbx
  artifactKey: Guid(2a4ae4adc3f7e854dadae8e0a617db25) Importer(815301076,1909f56bfc062723c751e8b465ee728b)
Start importing Assets/VanillaArt_MeadevilPack_FREE/Models/trailway_03_closed_02.fbx using Guid(2a4ae4adc3f7e854dadae8e0a617db25) Importer(815301076,1909f56bfc062723c751e8b465ee728b)  -> (artifact id: '1aac12f8ab7a265d14186e16cfe48abf') in 0.028054 seconds
Number of updated asset objects reloaded before import = 0
Number of asset objects unloaded after import = 8
========================================================================
Received Import Request.
  Time since last request: 0.000026 seconds.
  path: Assets/VanillaArt_MeadevilPack_FREE/Models/stone_06.fbx
  artifactKey: Guid(702d1fd205c022e478aabbea0877d80b) Importer(815301076,1909f56bfc062723c751e8b465ee728b)
Start importing Assets/VanillaArt_MeadevilPack_FREE/Models/stone_06.fbx using Guid(702d1fd205c022e478aabbea0877d80b) Importer(815301076,1909f56bfc062723c751e8b465ee728b)  -> (artifact id: '69c04e33d8b432d8afc2f6d6e344a6c0') in 0.020886 seconds
Number of updated asset objects reloaded before import = 0
Number of asset objects unloaded after import = 7
========================================================================
Received Import Request.
  Time since last request: 0.000023 seconds.
  path: Assets/VanillaArt_MeadevilPack_FREE/Models/plank_02.fbx
  artifactKey: Guid(178f729d6b023a240b3eb84dd71d4f80) Importer(815301076,1909f56bfc062723c751e8b465ee728b)
Start importing Assets/VanillaArt_MeadevilPack_FREE/Models/plank_02.fbx using Guid(178f729d6b023a240b3eb84dd71d4f80) Importer(815301076,1909f56bfc062723c751e8b465ee728b)  -> (artifact id: '48daa3cebcc8d30dbbb834f0d9370be7') in 0.029277 seconds
Number of updated asset objects reloaded before import = 0
Number of asset objects unloaded after import = 8
========================================================================
Received Import Request.
  Time since last request: 0.000027 seconds.
  path: Assets/VanillaArt_MeadevilPack_FREE/Models/trailway_02.fbx
  artifactKey: Guid(8a6603d42d59edf4e806b69843e5ffcd) Importer(815301076,1909f56bfc062723c751e8b465ee728b)
Start importing Assets/VanillaArt_MeadevilPack_FREE/Models/trailway_02.fbx using Guid(8a6603d42d59edf4e806b69843e5ffcd) Importer(815301076,1909f56bfc062723c751e8b465ee728b)  -> (artifact id: '797f39868b13883e2849e0e166745543') in 0.026878 seconds
Number of updated asset objects reloaded before import = 0
Number of asset objects unloaded after import = 8
========================================================================
Received Import Request.
  Time since last request: 0.000026 seconds.
  path: Assets/VanillaArt_MeadevilPack_FREE/Models/stone_03.fbx
  artifactKey: Guid(e45f2c7fcfef0374c86999dfd88d6de3) Importer(815301076,1909f56bfc062723c751e8b465ee728b)
Start importing Assets/VanillaArt_MeadevilPack_FREE/Models/stone_03.fbx using Guid(e45f2c7fcfef0374c86999dfd88d6de3) Importer(815301076,1909f56bfc062723c751e8b465ee728b)  -> (artifact id: '58a71e743275fe425d33009819532627') in 0.021715 seconds
Number of updated asset objects reloaded before import = 0
Number of asset objects unloaded after import = 7
========================================================================
Received Import Request.
  Time since last request: 0.000028 seconds.
  path: Assets/VanillaArt_MeadevilPack_FREE/Models/little_stone_03.fbx
  artifactKey: Guid(22cf88aae79b9f84f8103204f74c393f) Importer(815301076,1909f56bfc062723c751e8b465ee728b)
Start importing Assets/VanillaArt_MeadevilPack_FREE/Models/little_stone_03.fbx using Guid(22cf88aae79b9f84f8103204f74c393f) Importer(815301076,1909f56bfc062723c751e8b465ee728b)  -> (artifact id: '792deab46998b129cdc60dcfb08b32b6') in 0.020301 seconds
Number of updated asset objects reloaded before import = 0
Number of asset objects unloaded after import = 7
========================================================================
Received Import Request.
  Time since last request: 0.000036 seconds.
  path: Assets/VanillaArt_MeadevilPack_FREE/Models/little_stone_01.fbx
  artifactKey: Guid(140170d8881f72c4ea261cbe63d34eac) Importer(815301076,1909f56bfc062723c751e8b465ee728b)
Start importing Assets/VanillaArt_MeadevilPack_FREE/Models/little_stone_01.fbx using Guid(140170d8881f72c4ea261cbe63d34eac) Importer(815301076,1909f56bfc062723c751e8b465ee728b)  -> (artifact id: '1b532792f85d585497e22271ae2922ca') in 0.021163 seconds
Number of updated asset objects reloaded before import = 0
Number of asset objects unloaded after import = 7
========================================================================
Received Import Request.
  Time since last request: 0.000025 seconds.
  path: Assets/VanillaArt_MeadevilPack_FREE/Models/plank_01.fbx
  artifactKey: Guid(585c7545a6e77d040aa928e478e0832a) Importer(815301076,1909f56bfc062723c751e8b465ee728b)
Start importing Assets/VanillaArt_MeadevilPack_FREE/Models/plank_01.fbx using Guid(585c7545a6e77d040aa928e478e0832a) Importer(815301076,1909f56bfc062723c751e8b465ee728b)  -> (artifact id: '9980000d06f79bc6b32a2a960f0c1abb') in 0.028870 seconds
Number of updated asset objects reloaded before import = 0
Number of asset objects unloaded after import = 8
========================================================================
Received Import Request.
  Time since last request: 0.000022 seconds.
  path: Assets/VanillaArt_MeadevilPack_FREE/Models/landscape_02.fbx
  artifactKey: Guid(244287f48d76b2141845948c8bcd9d22) Importer(815301076,1909f56bfc062723c751e8b465ee728b)
Start importing Assets/VanillaArt_MeadevilPack_FREE/Models/landscape_02.fbx using Guid(244287f48d76b2141845948c8bcd9d22) Importer(815301076,1909f56bfc062723c751e8b465ee728b)  -> (artifact id: '69e70bf5710399a62e056ab0ff35f94e') in 0.024255 seconds
Number of updated asset objects reloaded before import = 0
Number of asset objects unloaded after import = 7
========================================================================
Received Import Request.
  Time since last request: 0.000026 seconds.
  path: Assets/VanillaArt_MeadevilPack_FREE/Models/house_01.fbx
  artifactKey: Guid(9dc4b88754cb6534e8e22097b7e84e48) Importer(815301076,1909f56bfc062723c751e8b465ee728b)
Start importing Assets/VanillaArt_MeadevilPack_FREE/Models/house_01.fbx using Guid(9dc4b88754cb6534e8e22097b7e84e48) Importer(815301076,1909f56bfc062723c751e8b465ee728b)  -> (artifact id: '74651ee3208cdfa1baf95b25bfa9341c') in 0.233703 seconds
Number of updated asset objects reloaded before import = 0
Number of asset objects unloaded after import = 127
========================================================================
Received Import Request.
  Time since last request: 0.000023 seconds.
  path: Assets/VanillaArt_MeadevilPack_FREE/Models/tree_01.fbx
  artifactKey: Guid(10de62937a6b85e43a7a810ac2ae0411) Importer(815301076,1909f56bfc062723c751e8b465ee728b)
Start importing Assets/VanillaArt_MeadevilPack_FREE/Models/tree_01.fbx using Guid(10de62937a6b85e43a7a810ac2ae0411) Importer(815301076,1909f56bfc062723c751e8b465ee728b)  -> (artifact id: 'd85051f2c97c7c5932d7134062718ab9') in 0.040272 seconds
Number of updated asset objects reloaded before import = 0
Number of asset objects unloaded after import = 14
========================================================================
Received Import Request.
  Time since last request: 0.000037 seconds.
  path: Assets/VanillaArt_MeadevilPack_FREE/Models/tree_03.fbx
  artifactKey: Guid(5a3dc97596c6de04bbc7e26c2828b97e) Importer(815301076,1909f56bfc062723c751e8b465ee728b)
Start importing Assets/VanillaArt_MeadevilPack_FREE/Models/tree_03.fbx using Guid(5a3dc97596c6de04bbc7e26c2828b97e) Importer(815301076,1909f56bfc062723c751e8b465ee728b)  -> (artifact id: '3e6e80602005cd63b6cab978c28fcc3a') in 0.043313 seconds
Number of updated asset objects reloaded before import = 0
Number of asset objects unloaded after import = 14
========================================================================
Received Import Request.
  Time since last request: 0.000038 seconds.
  path: Assets/VanillaArt_MeadevilPack_FREE/Models/trailway_02_closed_02.fbx
  artifactKey: Guid(ce2dd45fa16adb143a6d2369107b3efa) Importer(815301076,1909f56bfc062723c751e8b465ee728b)
Start importing Assets/VanillaArt_MeadevilPack_FREE/Models/trailway_02_closed_02.fbx using Guid(ce2dd45fa16adb143a6d2369107b3efa) Importer(815301076,1909f56bfc062723c751e8b465ee728b)  -> (artifact id: '9d48addc292925565b7bbb2ff2fa0d0b') in 0.034501 seconds
Number of updated asset objects reloaded before import = 0
Number of asset objects unloaded after import = 8
========================================================================
Received Import Request.
  Time since last request: 0.000022 seconds.
  path: Assets/VanillaArt_MeadevilPack_FREE/Models/landscape_01.fbx
  artifactKey: Guid(261ff3dd765c6b44c99b090fa252965d) Importer(815301076,1909f56bfc062723c751e8b465ee728b)
Start importing Assets/VanillaArt_MeadevilPack_FREE/Models/landscape_01.fbx using Guid(261ff3dd765c6b44c99b090fa252965d) Importer(815301076,1909f56bfc062723c751e8b465ee728b)  -> (artifact id: 'b297cc299812ee4af0cd13c3207311f6') in 0.027247 seconds
Number of updated asset objects reloaded before import = 0
Number of asset objects unloaded after import = 7
========================================================================
Received Import Request.
  Time since last request: 0.000027 seconds.
  path: Assets/VanillaArt_MeadevilPack_FREE/Models/grass_01.fbx
  artifactKey: Guid(f08f45e86bad1fe4593d90d9fcbc6033) Importer(815301076,1909f56bfc062723c751e8b465ee728b)
Start importing Assets/VanillaArt_MeadevilPack_FREE/Models/grass_01.fbx using Guid(f08f45e86bad1fe4593d90d9fcbc6033) Importer(815301076,1909f56bfc062723c751e8b465ee728b)  -> (artifact id: '292acb251ee3aff55f481f58dd8dc34d') in 0.026439 seconds
Number of updated asset objects reloaded before import = 0
Number of asset objects unloaded after import = 7
========================================================================
Received Import Request.
  Time since last request: 0.000029 seconds.
  path: Assets/VanillaArt_MeadevilPack_FREE/Models/stone_02.fbx
  artifactKey: Guid(4306e1fc031fc3d49b084307e88d6e42) Importer(815301076,1909f56bfc062723c751e8b465ee728b)
Start importing Assets/VanillaArt_MeadevilPack_FREE/Models/stone_02.fbx using Guid(4306e1fc031fc3d49b084307e88d6e42) Importer(815301076,1909f56bfc062723c751e8b465ee728b)  -> (artifact id: 'a96b3b43f3d8b4f69304d9389624ddc1') in 0.024244 seconds
Number of updated asset objects reloaded before import = 0
Number of asset objects unloaded after import = 7
========================================================================
Received Import Request.
  Time since last request: 0.000026 seconds.
  path: Assets/VanillaArt_MeadevilPack_FREE/Models/tree_04.fbx
  artifactKey: Guid(2d596492934f7224a8cd4b58ebcee9fc) Importer(815301076,1909f56bfc062723c751e8b465ee728b)
Start importing Assets/VanillaArt_MeadevilPack_FREE/Models/tree_04.fbx using Guid(2d596492934f7224a8cd4b58ebcee9fc) Importer(815301076,1909f56bfc062723c751e8b465ee728b)  -> (artifact id: '64f9d5f377627b5832dbec3282dd5594') in 0.039594 seconds
Number of updated asset objects reloaded before import = 0
Number of asset objects unloaded after import = 14
========================================================================
Received Import Request.
  Time since last request: 3.930831 seconds.
  path: Assets/VanillaArt_MeadevilPack_FREE/Textures/cart_01_AO.png
  artifactKey: Guid(f0bd82069914ef044a26469e59ec166f) Importer(815301076,1909f56bfc062723c751e8b465ee728b)
Start importing Assets/VanillaArt_MeadevilPack_FREE/Textures/cart_01_AO.png using Guid(f0bd82069914ef044a26469e59ec166f) Importer(815301076,1909f56bfc062723c751e8b465ee728b)  -> (artifact id: '6516e52074a7ada6cf7eed66e01084bb') in 0.040255 seconds
Number of updated asset objects reloaded before import = 0
Number of asset objects unloaded after import = 2
========================================================================
Received Import Request.
  Time since last request: 0.000021 seconds.
  path: Assets/VanillaArt_MeadevilPack_FREE/Textures/house_01_AO.png
  artifactKey: Guid(8dfa73b09f05811498400eff8e119f3d) Importer(815301076,1909f56bfc062723c751e8b465ee728b)
Start importing Assets/VanillaArt_MeadevilPack_FREE/Textures/house_01_AO.png using Guid(8dfa73b09f05811498400eff8e119f3d) Importer(815301076,1909f56bfc062723c751e8b465ee728b)  -> (artifact id: '19fddaabf4b36aedf13b5e7b1de52ab0') in 0.025072 seconds
Number of updated asset objects reloaded before import = 0
Number of asset objects unloaded after import = 2
========================================================================
Received Import Request.
  Time since last request: 2.113972 seconds.
  path: Assets/VanillaArt_MeadevilPack_FREE/Materials/cart_01_main.mat
  artifactKey: Guid(df8452c07a7a78e408a012dd3ec5bcfb) Importer(815301076,1909f56bfc062723c751e8b465ee728b)
Start importing Assets/VanillaArt_MeadevilPack_FREE/Materials/cart_01_main.mat using Guid(df8452c07a7a78e408a012dd3ec5bcfb) Importer(815301076,1909f56bfc062723c751e8b465ee728b)  -> (artifact id: '6c9c34a9c21f20f620e6ae7fb23acad0') in 0.017366 seconds
Number of updated asset objects reloaded before import = 0
Number of asset objects unloaded after import = 2
========================================================================
Received Import Request.
  Time since last request: 0.000021 seconds.
  path: Assets/VanillaArt_MeadevilPack_FREE/Materials/SkyBox.mat
  artifactKey: Guid(2870bb9a67a3e4f06b9a33ca3fc56ae7) Importer(815301076,1909f56bfc062723c751e8b465ee728b)
Start importing Assets/VanillaArt_MeadevilPack_FREE/Materials/SkyBox.mat using Guid(2870bb9a67a3e4f06b9a33ca3fc56ae7) Importer(815301076,1909f56bfc062723c751e8b465ee728b)  -> (artifact id: 'c7a928d3e67a357ed4730ebd0e139494') in 0.190809 seconds
Number of updated asset objects reloaded before import = 0
Number of asset objects unloaded after import = 1
========================================================================
Received Import Request.
  Time since last request: 353.214118 seconds.
  path: Assets/WoodsLifestyle/Prefabs/Cabins/Cabin_02.prefab
  artifactKey: Guid(36ebaa25b1c08964b99fdbb5a236580b) Importer(815301076,1909f56bfc062723c751e8b465ee728b)
Start importing Assets/WoodsLifestyle/Prefabs/Cabins/Cabin_02.prefab using Guid(36ebaa25b1c08964b99fdbb5a236580b) Importer(815301076,1909f56bfc062723c751e8b465ee728b)  -> (artifact id: 'f2cb39f4463cd1c250e221a4a28f5b2c') in 0.023766 seconds
Number of updated asset objects reloaded before import = 0
Number of asset objects unloaded after import = 36
========================================================================
Received Import Request.
  Time since last request: 0.000032 seconds.
  path: Assets/WoodsLifestyle/Prefabs/Cabins/Cabin_03.prefab
  artifactKey: Guid(a611ef0d3e2e6bd4d8d7aa5deeedec15) Importer(815301076,1909f56bfc062723c751e8b465ee728b)
Start importing Assets/WoodsLifestyle/Prefabs/Cabins/Cabin_03.prefab using Guid(a611ef0d3e2e6bd4d8d7aa5deeedec15) Importer(815301076,1909f56bfc062723c751e8b465ee728b)  -> (artifact id: '265aeb63f02bc7fe7caca7bf4d0e10a4') in 0.022004 seconds
Number of updated asset objects reloaded before import = 0
Number of asset objects unloaded after import = 35
========================================================================
Received Prepare
Begin MonoManager ReloadAssembly
- Loaded All Assemblies, in  0.695 seconds
Refreshing native plugins compatible for Editor in 4.08 ms, found 3 plugins.
Native extension for WindowsStandalone target not found
Native extension for WebGL target not found
[Package Manager] Server::EnsureServerProcessIsRunning -- launch failed, reason: Unity was launched with the -noUpm command-line argument
[Package Manager] UpmClient::Send -- Unable to send message (not connected to UPM process).
[Package Manager] Cannot connect to Unity Package Manager local server
Mono: successfully reloaded assembly
- Finished resetting the current domain, in  1.354 seconds
Domain Reload Profiling: 2047ms
	BeginReloadAssembly (251ms)
		ExecutionOrderSort (0ms)
		DisableScriptedObjects (8ms)
		BackupInstance (0ms)
		ReleaseScriptingObjects (0ms)
		CreateAndSetChildDomain (53ms)
	RebuildCommonClasses (59ms)
	RebuildNativeTypeToScriptingClass (18ms)
	initialDomainReloadingComplete (45ms)
	LoadAllAssembliesAndSetupDomain (318ms)
		LoadAssemblies (448ms)
		RebuildTransferFunctionScriptingTraits (0ms)
		AnalyzeDomain (19ms)
			TypeCache.Refresh (9ms)
				TypeCache.ScanAssembly (0ms)
			ScanForSourceGeneratedMonoScriptInfo (0ms)
			ResolveRequiredComponents (8ms)
	FinalizeReload (1355ms)
		ReleaseScriptCaches (0ms)
		RebuildScriptCaches (0ms)
		SetupLoadedEditorAssemblies (591ms)
			LogAssemblyErrors (0ms)
			InitializePlatformSupportModulesInManaged (11ms)
			SetLoadedEditorAssemblies (6ms)
			RefreshPlugins (0ms)
			BeforeProcessingInitializeOnLoad (91ms)
			ProcessInitializeOnLoadAttributes (440ms)
			ProcessInitializeOnLoadMethodAttributes (35ms)
			AfterProcessingInitializeOnLoad (8ms)
			EditorAssembliesLoaded (0ms)
		ExecutionOrderSort2 (0ms)
		AwakeInstancesAfterBackupRestoration (19ms)
Refreshing native plugins compatible for Editor in 3.72 ms, found 3 plugins.
Preloading 0 native plugins for Editor in 0.00 ms.
Unloading 3075 Unused Serialized files (Serialized files now loaded: 0)
Unloading 22 unused Assets / (30.2 KB). Loaded Objects now: 3593.
Memory consumption went from 126.6 MB to 126.6 MB.
Total: 4.735300 ms (FindLiveObjects: 0.364000 ms CreateObjectMapping: 0.190000 ms MarkObjects: 4.131200 ms  DeleteObjects: 0.048800 ms)

Prepare: number of updated asset objects reloaded= 0
AssetImportParameters requested are different than current active one (requested -> active):
  custom:container-demuxer-ogg: 62fdf1f143b41e24485cea50d1cbac27 -> 
  custom:video-decoder-ogg-theora: a1e56fd34408186e4bbccfd4996cb3dc -> 
  custom:framework-win-MediaFoundation: 216162199b28c13a410421893ffa2e32 -> 
  custom:CustomObjectIndexerAttribute: 756ad292c208cfabdd7b50bc23989ffe -> 
  custom:container-demuxer-webm: 4f35f7cbe854078d1ac9338744f61a02 -> 
  custom:container-muxer-webm: aa71ff27fc2769a1b78a27578f13a17b -> 
  custom:video-decoder-webm-vp8: 9c59270c3fd7afecdb556c50c9e8de78 -> 
  custom:SearchIndexIgnoredProperties: e643bd26f0fe6173181afceb89e7c659 -> 
  custom:AudioImporter_EditorPlatform: d09bf68614088b80899f8185d706f6e7 -> 
  custom:video-encoder-webm-vp8: eb34c28f22e8b96e1ab97ce403110664 -> 
  custom:audio-decoder-ogg-vorbis: bf7c407c2cedff20999df2af8eb42d56 -> 
  custom:audio-encoder-webm-vorbis: bf7c407c2cedff20999df2af8eb42d56 -> 
========================================================================
Received Import Request.
  Time since last request: 129.934531 seconds.
  path: Assets/Skybox/Cubemaps/sunset.hdr
  artifactKey: Guid(656a59a5ff93c46498416d97e5c16b66) Importer(815301076,1909f56bfc062723c751e8b465ee728b)
Start importing Assets/Skybox/Cubemaps/sunset.hdr using Guid(656a59a5ff93c46498416d97e5c16b66) Importer(815301076,1909f56bfc062723c751e8b465ee728b)  -> (artifact id: '2bdee18e68b1d3d9439c207744ab225d') in 0.211419 seconds
Number of updated asset objects reloaded before import = 0
Number of asset objects unloaded after import = 1
========================================================================
Received Import Request.
  Time since last request: 12.419121 seconds.
  path: Assets/Skybox/Materials/Skybox_Sunset.mat
  artifactKey: Guid(4067de1a02072244798361060c5e7325) Importer(815301076,1909f56bfc062723c751e8b465ee728b)
Start importing Assets/Skybox/Materials/Skybox_Sunset.mat using Guid(4067de1a02072244798361060c5e7325) Importer(815301076,1909f56bfc062723c751e8b465ee728b)  -> (artifact id: 'a86402b730d9616c5574cb1bb807b424') in 0.137093 seconds
Number of updated asset objects reloaded before import = 0
Number of asset objects unloaded after import = 2
========================================================================
Received Prepare
Begin MonoManager ReloadAssembly
- Loaded All Assemblies, in  0.700 seconds
Refreshing native plugins compatible for Editor in 4.21 ms, found 3 plugins.
Native extension for WindowsStandalone target not found
Native extension for WebGL target not found
[Package Manager] Server::EnsureServerProcessIsRunning -- launch failed, reason: Unity was launched with the -noUpm command-line argument
[Package Manager] UpmClient::Send -- Unable to send message (not connected to UPM process).
[Package Manager] Cannot connect to Unity Package Manager local server
Mono: successfully reloaded assembly
- Finished resetting the current domain, in  1.381 seconds
Domain Reload Profiling: 2080ms
	BeginReloadAssembly (252ms)
		ExecutionOrderSort (0ms)
		DisableScriptedObjects (9ms)
		BackupInstance (0ms)
		ReleaseScriptingObjects (0ms)
		CreateAndSetChildDomain (53ms)
	RebuildCommonClasses (59ms)
	RebuildNativeTypeToScriptingClass (18ms)
	initialDomainReloadingComplete (45ms)
	LoadAllAssembliesAndSetupDomain (324ms)
		LoadAssemblies (453ms)
		RebuildTransferFunctionScriptingTraits (0ms)
		AnalyzeDomain (19ms)
			TypeCache.Refresh (9ms)
				TypeCache.ScanAssembly (0ms)
			ScanForSourceGeneratedMonoScriptInfo (0ms)
			ResolveRequiredComponents (7ms)
	FinalizeReload (1382ms)
		ReleaseScriptCaches (0ms)
		RebuildScriptCaches (0ms)
		SetupLoadedEditorAssemblies (628ms)
			LogAssemblyErrors (0ms)
			InitializePlatformSupportModulesInManaged (11ms)
			SetLoadedEditorAssemblies (6ms)
			RefreshPlugins (0ms)
			BeforeProcessingInitializeOnLoad (98ms)
			ProcessInitializeOnLoadAttributes (465ms)
			ProcessInitializeOnLoadMethodAttributes (40ms)
			AfterProcessingInitializeOnLoad (8ms)
			EditorAssembliesLoaded (0ms)
		ExecutionOrderSort2 (0ms)
		AwakeInstancesAfterBackupRestoration (20ms)
Refreshing native plugins compatible for Editor in 4.39 ms, found 3 plugins.
Preloading 0 native plugins for Editor in 0.00 ms.
Unloading 3075 Unused Serialized files (Serialized files now loaded: 0)
Unloading 22 unused Assets / (30.1 KB). Loaded Objects now: 3599.
Memory consumption went from 128.7 MB to 128.7 MB.
Total: 4.203500 ms (FindLiveObjects: 0.314300 ms CreateObjectMapping: 0.210300 ms MarkObjects: 3.613100 ms  DeleteObjects: 0.063900 ms)

Prepare: number of updated asset objects reloaded= 0
AssetImportParameters requested are different than current active one (requested -> active):
  custom:container-demuxer-ogg: 62fdf1f143b41e24485cea50d1cbac27 -> 
  custom:video-decoder-ogg-theora: a1e56fd34408186e4bbccfd4996cb3dc -> 
  custom:framework-win-MediaFoundation: 216162199b28c13a410421893ffa2e32 -> 
  custom:CustomObjectIndexerAttribute: 756ad292c208cfabdd7b50bc23989ffe -> 
  custom:container-demuxer-webm: 4f35f7cbe854078d1ac9338744f61a02 -> 
  custom:container-muxer-webm: aa71ff27fc2769a1b78a27578f13a17b -> 
  custom:video-decoder-webm-vp8: 9c59270c3fd7afecdb556c50c9e8de78 -> 
  custom:SearchIndexIgnoredProperties: e643bd26f0fe6173181afceb89e7c659 -> 
  custom:AudioImporter_EditorPlatform: d09bf68614088b80899f8185d706f6e7 -> 
  custom:video-encoder-webm-vp8: eb34c28f22e8b96e1ab97ce403110664 -> 
  custom:audio-decoder-ogg-vorbis: bf7c407c2cedff20999df2af8eb42d56 -> 
  custom:audio-encoder-webm-vorbis: bf7c407c2cedff20999df2af8eb42d56 -> 
========================================================================
Received Import Request.
  Time since last request: 342.945813 seconds.
  path: Assets/Low Poly Environment Starter Kit/Prefabs/Standard/Rocks/Rock 2.prefab
  artifactKey: Guid(57ed58afc8891834b9b6c7ad9b867e4b) Importer(815301076,1909f56bfc062723c751e8b465ee728b)
Start importing Assets/Low Poly Environment Starter Kit/Prefabs/Standard/Rocks/Rock 2.prefab using Guid(57ed58afc8891834b9b6c7ad9b867e4b) Importer(815301076,1909f56bfc062723c751e8b465ee728b)  -> (artifact id: '4a1f8a42eae1eca565be32df4f39806e') in 0.146616 seconds
Number of updated asset objects reloaded before import = 0
Number of asset objects unloaded after import = 18
========================================================================
Received Import Request.
  Time since last request: 0.000026 seconds.
  path: Assets/Low Poly Environment Starter Kit/Prefabs/Standard/Rocks/Rock Arc.prefab
  artifactKey: Guid(d0874652e7282494290c9333639e8283) Importer(815301076,1909f56bfc062723c751e8b465ee728b)
Start importing Assets/Low Poly Environment Starter Kit/Prefabs/Standard/Rocks/Rock Arc.prefab using Guid(d0874652e7282494290c9333639e8283) Importer(815301076,1909f56bfc062723c751e8b465ee728b)  -> (artifact id: 'e71cf09390083b902865041cc99e41b4') in 0.016862 seconds
Number of updated asset objects reloaded before import = 0
Number of asset objects unloaded after import = 18
========================================================================
Received Import Request.
  Time since last request: 0.000035 seconds.
  path: Assets/Low Poly Environment Starter Kit/Prefabs/Standard/Rocks/Rock Pile 3.prefab
  artifactKey: Guid(9f3f4f94fd06fb147ae11524a3cc1001) Importer(815301076,1909f56bfc062723c751e8b465ee728b)
Start importing Assets/Low Poly Environment Starter Kit/Prefabs/Standard/Rocks/Rock Pile 3.prefab using Guid(9f3f4f94fd06fb147ae11524a3cc1001) Importer(815301076,1909f56bfc062723c751e8b465ee728b)  -> (artifact id: '73317210390344424be3428e237eecfc') in 0.018395 seconds
Number of updated asset objects reloaded before import = 0
Number of asset objects unloaded after import = 18
========================================================================
Received Import Request.
  Time since last request: 0.000021 seconds.
  path: Assets/Low Poly Environment Starter Kit/Prefabs/Standard/Rocks/Rock 3.prefab
  artifactKey: Guid(91282258dc9de664abe80049a519ddea) Importer(815301076,1909f56bfc062723c751e8b465ee728b)
Start importing Assets/Low Poly Environment Starter Kit/Prefabs/Standard/Rocks/Rock 3.prefab using Guid(91282258dc9de664abe80049a519ddea) Importer(815301076,1909f56bfc062723c751e8b465ee728b)  -> (artifact id: 'f4c7448ad06aefe1a0099d01bdf495a1') in 0.018766 seconds
Number of updated asset objects reloaded before import = 0
Number of asset objects unloaded after import = 18
========================================================================
Received Import Request.
  Time since last request: 0.000026 seconds.
  path: Assets/Low Poly Environment Starter Kit/Prefabs/Standard/Rocks/Rock 5.prefab
  artifactKey: Guid(0809901cc7328194c9e48b6df1696026) Importer(815301076,1909f56bfc062723c751e8b465ee728b)
Start importing Assets/Low Poly Environment Starter Kit/Prefabs/Standard/Rocks/Rock 5.prefab using Guid(0809901cc7328194c9e48b6df1696026) Importer(815301076,1909f56bfc062723c751e8b465ee728b)  -> (artifact id: '1905bfb9e1522f973e78911af855c738') in 0.020418 seconds
Number of updated asset objects reloaded before import = 0
Number of asset objects unloaded after import = 18
========================================================================
Received Import Request.
  Time since last request: 0.000020 seconds.
  path: Assets/Low Poly Environment Starter Kit/Prefabs/Standard/Rocks/Rock Pile 2.prefab
  artifactKey: Guid(d2f665b7036709b4ea1c58074942c454) Importer(815301076,1909f56bfc062723c751e8b465ee728b)
Start importing Assets/Low Poly Environment Starter Kit/Prefabs/Standard/Rocks/Rock Pile 2.prefab using Guid(d2f665b7036709b4ea1c58074942c454) Importer(815301076,1909f56bfc062723c751e8b465ee728b)  -> (artifact id: '48a42171292cf542e0c55753900a69e1') in 0.017967 seconds
Number of updated asset objects reloaded before import = 0
Number of asset objects unloaded after import = 18
========================================================================
Received Import Request.
  Time since last request: 0.000021 seconds.
  path: Assets/Low Poly Environment Starter Kit/Prefabs/Standard/Rocks/Rock 12.prefab
  artifactKey: Guid(bbc46a8efcf46a2459b48a84ee343f41) Importer(815301076,1909f56bfc062723c751e8b465ee728b)
Start importing Assets/Low Poly Environment Starter Kit/Prefabs/Standard/Rocks/Rock 12.prefab using Guid(bbc46a8efcf46a2459b48a84ee343f41) Importer(815301076,1909f56bfc062723c751e8b465ee728b)  -> (artifact id: '4d688be75acff9f9fec47d915454dbd1') in 0.017849 seconds
Number of updated asset objects reloaded before import = 0
Number of asset objects unloaded after import = 17
========================================================================
Received Import Request.
  Time since last request: 3.246713 seconds.
  path: Assets/Low Poly Environment Starter Kit/Prefabs/URP/Rocks/Rock 2.prefab
  artifactKey: Guid(f1171190d8969d445b0d36f4130e0ec4) Importer(815301076,1909f56bfc062723c751e8b465ee728b)
Start importing Assets/Low Poly Environment Starter Kit/Prefabs/URP/Rocks/Rock 2.prefab using Guid(f1171190d8969d445b0d36f4130e0ec4) Importer(815301076,1909f56bfc062723c751e8b465ee728b)  -> (artifact id: '51b4d01f4a73bd9dd7c38cb3cce4d4c0') in 0.018164 seconds
Number of updated asset objects reloaded before import = 0
Number of asset objects unloaded after import = 18
========================================================================
Received Import Request.
  Time since last request: 0.000022 seconds.
  path: Assets/Low Poly Environment Starter Kit/Prefabs/URP/Rocks/Rock 4.prefab
  artifactKey: Guid(c033eb3bc0a9def44baaffe74145799b) Importer(815301076,1909f56bfc062723c751e8b465ee728b)
Start importing Assets/Low Poly Environment Starter Kit/Prefabs/URP/Rocks/Rock 4.prefab using Guid(c033eb3bc0a9def44baaffe74145799b) Importer(815301076,1909f56bfc062723c751e8b465ee728b)  -> (artifact id: 'aa166bbda0b1fb10bdc462adc4ff7e28') in 0.017344 seconds
Number of updated asset objects reloaded before import = 0
Number of asset objects unloaded after import = 18
========================================================================
Received Import Request.
  Time since last request: 0.000029 seconds.
  path: Assets/Low Poly Environment Starter Kit/Prefabs/URP/Rocks/Rock 6.prefab
  artifactKey: Guid(873df5bb50a2df04c9c3d7abfe84c10a) Importer(815301076,1909f56bfc062723c751e8b465ee728b)
Start importing Assets/Low Poly Environment Starter Kit/Prefabs/URP/Rocks/Rock 6.prefab using Guid(873df5bb50a2df04c9c3d7abfe84c10a) Importer(815301076,1909f56bfc062723c751e8b465ee728b)  -> (artifact id: 'b31ef80ee0946e0b5c045c42a2f498ff') in 0.017079 seconds
Number of updated asset objects reloaded before import = 0
Number of asset objects unloaded after import = 18
========================================================================
Received Import Request.
  Time since last request: 0.000024 seconds.
  path: Assets/Low Poly Environment Starter Kit/Prefabs/URP/Rocks/Rock 8.prefab
  artifactKey: Guid(9bc01b0a028112c40832d6c99d6c4b85) Importer(815301076,1909f56bfc062723c751e8b465ee728b)
Start importing Assets/Low Poly Environment Starter Kit/Prefabs/URP/Rocks/Rock 8.prefab using Guid(9bc01b0a028112c40832d6c99d6c4b85) Importer(815301076,1909f56bfc062723c751e8b465ee728b)  -> (artifact id: '992498f5d5cf01c4c0a6a21e3488110f') in 0.018690 seconds
Number of updated asset objects reloaded before import = 0
Number of asset objects unloaded after import = 18
========================================================================
Received Import Request.
  Time since last request: 0.000024 seconds.
  path: Assets/Low Poly Environment Starter Kit/Prefabs/URP/Rocks/Rock 10.prefab
  artifactKey: Guid(2e0ae76798a79ef4990fbd097827b42e) Importer(815301076,1909f56bfc062723c751e8b465ee728b)
Start importing Assets/Low Poly Environment Starter Kit/Prefabs/URP/Rocks/Rock 10.prefab using Guid(2e0ae76798a79ef4990fbd097827b42e) Importer(815301076,1909f56bfc062723c751e8b465ee728b)  -> (artifact id: 'b70f2579aef0e8a9207f184234887d45') in 0.018499 seconds
Number of updated asset objects reloaded before import = 0
Number of asset objects unloaded after import = 18
========================================================================
Received Import Request.
  Time since last request: 0.000027 seconds.
  path: Assets/Low Poly Environment Starter Kit/Prefabs/URP/Rocks/Rock 12.prefab
  artifactKey: Guid(ed41a6a40091ae14f96a08fbbbda0411) Importer(815301076,1909f56bfc062723c751e8b465ee728b)
Start importing Assets/Low Poly Environment Starter Kit/Prefabs/URP/Rocks/Rock 12.prefab using Guid(ed41a6a40091ae14f96a08fbbbda0411) Importer(815301076,1909f56bfc062723c751e8b465ee728b)  -> (artifact id: '6fbec9783da2025cde8411944cbe519b') in 0.021565 seconds
Number of updated asset objects reloaded before import = 0
Number of asset objects unloaded after import = 17
========================================================================
Received Import Request.
  Time since last request: 0.000023 seconds.
  path: Assets/Low Poly Environment Starter Kit/Prefabs/URP/Rocks/Rock Pile 1.prefab
  artifactKey: Guid(9fd89c45bf7e1304088137c6ba34dbb0) Importer(815301076,1909f56bfc062723c751e8b465ee728b)
Start importing Assets/Low Poly Environment Starter Kit/Prefabs/URP/Rocks/Rock Pile 1.prefab using Guid(9fd89c45bf7e1304088137c6ba34dbb0) Importer(815301076,1909f56bfc062723c751e8b465ee728b)  -> (artifact id: 'c9c549f4a7dcbb20a8f65c7093878ad4') in 0.021927 seconds
Number of updated asset objects reloaded before import = 0
Number of asset objects unloaded after import = 18
========================================================================
Received Import Request.
  Time since last request: 0.000026 seconds.
  path: Assets/Low Poly Environment Starter Kit/Prefabs/URP/Rocks/Rock Pile 3.prefab
  artifactKey: Guid(d890e6bbaa2beb548b26a869f51f693f) Importer(815301076,1909f56bfc062723c751e8b465ee728b)
Start importing Assets/Low Poly Environment Starter Kit/Prefabs/URP/Rocks/Rock Pile 3.prefab using Guid(d890e6bbaa2beb548b26a869f51f693f) Importer(815301076,1909f56bfc062723c751e8b465ee728b)  -> (artifact id: '445c8a15f33f6de19b7d942d2b54d4f2') in 0.017492 seconds
Number of updated asset objects reloaded before import = 0
Number of asset objects unloaded after import = 18
========================================================================
Received Import Request.
  Time since last request: 9.525891 seconds.
  path: Assets/EmaceArt_LavaPlant/Skybox/SkyBox/Sky_2_Left+X.png
  artifactKey: Guid(530cdbf9e0f2f45239f957330e5cb249) Importer(815301076,1909f56bfc062723c751e8b465ee728b)
Start importing Assets/EmaceArt_LavaPlant/Skybox/SkyBox/Sky_2_Left+X.png using Guid(530cdbf9e0f2f45239f957330e5cb249) Importer(815301076,1909f56bfc062723c751e8b465ee728b)  -> (artifact id: 'b442acd185848ea97b26d6673f0c308e') in 0.035192 seconds
Number of updated asset objects reloaded before import = 0
Number of asset objects unloaded after import = 2
========================================================================
Received Import Request.
  Time since last request: 0.000024 seconds.
  path: Assets/EmaceArt_LavaPlant/Skybox/SkyBox/Sky_Up+Y.png
  artifactKey: Guid(4b733fcd5d5b54a4d8f2dff5482e0126) Importer(815301076,1909f56bfc062723c751e8b465ee728b)
Start importing Assets/EmaceArt_LavaPlant/Skybox/SkyBox/Sky_Up+Y.png using Guid(4b733fcd5d5b54a4d8f2dff5482e0126) Importer(815301076,1909f56bfc062723c751e8b465ee728b)  -> (artifact id: '4b1c54c6f6ce0952a1f668bd978d7b4a') in 0.025510 seconds
Number of updated asset objects reloaded before import = 0
Number of asset objects unloaded after import = 2
========================================================================
Received Import Request.
  Time since last request: 0.000022 seconds.
  path: Assets/EmaceArt_LavaPlant/Skybox/SkyBox/Sky_Back-Z.png
  artifactKey: Guid(ccbc3f25708ed491e86a569f0a679e73) Importer(815301076,1909f56bfc062723c751e8b465ee728b)
Start importing Assets/EmaceArt_LavaPlant/Skybox/SkyBox/Sky_Back-Z.png using Guid(ccbc3f25708ed491e86a569f0a679e73) Importer(815301076,1909f56bfc062723c751e8b465ee728b)  -> (artifact id: 'f93a5e2e212db7bbd66add4d2bc554a7') in 0.024484 seconds
Number of updated asset objects reloaded before import = 0
Number of asset objects unloaded after import = 2
========================================================================
Received Import Request.
  Time since last request: 0.000021 seconds.
  path: Assets/EmaceArt_LavaPlant/Skybox/SkyBox/Sky_5_Down-Y.png
  artifactKey: Guid(0986bee61deb042389dfc7a860a1fa3a) Importer(815301076,1909f56bfc062723c751e8b465ee728b)
Start importing Assets/EmaceArt_LavaPlant/Skybox/SkyBox/Sky_5_Down-Y.png using Guid(0986bee61deb042389dfc7a860a1fa3a) Importer(815301076,1909f56bfc062723c751e8b465ee728b)  -> (artifact id: 'c6881bd2c7ce3cb5a8987e8567046dca') in 0.026514 seconds
Number of updated asset objects reloaded before import = 0
Number of asset objects unloaded after import = 2
========================================================================
Received Import Request.
  Time since last request: 767.019528 seconds.
  path: Assets/Wand and Circles/Polygon City Free Pack - Environment and Interior/Header.png
  artifactKey: Guid(b7b60a04cdd46654bbfb8269f0ce7145) Importer(815301076,1909f56bfc062723c751e8b465ee728b)
Start importing Assets/Wand and Circles/Polygon City Free Pack - Environment and Interior/Header.png using Guid(b7b60a04cdd46654bbfb8269f0ce7145) Importer(815301076,1909f56bfc062723c751e8b465ee728b)  -> (artifact id: 'f9c676bffed0511b82fa894b7851c7b2') in 0.056613 seconds
Number of updated asset objects reloaded before import = 0
Number of asset objects unloaded after import = 3
========================================================================
Received Import Request.
  Time since last request: 2.620025 seconds.
  path: Assets/Wand and Circles/Polygon City Free Pack - Environment and Interior/Prefabs/Props/Awning 1.prefab
  artifactKey: Guid(07bf097e10bf7f04eacc639499655663) Importer(815301076,1909f56bfc062723c751e8b465ee728b)
Start importing Assets/Wand and Circles/Polygon City Free Pack - Environment and Interior/Prefabs/Props/Awning 1.prefab using Guid(07bf097e10bf7f04eacc639499655663) Importer(815301076,1909f56bfc062723c751e8b465ee728b)  -> (artifact id: '09e41a538646b84dd594b1d0956d8c7b') in 0.349717 seconds
Number of updated asset objects reloaded before import = 0
Number of asset objects unloaded after import = 11
========================================================================
Received Import Request.
  Time since last request: 0.000024 seconds.
  path: Assets/Wand and Circles/Polygon City Free Pack - Environment and Interior/Prefabs/Props/Battery.prefab
  artifactKey: Guid(12df0d05126af19479270fb722a69acb) Importer(815301076,1909f56bfc062723c751e8b465ee728b)
Start importing Assets/Wand and Circles/Polygon City Free Pack - Environment and Interior/Prefabs/Props/Battery.prefab using Guid(12df0d05126af19479270fb722a69acb) Importer(815301076,1909f56bfc062723c751e8b465ee728b)  -> (artifact id: '2c8a34acdbd07d1216247cc12105884a') in 0.040028 seconds
Number of updated asset objects reloaded before import = 0
Number of asset objects unloaded after import = 11
========================================================================
Received Import Request.
  Time since last request: 0.000034 seconds.
  path: Assets/Wand and Circles/Polygon City Free Pack - Environment and Interior/Prefabs/Props/Cupboard 1.prefab
  artifactKey: Guid(e8db974ebe3341040b8eaf2eecbabb8e) Importer(815301076,1909f56bfc062723c751e8b465ee728b)
Start importing Assets/Wand and Circles/Polygon City Free Pack - Environment and Interior/Prefabs/Props/Cupboard 1.prefab using Guid(e8db974ebe3341040b8eaf2eecbabb8e) Importer(815301076,1909f56bfc062723c751e8b465ee728b)  -> (artifact id: 'e6435cb47ed01dfb486edf10cbd7e1bf') in 0.036694 seconds
Number of updated asset objects reloaded before import = 0
Number of asset objects unloaded after import = 11
========================================================================
Received Import Request.
  Time since last request: 0.000034 seconds.
  path: Assets/Wand and Circles/Polygon City Free Pack - Environment and Interior/Prefabs/Props/Book 1.prefab
  artifactKey: Guid(2cbe4e2044f02244aacc1bd01bc68118) Importer(815301076,1909f56bfc062723c751e8b465ee728b)
Start importing Assets/Wand and Circles/Polygon City Free Pack - Environment and Interior/Prefabs/Props/Book 1.prefab using Guid(2cbe4e2044f02244aacc1bd01bc68118) Importer(815301076,1909f56bfc062723c751e8b465ee728b)  -> (artifact id: 'd5d3ac6f024de622220173366b02d218') in 0.038589 seconds
Number of updated asset objects reloaded before import = 0
Number of asset objects unloaded after import = 11
========================================================================
Received Import Request.
  Time since last request: 0.000027 seconds.
  path: Assets/Wand and Circles/Polygon City Free Pack - Environment and Interior/Prefabs/Props/Book.prefab
  artifactKey: Guid(1e8790faf0b1ad046b1707b8700fa39b) Importer(815301076,1909f56bfc062723c751e8b465ee728b)
Start importing Assets/Wand and Circles/Polygon City Free Pack - Environment and Interior/Prefabs/Props/Book.prefab using Guid(1e8790faf0b1ad046b1707b8700fa39b) Importer(815301076,1909f56bfc062723c751e8b465ee728b)  -> (artifact id: 'efaadaaed0b29bc4e51b7de62b8b215e') in 0.037811 seconds
Number of updated asset objects reloaded before import = 0
Number of asset objects unloaded after import = 11
========================================================================
Received Import Request.
  Time since last request: 0.000020 seconds.
  path: Assets/Wand and Circles/Polygon City Free Pack - Environment and Interior/Prefabs/Props/List 5.prefab
  artifactKey: Guid(04afd6bbd04c75b4f9f689f86f59c1bb) Importer(815301076,1909f56bfc062723c751e8b465ee728b)
Start importing Assets/Wand and Circles/Polygon City Free Pack - Environment and Interior/Prefabs/Props/List 5.prefab using Guid(04afd6bbd04c75b4f9f689f86f59c1bb) Importer(815301076,1909f56bfc062723c751e8b465ee728b)  -> (artifact id: '79287c354ba5e4fbfab1402c98909fc8') in 0.039845 seconds
Number of updated asset objects reloaded before import = 0
Number of asset objects unloaded after import = 11
========================================================================
Received Import Request.
  Time since last request: 0.000028 seconds.
  path: Assets/Wand and Circles/Polygon City Free Pack - Environment and Interior/Prefabs/Props/Curtains 1.prefab
  artifactKey: Guid(f2a6796b117e92a42aa70e7d447728f9) Importer(815301076,1909f56bfc062723c751e8b465ee728b)
Start importing Assets/Wand and Circles/Polygon City Free Pack - Environment and Interior/Prefabs/Props/Curtains 1.prefab using Guid(f2a6796b117e92a42aa70e7d447728f9) Importer(815301076,1909f56bfc062723c751e8b465ee728b)  -> (artifact id: '6eb37bec9b2e7b1ceb36c01a4d448471') in 0.039288 seconds
Number of updated asset objects reloaded before import = 0
Number of asset objects unloaded after import = 11
========================================================================
Received Import Request.
  Time since last request: 0.000022 seconds.
  path: Assets/Wand and Circles/Polygon City Free Pack - Environment and Interior/Prefabs/Props/Barrel 4.prefab
  artifactKey: Guid(f16e4caecb55b0b489beca4bedc29547) Importer(815301076,1909f56bfc062723c751e8b465ee728b)
Start importing Assets/Wand and Circles/Polygon City Free Pack - Environment and Interior/Prefabs/Props/Barrel 4.prefab using Guid(f16e4caecb55b0b489beca4bedc29547) Importer(815301076,1909f56bfc062723c751e8b465ee728b)  -> (artifact id: 'ad9ac80134fbf5d0d21b58abfc370833') in 0.038125 seconds
Number of updated asset objects reloaded before import = 0
Number of asset objects unloaded after import = 11
========================================================================
Received Import Request.
  Time since last request: 0.000028 seconds.
  path: Assets/Wand and Circles/Polygon City Free Pack - Environment and Interior/Prefabs/Props/Electric pole.prefab
  artifactKey: Guid(a3e635465fb6fd24fb52f0273c0b42ef) Importer(815301076,1909f56bfc062723c751e8b465ee728b)
Start importing Assets/Wand and Circles/Polygon City Free Pack - Environment and Interior/Prefabs/Props/Electric pole.prefab using Guid(a3e635465fb6fd24fb52f0273c0b42ef) Importer(815301076,1909f56bfc062723c751e8b465ee728b)  -> (artifact id: 'fb321a5d4a659f89df58dc55d47361cb') in 0.041131 seconds
Number of updated asset objects reloaded before import = 0
Number of asset objects unloaded after import = 11
========================================================================
Received Import Request.
  Time since last request: 0.000046 seconds.
  path: Assets/Wand and Circles/Polygon City Free Pack - Environment and Interior/Prefabs/Props/Awning 2.prefab
  artifactKey: Guid(2f44a6ca4e2a56c42afd9783843dc4d6) Importer(815301076,1909f56bfc062723c751e8b465ee728b)
Start importing Assets/Wand and Circles/Polygon City Free Pack - Environment and Interior/Prefabs/Props/Awning 2.prefab using Guid(2f44a6ca4e2a56c42afd9783843dc4d6) Importer(815301076,1909f56bfc062723c751e8b465ee728b)  -> (artifact id: '82e52cb05b7acb52910cc71c483a9935') in 0.037421 seconds
Number of updated asset objects reloaded before import = 0
Number of asset objects unloaded after import = 11
========================================================================
Received Import Request.
  Time since last request: 0.000019 seconds.
  path: Assets/Wand and Circles/Polygon City Free Pack - Environment and Interior/Prefabs/Props/Cupboard 2.prefab
  artifactKey: Guid(446a8e23d121b8e4f937369a5a80006b) Importer(815301076,1909f56bfc062723c751e8b465ee728b)
Start importing Assets/Wand and Circles/Polygon City Free Pack - Environment and Interior/Prefabs/Props/Cupboard 2.prefab using Guid(446a8e23d121b8e4f937369a5a80006b) Importer(815301076,1909f56bfc062723c751e8b465ee728b)  -> (artifact id: '87126b43270dae7e77f2ede53a6937df') in 0.037033 seconds
Number of updated asset objects reloaded before import = 0
Number of asset objects unloaded after import = 11
========================================================================
Received Import Request.
  Time since last request: 0.000020 seconds.
  path: Assets/Wand and Circles/Polygon City Free Pack - Environment and Interior/Prefabs/Props/Cupboard.prefab
  artifactKey: Guid(fda8a4d4e28ea4e4e8e6046ec86a4767) Importer(815301076,1909f56bfc062723c751e8b465ee728b)
Start importing Assets/Wand and Circles/Polygon City Free Pack - Environment and Interior/Prefabs/Props/Cupboard.prefab using Guid(fda8a4d4e28ea4e4e8e6046ec86a4767) Importer(815301076,1909f56bfc062723c751e8b465ee728b)  -> (artifact id: '3f794f791071aa1eab009f1fb344e05e') in 0.038780 seconds
Number of updated asset objects reloaded before import = 0
Number of asset objects unloaded after import = 11
========================================================================
Received Import Request.
  Time since last request: 0.000027 seconds.
  path: Assets/Wand and Circles/Polygon City Free Pack - Environment and Interior/Prefabs/Props/Chair.prefab
  artifactKey: Guid(599e8e453ec32e34dac9e5ad2435e71c) Importer(815301076,1909f56bfc062723c751e8b465ee728b)
Start importing Assets/Wand and Circles/Polygon City Free Pack - Environment and Interior/Prefabs/Props/Chair.prefab using Guid(599e8e453ec32e34dac9e5ad2435e71c) Importer(815301076,1909f56bfc062723c751e8b465ee728b)  -> (artifact id: '2c1649cd93184fb94424596a76cbfb1b') in 0.042573 seconds
Number of updated asset objects reloaded before import = 0
Number of asset objects unloaded after import = 11
========================================================================
Received Import Request.
  Time since last request: 0.000028 seconds.
  path: Assets/Wand and Circles/Polygon City Free Pack - Environment and Interior/Prefabs/Props/Nightstand 1.prefab
  artifactKey: Guid(8f8a21499f9d629448e89209e679ffb6) Importer(815301076,1909f56bfc062723c751e8b465ee728b)
Start importing Assets/Wand and Circles/Polygon City Free Pack - Environment and Interior/Prefabs/Props/Nightstand 1.prefab using Guid(8f8a21499f9d629448e89209e679ffb6) Importer(815301076,1909f56bfc062723c751e8b465ee728b)  -> (artifact id: '447edc190f3f394920497493e8f47c5b') in 0.037275 seconds
Number of updated asset objects reloaded before import = 0
Number of asset objects unloaded after import = 11
========================================================================
Received Import Request.
  Time since last request: 0.000024 seconds.
  path: Assets/Wand and Circles/Polygon City Free Pack - Environment and Interior/Prefabs/Props/Box 3.prefab
  artifactKey: Guid(e789afaff5a84fc4d97c4b23d69ccb47) Importer(815301076,1909f56bfc062723c751e8b465ee728b)
Start importing Assets/Wand and Circles/Polygon City Free Pack - Environment and Interior/Prefabs/Props/Box 3.prefab using Guid(e789afaff5a84fc4d97c4b23d69ccb47) Importer(815301076,1909f56bfc062723c751e8b465ee728b)  -> (artifact id: '255ae93839fe727489f16f1434079c65') in 0.056639 seconds
Number of updated asset objects reloaded before import = 0
Number of asset objects unloaded after import = 11
========================================================================
Received Import Request.
  Time since last request: 0.000035 seconds.
  path: Assets/Wand and Circles/Polygon City Free Pack - Environment and Interior/Prefabs/Props/Barrel 1.prefab
  artifactKey: Guid(fff4e5e4aefa66e4b9dfcbe9839a687e) Importer(815301076,1909f56bfc062723c751e8b465ee728b)
Start importing Assets/Wand and Circles/Polygon City Free Pack - Environment and Interior/Prefabs/Props/Barrel 1.prefab using Guid(fff4e5e4aefa66e4b9dfcbe9839a687e) Importer(815301076,1909f56bfc062723c751e8b465ee728b)  -> (artifact id: '0443b49a77e009e118895328626ba43b') in 0.037783 seconds
Number of updated asset objects reloaded before import = 0
Number of asset objects unloaded after import = 11
========================================================================
Received Import Request.
  Time since last request: 0.000026 seconds.
  path: Assets/Wand and Circles/Polygon City Free Pack - Environment and Interior/Prefabs/Props/Bench 1.prefab
  artifactKey: Guid(0f0554495f4250448907c4ed18b9c25e) Importer(815301076,1909f56bfc062723c751e8b465ee728b)
Start importing Assets/Wand and Circles/Polygon City Free Pack - Environment and Interior/Prefabs/Props/Bench 1.prefab using Guid(0f0554495f4250448907c4ed18b9c25e) Importer(815301076,1909f56bfc062723c751e8b465ee728b)  -> (artifact id: '487f3b651e223243c8a18386a722c023') in 0.040348 seconds
Number of updated asset objects reloaded before import = 0
Number of asset objects unloaded after import = 11
========================================================================
Received Import Request.
  Time since last request: 0.000020 seconds.
  path: Assets/Wand and Circles/Polygon City Free Pack - Environment and Interior/Prefabs/Props/Electric pole 1.prefab
  artifactKey: Guid(920207195d0c93943be182a86eac11d3) Importer(815301076,1909f56bfc062723c751e8b465ee728b)
Start importing Assets/Wand and Circles/Polygon City Free Pack - Environment and Interior/Prefabs/Props/Electric pole 1.prefab using Guid(920207195d0c93943be182a86eac11d3) Importer(815301076,1909f56bfc062723c751e8b465ee728b)  -> (artifact id: '78978f5d1172d47569eeb6607b70d41d') in 0.043796 seconds
Number of updated asset objects reloaded before import = 0
Number of asset objects unloaded after import = 11
========================================================================
Received Import Request.
  Time since last request: 0.000031 seconds.
  path: Assets/Wand and Circles/Polygon City Free Pack - Environment and Interior/Prefabs/Props/Pallet.prefab
  artifactKey: Guid(dd11050be8051f5419100fbcbf626e87) Importer(815301076,1909f56bfc062723c751e8b465ee728b)
Start importing Assets/Wand and Circles/Polygon City Free Pack - Environment and Interior/Prefabs/Props/Pallet.prefab using Guid(dd11050be8051f5419100fbcbf626e87) Importer(815301076,1909f56bfc062723c751e8b465ee728b)  -> (artifact id: '472c16240a07d1c583c02fd343973d0a') in 0.040196 seconds
Number of updated asset objects reloaded before import = 0
Number of asset objects unloaded after import = 11
========================================================================
Received Import Request.
  Time since last request: 0.000027 seconds.
  path: Assets/Wand and Circles/Polygon City Free Pack - Environment and Interior/Prefabs/Props/Sink.prefab
  artifactKey: Guid(8384570be1cda2f469fe9fb0cfa14dcf) Importer(815301076,1909f56bfc062723c751e8b465ee728b)
Start importing Assets/Wand and Circles/Polygon City Free Pack - Environment and Interior/Prefabs/Props/Sink.prefab using Guid(8384570be1cda2f469fe9fb0cfa14dcf) Importer(815301076,1909f56bfc062723c751e8b465ee728b)  -> (artifact id: 'b753cd3309363f91ccb013c0e9e4bd96') in 0.042076 seconds
Number of updated asset objects reloaded before import = 0
Number of asset objects unloaded after import = 11
========================================================================
Received Import Request.
  Time since last request: 0.000026 seconds.
  path: Assets/Wand and Circles/Polygon City Free Pack - Environment and Interior/Prefabs/Props/Light.prefab
  artifactKey: Guid(a90d7daea184ae8419eedab1f4729247) Importer(815301076,1909f56bfc062723c751e8b465ee728b)
Start importing Assets/Wand and Circles/Polygon City Free Pack - Environment and Interior/Prefabs/Props/Light.prefab using Guid(a90d7daea184ae8419eedab1f4729247) Importer(815301076,1909f56bfc062723c751e8b465ee728b)  -> (artifact id: 'eb2108377d326f98686b5e1bc5fd89d6') in 0.042660 seconds
Number of updated asset objects reloaded before import = 0
Number of asset objects unloaded after import = 13
========================================================================
Received Import Request.
  Time since last request: 0.000035 seconds.
  path: Assets/Wand and Circles/Polygon City Free Pack - Environment and Interior/Prefabs/Props/Door 1.prefab
  artifactKey: Guid(7e5df01eff461484683f1acd930b6d53) Importer(815301076,1909f56bfc062723c751e8b465ee728b)
Start importing Assets/Wand and Circles/Polygon City Free Pack - Environment and Interior/Prefabs/Props/Door 1.prefab using Guid(7e5df01eff461484683f1acd930b6d53) Importer(815301076,1909f56bfc062723c751e8b465ee728b)  -> (artifact id: '2b078c775d2f5e074315d02dfdb207a7') in 0.038284 seconds
Number of updated asset objects reloaded before import = 0
Number of asset objects unloaded after import = 11
========================================================================
Received Import Request.
  Time since last request: 0.000025 seconds.
  path: Assets/Wand and Circles/Polygon City Free Pack - Environment and Interior/Prefabs/Props/Bath.prefab
  artifactKey: Guid(7fb2cfb6c1dd3524abc5badb8f7da2fc) Importer(815301076,1909f56bfc062723c751e8b465ee728b)
Start importing Assets/Wand and Circles/Polygon City Free Pack - Environment and Interior/Prefabs/Props/Bath.prefab using Guid(7fb2cfb6c1dd3524abc5badb8f7da2fc) Importer(815301076,1909f56bfc062723c751e8b465ee728b)  -> (artifact id: '8ac791d396df323e3c344d06c52368ee') in 0.052704 seconds
Number of updated asset objects reloaded before import = 0
Number of asset objects unloaded after import = 11
========================================================================
Received Import Request.
  Time since last request: 0.000032 seconds.
  path: Assets/Wand and Circles/Polygon City Free Pack - Environment and Interior/Prefabs/Props/Nightstand.prefab
  artifactKey: Guid(35e6f7766184fad4bb4d90c201beee78) Importer(815301076,1909f56bfc062723c751e8b465ee728b)
Start importing Assets/Wand and Circles/Polygon City Free Pack - Environment and Interior/Prefabs/Props/Nightstand.prefab using Guid(35e6f7766184fad4bb4d90c201beee78) Importer(815301076,1909f56bfc062723c751e8b465ee728b)  -> (artifact id: '6998b63c5fccf4394c504768577e50bf') in 0.042214 seconds
Number of updated asset objects reloaded before import = 0
Number of asset objects unloaded after import = 11
========================================================================
Received Import Request.
  Time since last request: 0.000030 seconds.
  path: Assets/Wand and Circles/Polygon City Free Pack - Environment and Interior/Prefabs/Props/List 3.prefab
  artifactKey: Guid(ced3ba66be2e0d54fafc23d462f82d07) Importer(815301076,1909f56bfc062723c751e8b465ee728b)
Start importing Assets/Wand and Circles/Polygon City Free Pack - Environment and Interior/Prefabs/Props/List 3.prefab using Guid(ced3ba66be2e0d54fafc23d462f82d07) Importer(815301076,1909f56bfc062723c751e8b465ee728b)  -> (artifact id: 'ecc949248645ca3a98a8be4b015a5938') in 0.042139 seconds
Number of updated asset objects reloaded before import = 0
Number of asset objects unloaded after import = 11
========================================================================
Received Import Request.
  Time since last request: 0.000026 seconds.
  path: Assets/Wand and Circles/Polygon City Free Pack - Environment and Interior/Prefabs/Props/Ladder 1.prefab
  artifactKey: Guid(a4eb2a9ddd78eb34e966a129ad2a37af) Importer(815301076,1909f56bfc062723c751e8b465ee728b)
Start importing Assets/Wand and Circles/Polygon City Free Pack - Environment and Interior/Prefabs/Props/Ladder 1.prefab using Guid(a4eb2a9ddd78eb34e966a129ad2a37af) Importer(815301076,1909f56bfc062723c751e8b465ee728b)  -> (artifact id: '4952790d88dfe0fac5fde6a29edf7550') in 0.042346 seconds
Number of updated asset objects reloaded before import = 0
Number of asset objects unloaded after import = 11
========================================================================
Received Import Request.
  Time since last request: 0.000024 seconds.
  path: Assets/Wand and Circles/Polygon City Free Pack - Environment and Interior/Prefabs/Props/Slate.prefab
  artifactKey: Guid(730c2f644ef5f934493f7c07e9d5902c) Importer(815301076,1909f56bfc062723c751e8b465ee728b)
Start importing Assets/Wand and Circles/Polygon City Free Pack - Environment and Interior/Prefabs/Props/Slate.prefab using Guid(730c2f644ef5f934493f7c07e9d5902c) Importer(815301076,1909f56bfc062723c751e8b465ee728b)  -> (artifact id: '7227e8f640a24bc07ecb1e6ef7288f1b') in 0.038856 seconds
Number of updated asset objects reloaded before import = 0
Number of asset objects unloaded after import = 11
========================================================================
Received Import Request.
  Time since last request: 0.000040 seconds.
  path: Assets/Wand and Circles/Polygon City Free Pack - Environment and Interior/Prefabs/Props/Elctric box.prefab
  artifactKey: Guid(87c5afd32f8830745b4d89bd7f80ec7e) Importer(815301076,1909f56bfc062723c751e8b465ee728b)
Start importing Assets/Wand and Circles/Polygon City Free Pack - Environment and Interior/Prefabs/Props/Elctric box.prefab using Guid(87c5afd32f8830745b4d89bd7f80ec7e) Importer(815301076,1909f56bfc062723c751e8b465ee728b)  -> (artifact id: 'e4ecd41ecb59fc2a0041ec30f443925f') in 0.043296 seconds
Number of updated asset objects reloaded before import = 0
Number of asset objects unloaded after import = 11
========================================================================
Received Import Request.
  Time since last request: 0.000037 seconds.
  path: Assets/Wand and Circles/Polygon City Free Pack - Environment and Interior/Prefabs/Props/Box 1.prefab
  artifactKey: Guid(03696568ac2c4044b987f5a9954f80c1) Importer(815301076,1909f56bfc062723c751e8b465ee728b)
Start importing Assets/Wand and Circles/Polygon City Free Pack - Environment and Interior/Prefabs/Props/Box 1.prefab using Guid(03696568ac2c4044b987f5a9954f80c1) Importer(815301076,1909f56bfc062723c751e8b465ee728b)  -> (artifact id: '934758fa884561eed3eba49d7dc590c4') in 0.057896 seconds
Number of updated asset objects reloaded before import = 0
Number of asset objects unloaded after import = 11
========================================================================
Received Import Request.
  Time since last request: 0.000053 seconds.
  path: Assets/Wand and Circles/Polygon City Free Pack - Environment and Interior/Prefabs/Props/Fridge.prefab
  artifactKey: Guid(d7a575db7bbe41d45840465d98cab954) Importer(815301076,1909f56bfc062723c751e8b465ee728b)
Start importing Assets/Wand and Circles/Polygon City Free Pack - Environment and Interior/Prefabs/Props/Fridge.prefab using Guid(d7a575db7bbe41d45840465d98cab954) Importer(815301076,1909f56bfc062723c751e8b465ee728b)  -> (artifact id: '348a55813a3beb8c8a07bcbf218ad11a') in 0.041158 seconds
Number of updated asset objects reloaded before import = 0
Number of asset objects unloaded after import = 11
========================================================================
Received Import Request.
  Time since last request: 0.000021 seconds.
  path: Assets/Wand and Circles/Polygon City Free Pack - Environment and Interior/Prefabs/Props/Box.prefab
  artifactKey: Guid(a647882968665e14d8ed54bbf178a156) Importer(815301076,1909f56bfc062723c751e8b465ee728b)
Start importing Assets/Wand and Circles/Polygon City Free Pack - Environment and Interior/Prefabs/Props/Box.prefab using Guid(a647882968665e14d8ed54bbf178a156) Importer(815301076,1909f56bfc062723c751e8b465ee728b)  -> (artifact id: 'c36e1ba37da973780bba9658f8e09eef') in 0.041144 seconds
Number of updated asset objects reloaded before import = 0
Number of asset objects unloaded after import = 11
========================================================================
Received Import Request.
  Time since last request: 0.000026 seconds.
  path: Assets/Wand and Circles/Polygon City Free Pack - Environment and Interior/Prefabs/Props/List 4.prefab
  artifactKey: Guid(e9be7dd7fa3c9904ea1bb289919b2ad9) Importer(815301076,1909f56bfc062723c751e8b465ee728b)
Start importing Assets/Wand and Circles/Polygon City Free Pack - Environment and Interior/Prefabs/Props/List 4.prefab using Guid(e9be7dd7fa3c9904ea1bb289919b2ad9) Importer(815301076,1909f56bfc062723c751e8b465ee728b)  -> (artifact id: '99141ba1596fbaea7287e8e9f728b056') in 0.039681 seconds
Number of updated asset objects reloaded before import = 0
Number of asset objects unloaded after import = 11
========================================================================
Received Import Request.
  Time since last request: 0.000029 seconds.
  path: Assets/Wand and Circles/Polygon City Free Pack - Environment and Interior/Prefabs/Props/Ladder.prefab
  artifactKey: Guid(a4023a85447d60345a8dfe3c3e23dd02) Importer(815301076,1909f56bfc062723c751e8b465ee728b)
Start importing Assets/Wand and Circles/Polygon City Free Pack - Environment and Interior/Prefabs/Props/Ladder.prefab using Guid(a4023a85447d60345a8dfe3c3e23dd02) Importer(815301076,1909f56bfc062723c751e8b465ee728b)  -> (artifact id: '7a45e7ecd9c16d910386850c07db70a4') in 0.040376 seconds
Number of updated asset objects reloaded before import = 0
Number of asset objects unloaded after import = 11
========================================================================
Received Import Request.
  Time since last request: 0.550869 seconds.
  path: Assets/Wand and Circles/Polygon City Free Pack - Environment and Interior/Prefabs/Props/Slate 2.prefab
  artifactKey: Guid(e26f74f67e2209848bc7d1d1abe9e033) Importer(815301076,1909f56bfc062723c751e8b465ee728b)
Start importing Assets/Wand and Circles/Polygon City Free Pack - Environment and Interior/Prefabs/Props/Slate 2.prefab using Guid(e26f74f67e2209848bc7d1d1abe9e033) Importer(815301076,1909f56bfc062723c751e8b465ee728b)  -> (artifact id: '902719ecc3922de76bdb5cb4bcf1cf50') in 0.050156 seconds
Number of updated asset objects reloaded before import = 0
Number of asset objects unloaded after import = 11
========================================================================
Received Import Request.
  Time since last request: 0.000031 seconds.
  path: Assets/Wand and Circles/Polygon City Free Pack - Environment and Interior/Prefabs/Props/Tire.prefab
  artifactKey: Guid(a9053e10e3c69b4438a945f8d8aae733) Importer(815301076,1909f56bfc062723c751e8b465ee728b)
Start importing Assets/Wand and Circles/Polygon City Free Pack - Environment and Interior/Prefabs/Props/Tire.prefab using Guid(a9053e10e3c69b4438a945f8d8aae733) Importer(815301076,1909f56bfc062723c751e8b465ee728b)  -> (artifact id: '80b6fa6ad6f002aa5d2bff511868adbc') in 0.049493 seconds
Number of updated asset objects reloaded before import = 0
Number of asset objects unloaded after import = 11
========================================================================
Received Import Request.
  Time since last request: 0.000040 seconds.
  path: Assets/Wand and Circles/Polygon City Free Pack - Environment and Interior/Prefabs/Props/Table 3.prefab
  artifactKey: Guid(bcf11769da9171e4988a45bebf019cbc) Importer(815301076,1909f56bfc062723c751e8b465ee728b)
Start importing Assets/Wand and Circles/Polygon City Free Pack - Environment and Interior/Prefabs/Props/Table 3.prefab using Guid(bcf11769da9171e4988a45bebf019cbc) Importer(815301076,1909f56bfc062723c751e8b465ee728b)  -> (artifact id: '9c90889119aa1b801da041e3b83cb8a8') in 0.036996 seconds
Number of updated asset objects reloaded before import = 0
Number of asset objects unloaded after import = 11
========================================================================
Received Import Request.
  Time since last request: 0.000036 seconds.
  path: Assets/Wand and Circles/Polygon City Free Pack - Environment and Interior/Prefabs/Props/Wooden pillar 2.prefab
  artifactKey: Guid(644adee60207e524bbca7fdb31598b14) Importer(815301076,1909f56bfc062723c751e8b465ee728b)
Start importing Assets/Wand and Circles/Polygon City Free Pack - Environment and Interior/Prefabs/Props/Wooden pillar 2.prefab using Guid(644adee60207e524bbca7fdb31598b14) Importer(815301076,1909f56bfc062723c751e8b465ee728b)  -> (artifact id: 'e01d201cf97dfa66942debcc6af9e913') in 0.037641 seconds
Number of updated asset objects reloaded before import = 0
Number of asset objects unloaded after import = 11
========================================================================
Received Import Request.
  Time since last request: 0.000031 seconds.
  path: Assets/Wand and Circles/Polygon City Free Pack - Environment and Interior/Prefabs/Props/Stand 1.prefab
  artifactKey: Guid(1a9dbdfb7024599499b52cc447be2950) Importer(815301076,1909f56bfc062723c751e8b465ee728b)
Start importing Assets/Wand and Circles/Polygon City Free Pack - Environment and Interior/Prefabs/Props/Stand 1.prefab using Guid(1a9dbdfb7024599499b52cc447be2950) Importer(815301076,1909f56bfc062723c751e8b465ee728b)  -> (artifact id: '63731511f1acba6cac40912fbae5d8e9') in 0.035744 seconds
Number of updated asset objects reloaded before import = 0
Number of asset objects unloaded after import = 11
========================================================================
Received Import Request.
  Time since last request: 0.000025 seconds.
  path: Assets/Wand and Circles/Polygon City Free Pack - Environment and Interior/Prefabs/Props/Table 1.prefab
  artifactKey: Guid(8de402e62bdbe2d4c8f5ee062868613c) Importer(815301076,1909f56bfc062723c751e8b465ee728b)
Start importing Assets/Wand and Circles/Polygon City Free Pack - Environment and Interior/Prefabs/Props/Table 1.prefab using Guid(8de402e62bdbe2d4c8f5ee062868613c) Importer(815301076,1909f56bfc062723c751e8b465ee728b)  -> (artifact id: '1359e3fb892f4e3e2b480d9bac76a8b2') in 0.036088 seconds
Number of updated asset objects reloaded before import = 0
Number of asset objects unloaded after import = 11
========================================================================
Received Import Request.
  Time since last request: 0.000028 seconds.
  path: Assets/Wand and Circles/Polygon City Free Pack - Environment and Interior/Prefabs/Props/Wooden pillar 1.prefab
  artifactKey: Guid(703867816858af04cad41372e6d1490d) Importer(815301076,1909f56bfc062723c751e8b465ee728b)
Start importing Assets/Wand and Circles/Polygon City Free Pack - Environment and Interior/Prefabs/Props/Wooden pillar 1.prefab using Guid(703867816858af04cad41372e6d1490d) Importer(815301076,1909f56bfc062723c751e8b465ee728b)  -> (artifact id: '495b6d0878088b69f5432de43f709bf4') in 0.036902 seconds
Number of updated asset objects reloaded before import = 0
Number of asset objects unloaded after import = 11
========================================================================
Received Import Request.
  Time since last request: 0.000020 seconds.
  path: Assets/Wand and Circles/Polygon City Free Pack - Environment and Interior/Prefabs/Props/Table.prefab
  artifactKey: Guid(e129e60cf32107d4d93ed950b970343b) Importer(815301076,1909f56bfc062723c751e8b465ee728b)
Start importing Assets/Wand and Circles/Polygon City Free Pack - Environment and Interior/Prefabs/Props/Table.prefab using Guid(e129e60cf32107d4d93ed950b970343b) Importer(815301076,1909f56bfc062723c751e8b465ee728b)  -> (artifact id: '457f8f4fca7b31676c83c8f2230a2b1d') in 0.034786 seconds
Number of updated asset objects reloaded before import = 0
Number of asset objects unloaded after import = 11
========================================================================
Received Import Request.
  Time since last request: 9.284190 seconds.
  path: Assets/Wand and Circles/Polygon City Free Pack - Environment and Interior/Prefabs/Desks/Desk_1.prefab
  artifactKey: Guid(8f4f7d26e599fff4d9bf78396c23e2a2) Importer(815301076,1909f56bfc062723c751e8b465ee728b)
Start importing Assets/Wand and Circles/Polygon City Free Pack - Environment and Interior/Prefabs/Desks/Desk_1.prefab using Guid(8f4f7d26e599fff4d9bf78396c23e2a2) Importer(815301076,1909f56bfc062723c751e8b465ee728b)  -> (artifact id: '1db3f0e42603e097674d8a3c117473f5') in 0.062002 seconds
Number of updated asset objects reloaded before import = 0
Number of asset objects unloaded after import = 11
========================================================================
Received Import Request.
  Time since last request: 0.000021 seconds.
  path: Assets/Wand and Circles/Polygon City Free Pack - Environment and Interior/Prefabs/Desks/Desk_26.prefab
  artifactKey: Guid(d9da5dba726a1e647b4f3dd9e7621eff) Importer(815301076,1909f56bfc062723c751e8b465ee728b)
Start importing Assets/Wand and Circles/Polygon City Free Pack - Environment and Interior/Prefabs/Desks/Desk_26.prefab using Guid(d9da5dba726a1e647b4f3dd9e7621eff) Importer(815301076,1909f56bfc062723c751e8b465ee728b)  -> (artifact id: '75bb9c891e357eafa5ee5d269e903a27') in 0.038097 seconds
Number of updated asset objects reloaded before import = 0
Number of asset objects unloaded after import = 11
========================================================================
Received Import Request.
  Time since last request: 0.000020 seconds.
  path: Assets/Wand and Circles/Polygon City Free Pack - Environment and Interior/Prefabs/Desks/Desk_25.prefab
  artifactKey: Guid(e083d28ffa768d84b80250e27bce1c19) Importer(815301076,1909f56bfc062723c751e8b465ee728b)
Start importing Assets/Wand and Circles/Polygon City Free Pack - Environment and Interior/Prefabs/Desks/Desk_25.prefab using Guid(e083d28ffa768d84b80250e27bce1c19) Importer(815301076,1909f56bfc062723c751e8b465ee728b)  -> (artifact id: 'c75716b26c4238406ced790d576108a3') in 0.038745 seconds
Number of updated asset objects reloaded before import = 0
Number of asset objects unloaded after import = 11
========================================================================
Received Import Request.
  Time since last request: 0.000031 seconds.
  path: Assets/Wand and Circles/Polygon City Free Pack - Environment and Interior/Prefabs/Desks/Desk_21.prefab
  artifactKey: Guid(2aa353b1b5b80f54f8cb335f3cf1bd11) Importer(815301076,1909f56bfc062723c751e8b465ee728b)
Start importing Assets/Wand and Circles/Polygon City Free Pack - Environment and Interior/Prefabs/Desks/Desk_21.prefab using Guid(2aa353b1b5b80f54f8cb335f3cf1bd11) Importer(815301076,1909f56bfc062723c751e8b465ee728b)  -> (artifact id: '68712755324f32600a4ff6ca528aa7c1') in 0.034314 seconds
Number of updated asset objects reloaded before import = 0
Number of asset objects unloaded after import = 11
========================================================================
Received Import Request.
  Time since last request: 0.000028 seconds.
  path: Assets/Wand and Circles/Polygon City Free Pack - Environment and Interior/Prefabs/Desks/Desk_6.prefab
  artifactKey: Guid(77704c6880c07fd4fb63294cf7477e97) Importer(815301076,1909f56bfc062723c751e8b465ee728b)
Start importing Assets/Wand and Circles/Polygon City Free Pack - Environment and Interior/Prefabs/Desks/Desk_6.prefab using Guid(77704c6880c07fd4fb63294cf7477e97) Importer(815301076,1909f56bfc062723c751e8b465ee728b)  -> (artifact id: 'd48dcbd547deab928c57ba938270a111') in 0.036445 seconds
Number of updated asset objects reloaded before import = 0
Number of asset objects unloaded after import = 11
========================================================================
Received Import Request.
  Time since last request: 0.000024 seconds.
  path: Assets/Wand and Circles/Polygon City Free Pack - Environment and Interior/Prefabs/Desks/Desk_28.prefab
  artifactKey: Guid(5324524f7f2a62145a24645612f07f7c) Importer(815301076,1909f56bfc062723c751e8b465ee728b)
Start importing Assets/Wand and Circles/Polygon City Free Pack - Environment and Interior/Prefabs/Desks/Desk_28.prefab using Guid(5324524f7f2a62145a24645612f07f7c) Importer(815301076,1909f56bfc062723c751e8b465ee728b)  -> (artifact id: '4b0d10970dc4c628d6a2552569715803') in 0.061950 seconds
Number of updated asset objects reloaded before import = 0
Number of asset objects unloaded after import = 11
========================================================================
Received Import Request.
  Time since last request: 0.000057 seconds.
  path: Assets/Wand and Circles/Polygon City Free Pack - Environment and Interior/Prefabs/Desks/Desk_5.prefab
  artifactKey: Guid(65aac078b5193c040b5233cc894122a8) Importer(815301076,1909f56bfc062723c751e8b465ee728b)
Start importing Assets/Wand and Circles/Polygon City Free Pack - Environment and Interior/Prefabs/Desks/Desk_5.prefab using Guid(65aac078b5193c040b5233cc894122a8) Importer(815301076,1909f56bfc062723c751e8b465ee728b)  -> (artifact id: 'e38b29f1c3fd28a76cba79ff0a1a7d78') in 0.044424 seconds
Number of updated asset objects reloaded before import = 0
Number of asset objects unloaded after import = 11
========================================================================
Received Import Request.
  Time since last request: 0.000025 seconds.
  path: Assets/Wand and Circles/Polygon City Free Pack - Environment and Interior/Prefabs/Desks/Desk_18.prefab
  artifactKey: Guid(b48411ebebfa4f44384b556e71184733) Importer(815301076,1909f56bfc062723c751e8b465ee728b)
Start importing Assets/Wand and Circles/Polygon City Free Pack - Environment and Interior/Prefabs/Desks/Desk_18.prefab using Guid(b48411ebebfa4f44384b556e71184733) Importer(815301076,1909f56bfc062723c751e8b465ee728b)  -> (artifact id: '36bd235d69e3df8d105c2bc206a8a007') in 0.038963 seconds
Number of updated asset objects reloaded before import = 0
Number of asset objects unloaded after import = 11
========================================================================
Received Import Request.
  Time since last request: 6.869943 seconds.
  path: Assets/Wand and Circles/Polygon City Free Pack - Environment and Interior/Prefabs/Buildings/Little angar/Walls.prefab
  artifactKey: Guid(73fb66deac9bfa54eb369e36b1a7f824) Importer(815301076,1909f56bfc062723c751e8b465ee728b)
Start importing Assets/Wand and Circles/Polygon City Free Pack - Environment and Interior/Prefabs/Buildings/Little angar/Walls.prefab using Guid(73fb66deac9bfa54eb369e36b1a7f824) Importer(815301076,1909f56bfc062723c751e8b465ee728b)  -> (artifact id: 'fe161d5ec13b63e6240fabfa5f7cdb3e') in 0.055796 seconds
Number of updated asset objects reloaded before import = 0
Number of asset objects unloaded after import = 11
Editor requested this worker to shutdown with reason: Scaling down because of idle timeout
TcpMessagingSession - receive error
AssetImportWorkerClient::OnTransportError - code=2 error=End of file
AssetImportWorker is now disconnected from the server
Process exiting
Exiting without the bug reporter. Application will terminate with return code 0